[Thu, 12 May 2016 15:39:24 EDT] Running ScrapeBookPageFromCategoriesProcess with Session Name: Top 100 stories from top 15 fandoms from all categories, May 12, 2016
[Thu, 12 May 2016 15:39:24 EDT] Scraping https://www.fanfiction.net/anime
[Thu, 12 May 2016 15:39:30 EDT] Scraping https://www.fanfiction.net/book
[Thu, 12 May 2016 15:39:34 EDT] Scraping https://www.fanfiction.net/cartoon
[Thu, 12 May 2016 15:39:38 EDT] Scraping https://www.fanfiction.net/comic
[Thu, 12 May 2016 15:39:42 EDT] Scraping https://www.fanfiction.net/game
[Thu, 12 May 2016 15:39:45 EDT] Scraping https://www.fanfiction.net/play
[Thu, 12 May 2016 15:39:48 EDT] Scraping https://www.fanfiction.net/movie
[Thu, 12 May 2016 15:39:52 EDT] Scraping https://www.fanfiction.net/tv
[Thu, 12 May 2016 15:39:55 EDT] Found 136 fandoms to scrape.
[Thu, 12 May 2016 15:39:55 EDT] Scraping https://www.fanfiction.net/anime/Naruto/?&srt=3&lan=1&r=103&p=1
[Thu, 12 May 2016 15:39:58 EDT] Scraping https://www.fanfiction.net/anime/Naruto/?&srt=3&lan=1&r=103&p=2
[Thu, 12 May 2016 15:40:04 EDT] Scraping https://www.fanfiction.net/anime/Naruto/?&srt=3&lan=1&r=103&p=3
[Thu, 12 May 2016 15:40:06 EDT] Scraping https://www.fanfiction.net/anime/Naruto/?&srt=3&lan=1&r=103&p=4
[Thu, 12 May 2016 15:40:08 EDT] Scraping https://www.fanfiction.net/anime/Naruto/?&srt=3&lan=1&r=103&p=5
[Thu, 12 May 2016 15:40:12 EDT] Scraping https://www.fanfiction.net/anime/Hetalia-Axis-Powers/?&srt=3&lan=1&r=103&p=1
[Thu, 12 May 2016 15:40:15 EDT] Scraping https://www.fanfiction.net/anime/Hetalia-Axis-Powers/?&srt=3&lan=1&r=103&p=2
[Thu, 12 May 2016 15:40:17 EDT] Scraping https://www.fanfiction.net/anime/Hetalia-Axis-Powers/?&srt=3&lan=1&r=103&p=3
[Thu, 12 May 2016 15:40:21 EDT] Scraping https://www.fanfiction.net/anime/Hetalia-Axis-Powers/?&srt=3&lan=1&r=103&p=4
[Thu, 12 May 2016 15:40:24 EDT] Scraping https://www.fanfiction.net/anime/Hetalia-Axis-Powers/?&srt=3&lan=1&r=103&p=5
[Thu, 12 May 2016 15:40:28 EDT] Scraping https://www.fanfiction.net/anime/Inuyasha/?&srt=3&lan=1&r=103&p=1
[Thu, 12 May 2016 15:40:31 EDT] Scraping https://www.fanfiction.net/anime/Inuyasha/?&srt=3&lan=1&r=103&p=2
[Thu, 12 May 2016 15:40:35 EDT] Scraping https://www.fanfiction.net/anime/Inuyasha/?&srt=3&lan=1&r=103&p=3
[Thu, 12 May 2016 15:40:39 EDT] Scraping https://www.fanfiction.net/anime/Inuyasha/?&srt=3&lan=1&r=103&p=4
[Thu, 12 May 2016 15:40:43 EDT] Scraping https://www.fanfiction.net/anime/Inuyasha/?&srt=3&lan=1&r=103&p=5
[Thu, 12 May 2016 15:40:47 EDT] Scraping https://www.fanfiction.net/anime/Bleach/?&srt=3&lan=1&r=103&p=1
[Thu, 12 May 2016 15:40:50 EDT] Scraping https://www.fanfiction.net/anime/Bleach/?&srt=3&lan=1&r=103&p=2
[Thu, 12 May 2016 15:40:54 EDT] Scraping https://www.fanfiction.net/anime/Bleach/?&srt=3&lan=1&r=103&p=3
[Thu, 12 May 2016 15:40:58 EDT] Scraping https://www.fanfiction.net/anime/Bleach/?&srt=3&lan=1&r=103&p=4
[Thu, 12 May 2016 15:41:02 EDT] Scraping https://www.fanfiction.net/anime/Bleach/?&srt=3&lan=1&r=103&p=5
[Thu, 12 May 2016 15:41:04 EDT] Scraping https://www.fanfiction.net/anime/Yu-Gi-Oh/?&srt=3&lan=1&r=103&p=1
[Thu, 12 May 2016 15:41:09 EDT] Scraping https://www.fanfiction.net/anime/Yu-Gi-Oh/?&srt=3&lan=1&r=103&p=2
[Thu, 12 May 2016 15:41:11 EDT] Scraping https://www.fanfiction.net/anime/Yu-Gi-Oh/?&srt=3&lan=1&r=103&p=3
[Thu, 12 May 2016 15:41:15 EDT] Scraping https://www.fanfiction.net/anime/Yu-Gi-Oh/?&srt=3&lan=1&r=103&p=4
[Thu, 12 May 2016 15:41:20 EDT] Scraping https://www.fanfiction.net/anime/Yu-Gi-Oh/?&srt=3&lan=1&r=103&p=5
[Thu, 12 May 2016 15:41:23 EDT] Scraping https://www.fanfiction.net/anime/Fairy-Tail/?&srt=3&lan=1&r=103&p=1
[Thu, 12 May 2016 15:41:28 EDT] Scraping https://www.fanfiction.net/anime/Fairy-Tail/?&srt=3&lan=1&r=103&p=2
[Thu, 12 May 2016 15:41:31 EDT] Scraping https://www.fanfiction.net/anime/Fairy-Tail/?&srt=3&lan=1&r=103&p=3
[Thu, 12 May 2016 15:41:34 EDT] Scraping https://www.fanfiction.net/anime/Fairy-Tail/?&srt=3&lan=1&r=103&p=4
[Thu, 12 May 2016 15:41:37 EDT] Scraping https://www.fanfiction.net/anime/Fairy-Tail/?&srt=3&lan=1&r=103&p=5
[Thu, 12 May 2016 15:41:40 EDT] Scraping https://www.fanfiction.net/anime/Dragon-Ball-Z/?&srt=3&lan=1&r=103&p=1
[Thu, 12 May 2016 15:41:43 EDT] Scraping https://www.fanfiction.net/anime/Dragon-Ball-Z/?&srt=3&lan=1&r=103&p=2
[Thu, 12 May 2016 15:41:46 EDT] Scraping https://www.fanfiction.net/anime/Dragon-Ball-Z/?&srt=3&lan=1&r=103&p=3
[Thu, 12 May 2016 15:41:50 EDT] Scraping https://www.fanfiction.net/anime/Dragon-Ball-Z/?&srt=3&lan=1&r=103&p=4
[Thu, 12 May 2016 15:41:54 EDT] Scraping https://www.fanfiction.net/anime/Dragon-Ball-Z/?&srt=3&lan=1&r=103&p=5
[Thu, 12 May 2016 15:41:58 EDT] Scraping https://www.fanfiction.net/anime/Fullmetal-Alchemist/?&srt=3&lan=1&r=103&p=1
[Thu, 12 May 2016 15:42:01 EDT] Scraping https://www.fanfiction.net/anime/Fullmetal-Alchemist/?&srt=3&lan=1&r=103&p=2
[Thu, 12 May 2016 15:42:05 EDT] Scraping https://www.fanfiction.net/anime/Fullmetal-Alchemist/?&srt=3&lan=1&r=103&p=3
[Thu, 12 May 2016 15:42:08 EDT] Scraping https://www.fanfiction.net/anime/Fullmetal-Alchemist/?&srt=3&lan=1&r=103&p=4
[Thu, 12 May 2016 15:42:10 EDT] Scraping https://www.fanfiction.net/anime/Fullmetal-Alchemist/?&srt=3&lan=1&r=103&p=5
[Thu, 12 May 2016 15:42:14 EDT] Scraping https://www.fanfiction.net/anime/Digimon/?&srt=3&lan=1&r=103&p=1
[Thu, 12 May 2016 15:42:17 EDT] Scraping https://www.fanfiction.net/anime/Digimon/?&srt=3&lan=1&r=103&p=2
[Thu, 12 May 2016 15:42:21 EDT] Scraping https://www.fanfiction.net/anime/Digimon/?&srt=3&lan=1&r=103&p=3
[Thu, 12 May 2016 15:42:24 EDT] Scraping https://www.fanfiction.net/anime/Digimon/?&srt=3&lan=1&r=103&p=4
[Thu, 12 May 2016 15:42:29 EDT] Scraping https://www.fanfiction.net/anime/Digimon/?&srt=3&lan=1&r=103&p=5
[Thu, 12 May 2016 15:42:31 EDT] Scraping https://www.fanfiction.net/anime/Gundam-Wing-AC/?&srt=3&lan=1&r=103&p=1
[Thu, 12 May 2016 15:42:36 EDT] Scraping https://www.fanfiction.net/anime/Gundam-Wing-AC/?&srt=3&lan=1&r=103&p=2
[Thu, 12 May 2016 15:42:40 EDT] Scraping https://www.fanfiction.net/anime/Gundam-Wing-AC/?&srt=3&lan=1&r=103&p=3
[Thu, 12 May 2016 15:42:44 EDT] Scraping https://www.fanfiction.net/anime/Gundam-Wing-AC/?&srt=3&lan=1&r=103&p=4
[Thu, 12 May 2016 15:42:49 EDT] Scraping https://www.fanfiction.net/anime/Gundam-Wing-AC/?&srt=3&lan=1&r=103&p=5
[Thu, 12 May 2016 15:42:51 EDT] Scraping https://www.fanfiction.net/anime/Sailor-Moon/?&srt=3&lan=1&r=103&p=1
[Thu, 12 May 2016 15:42:54 EDT] Scraping https://www.fanfiction.net/anime/Sailor-Moon/?&srt=3&lan=1&r=103&p=2
[Thu, 12 May 2016 15:42:56 EDT] Scraping https://www.fanfiction.net/anime/Sailor-Moon/?&srt=3&lan=1&r=103&p=3
[Thu, 12 May 2016 15:42:59 EDT] Scraping https://www.fanfiction.net/anime/Sailor-Moon/?&srt=3&lan=1&r=103&p=4
[Thu, 12 May 2016 15:43:04 EDT] Scraping https://www.fanfiction.net/anime/Sailor-Moon/?&srt=3&lan=1&r=103&p=5
[Thu, 12 May 2016 15:43:08 EDT] Scraping https://www.fanfiction.net/anime/One-Piece/?&srt=3&lan=1&r=103&p=1
[Thu, 12 May 2016 15:43:13 EDT] Scraping https://www.fanfiction.net/anime/One-Piece/?&srt=3&lan=1&r=103&p=2
[Thu, 12 May 2016 15:43:16 EDT] Scraping https://www.fanfiction.net/anime/One-Piece/?&srt=3&lan=1&r=103&p=3
[Thu, 12 May 2016 15:43:19 EDT] Scraping https://www.fanfiction.net/anime/One-Piece/?&srt=3&lan=1&r=103&p=4
[Thu, 12 May 2016 15:43:21 EDT] Scraping https://www.fanfiction.net/anime/One-Piece/?&srt=3&lan=1&r=103&p=5
[Thu, 12 May 2016 15:43:23 EDT] Scraping https://www.fanfiction.net/anime/Death-Note/?&srt=3&lan=1&r=103&p=1
[Thu, 12 May 2016 15:43:26 EDT] Scraping https://www.fanfiction.net/anime/Death-Note/?&srt=3&lan=1&r=103&p=2
[Thu, 12 May 2016 15:43:29 EDT] Scraping https://www.fanfiction.net/anime/Death-Note/?&srt=3&lan=1&r=103&p=3
[Thu, 12 May 2016 15:43:32 EDT] Scraping https://www.fanfiction.net/anime/Death-Note/?&srt=3&lan=1&r=103&p=4
[Thu, 12 May 2016 15:43:36 EDT] Scraping https://www.fanfiction.net/anime/Death-Note/?&srt=3&lan=1&r=103&p=5
[Thu, 12 May 2016 15:43:40 EDT] Scraping https://www.fanfiction.net/anime/Katekyo-Hitman-Reborn/?&srt=3&lan=1&r=103&p=1
[Thu, 12 May 2016 15:43:42 EDT] Scraping https://www.fanfiction.net/anime/Katekyo-Hitman-Reborn/?&srt=3&lan=1&r=103&p=2
[Thu, 12 May 2016 15:43:45 EDT] Scraping https://www.fanfiction.net/anime/Katekyo-Hitman-Reborn/?&srt=3&lan=1&r=103&p=3
[Thu, 12 May 2016 15:43:47 EDT] Scraping https://www.fanfiction.net/anime/Katekyo-Hitman-Reborn/?&srt=3&lan=1&r=103&p=4
[Thu, 12 May 2016 15:43:51 EDT] Scraping https://www.fanfiction.net/anime/Katekyo-Hitman-Reborn/?&srt=3&lan=1&r=103&p=5
[Thu, 12 May 2016 15:43:53 EDT] Scraping https://www.fanfiction.net/anime/Card-Captor-Sakura/?&srt=3&lan=1&r=103&p=1
[Thu, 12 May 2016 15:43:56 EDT] Scraping https://www.fanfiction.net/anime/Card-Captor-Sakura/?&srt=3&lan=1&r=103&p=2
[Thu, 12 May 2016 15:43:59 EDT] Scraping https://www.fanfiction.net/anime/Card-Captor-Sakura/?&srt=3&lan=1&r=103&p=3
[Thu, 12 May 2016 15:44:01 EDT] Scraping https://www.fanfiction.net/anime/Card-Captor-Sakura/?&srt=3&lan=1&r=103&p=4
[Thu, 12 May 2016 15:44:05 EDT] Scraping https://www.fanfiction.net/anime/Card-Captor-Sakura/?&srt=3&lan=1&r=103&p=5
[Thu, 12 May 2016 15:44:09 EDT] Scraping https://www.fanfiction.net/anime/Yu-Yu-Hakusho/?&srt=3&lan=1&r=103&p=1
[Thu, 12 May 2016 15:44:13 EDT] Scraping https://www.fanfiction.net/anime/Yu-Yu-Hakusho/?&srt=3&lan=1&r=103&p=2
[Thu, 12 May 2016 15:44:17 EDT] Scraping https://www.fanfiction.net/anime/Yu-Yu-Hakusho/?&srt=3&lan=1&r=103&p=3
[Thu, 12 May 2016 15:44:18 EDT] Scraping https://www.fanfiction.net/anime/Yu-Yu-Hakusho/?&srt=3&lan=1&r=103&p=4
[Thu, 12 May 2016 15:44:21 EDT] Scraping https://www.fanfiction.net/anime/Yu-Yu-Hakusho/?&srt=3&lan=1&r=103&p=5
[Thu, 12 May 2016 15:44:23 EDT] Scraping https://www.fanfiction.net/anime/Prince-of-Tennis/?&srt=3&lan=1&r=103&p=1
[Thu, 12 May 2016 15:44:27 EDT] Scraping https://www.fanfiction.net/anime/Prince-of-Tennis/?&srt=3&lan=1&r=103&p=2
[Thu, 12 May 2016 15:44:29 EDT] Scraping https://www.fanfiction.net/anime/Prince-of-Tennis/?&srt=3&lan=1&r=103&p=3
[Thu, 12 May 2016 15:44:32 EDT] Scraping https://www.fanfiction.net/anime/Prince-of-Tennis/?&srt=3&lan=1&r=103&p=4
[Thu, 12 May 2016 15:44:36 EDT] Scraping https://www.fanfiction.net/anime/Prince-of-Tennis/?&srt=3&lan=1&r=103&p=5
[Thu, 12 May 2016 15:44:39 EDT] Scraping https://www.fanfiction.net/book/Harry-Potter/?&srt=3&lan=1&r=103&p=1
[Thu, 12 May 2016 15:44:44 EDT] Scraping https://www.fanfiction.net/book/Harry-Potter/?&srt=3&lan=1&r=103&p=2
[Thu, 12 May 2016 15:44:46 EDT] Scraping https://www.fanfiction.net/book/Harry-Potter/?&srt=3&lan=1&r=103&p=3
[Thu, 12 May 2016 15:44:51 EDT] Scraping https://www.fanfiction.net/book/Harry-Potter/?&srt=3&lan=1&r=103&p=4
[Thu, 12 May 2016 15:44:54 EDT] Scraping https://www.fanfiction.net/book/Harry-Potter/?&srt=3&lan=1&r=103&p=5
[Thu, 12 May 2016 15:44:57 EDT] Scraping https://www.fanfiction.net/book/Twilight/?&srt=3&lan=1&r=103&p=1
[Thu, 12 May 2016 15:45:01 EDT] Scraping https://www.fanfiction.net/book/Twilight/?&srt=3&lan=1&r=103&p=2
[Thu, 12 May 2016 15:45:05 EDT] Scraping https://www.fanfiction.net/book/Twilight/?&srt=3&lan=1&r=103&p=3
[Thu, 12 May 2016 15:45:08 EDT] Scraping https://www.fanfiction.net/book/Twilight/?&srt=3&lan=1&r=103&p=4
[Thu, 12 May 2016 15:45:10 EDT] Scraping https://www.fanfiction.net/book/Twilight/?&srt=3&lan=1&r=103&p=5
[Thu, 12 May 2016 15:45:13 EDT] Scraping https://www.fanfiction.net/book/Percy-Jackson-and-the-Olympians/?&srt=3&lan=1&r=103&p=1
[Thu, 12 May 2016 15:45:16 EDT] Scraping https://www.fanfiction.net/book/Percy-Jackson-and-the-Olympians/?&srt=3&lan=1&r=103&p=2
[Thu, 12 May 2016 15:45:18 EDT] Scraping https://www.fanfiction.net/book/Percy-Jackson-and-the-Olympians/?&srt=3&lan=1&r=103&p=3
[Thu, 12 May 2016 15:45:21 EDT] Scraping https://www.fanfiction.net/book/Percy-Jackson-and-the-Olympians/?&srt=3&lan=1&r=103&p=4
[Thu, 12 May 2016 15:45:27 EDT] Scraping https://www.fanfiction.net/book/Percy-Jackson-and-the-Olympians/?&srt=3&lan=1&r=103&p=5
[Thu, 12 May 2016 15:45:30 EDT] Scraping https://www.fanfiction.net/book/Lord-of-the-Rings/?&srt=3&lan=1&r=103&p=1
[Thu, 12 May 2016 15:45:35 EDT] Scraping https://www.fanfiction.net/book/Lord-of-the-Rings/?&srt=3&lan=1&r=103&p=2
[Thu, 12 May 2016 15:45:39 EDT] Scraping https://www.fanfiction.net/book/Lord-of-the-Rings/?&srt=3&lan=1&r=103&p=3
[Thu, 12 May 2016 15:45:42 EDT] Scraping https://www.fanfiction.net/book/Lord-of-the-Rings/?&srt=3&lan=1&r=103&p=4
[Thu, 12 May 2016 15:45:46 EDT] Scraping https://www.fanfiction.net/book/Lord-of-the-Rings/?&srt=3&lan=1&r=103&p=5
[Thu, 12 May 2016 15:45:49 EDT] Scraping https://www.fanfiction.net/book/Hunger-Games/?&srt=3&lan=1&r=103&p=1
[Thu, 12 May 2016 15:45:52 EDT] Scraping https://www.fanfiction.net/book/Hunger-Games/?&srt=3&lan=1&r=103&p=2
[Thu, 12 May 2016 15:45:57 EDT] Scraping https://www.fanfiction.net/book/Hunger-Games/?&srt=3&lan=1&r=103&p=3
[Thu, 12 May 2016 15:46:00 EDT] Scraping https://www.fanfiction.net/book/Hunger-Games/?&srt=3&lan=1&r=103&p=4
[Thu, 12 May 2016 15:46:03 EDT] Scraping https://www.fanfiction.net/book/Hunger-Games/?&srt=3&lan=1&r=103&p=5
[Thu, 12 May 2016 15:46:08 EDT] Scraping https://www.fanfiction.net/book/Warriors/?&srt=3&lan=1&r=103&p=1
[Thu, 12 May 2016 15:46:11 EDT] Scraping https://www.fanfiction.net/book/Warriors/?&srt=3&lan=1&r=103&p=2
[Thu, 12 May 2016 15:46:15 EDT] Scraping https://www.fanfiction.net/book/Warriors/?&srt=3&lan=1&r=103&p=3
[Thu, 12 May 2016 15:46:20 EDT] Scraping https://www.fanfiction.net/book/Warriors/?&srt=3&lan=1&r=103&p=4
[Thu, 12 May 2016 15:46:22 EDT] Scraping https://www.fanfiction.net/book/Warriors/?&srt=3&lan=1&r=103&p=5
[Thu, 12 May 2016 15:46:24 EDT] Scraping https://www.fanfiction.net/book/Maximum-Ride/?&srt=3&lan=1&r=103&p=1
[Thu, 12 May 2016 15:46:28 EDT] Scraping https://www.fanfiction.net/book/Maximum-Ride/?&srt=3&lan=1&r=103&p=2
[Thu, 12 May 2016 15:46:32 EDT] Scraping https://www.fanfiction.net/book/Maximum-Ride/?&srt=3&lan=1&r=103&p=3
[Thu, 12 May 2016 15:46:34 EDT] Scraping https://www.fanfiction.net/book/Maximum-Ride/?&srt=3&lan=1&r=103&p=4
[Thu, 12 May 2016 15:46:39 EDT] Scraping https://www.fanfiction.net/book/Maximum-Ride/?&srt=3&lan=1&r=103&p=5
[Thu, 12 May 2016 15:46:41 EDT] Scraping https://www.fanfiction.net/book/Mortal-Instruments/?&srt=3&lan=1&r=103&p=1
[Thu, 12 May 2016 15:46:45 EDT] Scraping https://www.fanfiction.net/book/Mortal-Instruments/?&srt=3&lan=1&r=103&p=2
[Thu, 12 May 2016 15:46:48 EDT] Scraping https://www.fanfiction.net/book/Mortal-Instruments/?&srt=3&lan=1&r=103&p=3
[Thu, 12 May 2016 15:46:50 EDT] Scraping https://www.fanfiction.net/book/Mortal-Instruments/?&srt=3&lan=1&r=103&p=4
[Thu, 12 May 2016 15:46:53 EDT] Scraping https://www.fanfiction.net/book/Mortal-Instruments/?&srt=3&lan=1&r=103&p=5
[Thu, 12 May 2016 15:46:54 EDT] Scraping https://www.fanfiction.net/book/Chronicles-of-Narnia/?&srt=3&lan=1&r=103&p=1
[Thu, 12 May 2016 15:46:58 EDT] Scraping https://www.fanfiction.net/book/Chronicles-of-Narnia/?&srt=3&lan=1&r=103&p=2
[Thu, 12 May 2016 15:47:01 EDT] Scraping https://www.fanfiction.net/book/Chronicles-of-Narnia/?&srt=3&lan=1&r=103&p=3
[Thu, 12 May 2016 15:47:04 EDT] Scraping https://www.fanfiction.net/book/Chronicles-of-Narnia/?&srt=3&lan=1&r=103&p=4
[Thu, 12 May 2016 15:47:07 EDT] Scraping https://www.fanfiction.net/book/Chronicles-of-Narnia/?&srt=3&lan=1&r=103&p=5
[Thu, 12 May 2016 15:47:10 EDT] Scraping https://www.fanfiction.net/book/Hobbit/?&srt=3&lan=1&r=103&p=1
[Thu, 12 May 2016 15:47:15 EDT] Scraping https://www.fanfiction.net/book/Hobbit/?&srt=3&lan=1&r=103&p=2
[Thu, 12 May 2016 15:47:18 EDT] Scraping https://www.fanfiction.net/book/Hobbit/?&srt=3&lan=1&r=103&p=3
[Thu, 12 May 2016 15:47:22 EDT] Scraping https://www.fanfiction.net/book/Hobbit/?&srt=3&lan=1&r=103&p=4
[Thu, 12 May 2016 15:47:25 EDT] Scraping https://www.fanfiction.net/book/Hobbit/?&srt=3&lan=1&r=103&p=5
[Thu, 12 May 2016 15:47:27 EDT] Scraping https://www.fanfiction.net/book/Phantom-of-the-Opera/?&srt=3&lan=1&r=103&p=1
[Thu, 12 May 2016 15:47:30 EDT] Scraping https://www.fanfiction.net/book/Phantom-of-the-Opera/?&srt=3&lan=1&r=103&p=2
[Thu, 12 May 2016 15:47:33 EDT] Scraping https://www.fanfiction.net/book/Phantom-of-the-Opera/?&srt=3&lan=1&r=103&p=3
[Thu, 12 May 2016 15:47:36 EDT] Scraping https://www.fanfiction.net/book/Phantom-of-the-Opera/?&srt=3&lan=1&r=103&p=4
[Thu, 12 May 2016 15:47:40 EDT] Scraping https://www.fanfiction.net/book/Phantom-of-the-Opera/?&srt=3&lan=1&r=103&p=5
[Thu, 12 May 2016 15:47:43 EDT] Scraping https://www.fanfiction.net/book/Gossip-Girl/?&srt=3&lan=1&r=103&p=1
[Thu, 12 May 2016 15:47:44 EDT] Scraping https://www.fanfiction.net/book/Gossip-Girl/?&srt=3&lan=1&r=103&p=2
[Thu, 12 May 2016 15:47:47 EDT] Scraping https://www.fanfiction.net/book/Gossip-Girl/?&srt=3&lan=1&r=103&p=3
[Thu, 12 May 2016 15:47:49 EDT] Scraping https://www.fanfiction.net/book/Gossip-Girl/?&srt=3&lan=1&r=103&p=4
[Thu, 12 May 2016 15:47:54 EDT] Scraping https://www.fanfiction.net/book/Gossip-Girl/?&srt=3&lan=1&r=103&p=5
[Thu, 12 May 2016 15:47:57 EDT] Scraping https://www.fanfiction.net/book/Outsiders/?&srt=3&lan=1&r=103&p=1
[Thu, 12 May 2016 15:48:01 EDT] Scraping https://www.fanfiction.net/book/Outsiders/?&srt=3&lan=1&r=103&p=2
[Thu, 12 May 2016 15:48:04 EDT] Scraping https://www.fanfiction.net/book/Outsiders/?&srt=3&lan=1&r=103&p=3
[Thu, 12 May 2016 15:48:07 EDT] Scraping https://www.fanfiction.net/book/Outsiders/?&srt=3&lan=1&r=103&p=4
[Thu, 12 May 2016 15:48:11 EDT] Scraping https://www.fanfiction.net/book/Outsiders/?&srt=3&lan=1&r=103&p=5
[Thu, 12 May 2016 15:48:14 EDT] Scraping https://www.fanfiction.net/book/Song-of-the-Lioness/?&srt=3&lan=1&r=103&p=1
[Thu, 12 May 2016 15:48:17 EDT] Scraping https://www.fanfiction.net/book/Song-of-the-Lioness/?&srt=3&lan=1&r=103&p=2
[Thu, 12 May 2016 15:48:21 EDT] Scraping https://www.fanfiction.net/book/Song-of-the-Lioness/?&srt=3&lan=1&r=103&p=3
[Thu, 12 May 2016 15:48:25 EDT] Scraping https://www.fanfiction.net/book/Song-of-the-Lioness/?&srt=3&lan=1&r=103&p=4
[Thu, 12 May 2016 15:48:29 EDT] Scraping https://www.fanfiction.net/book/Song-of-the-Lioness/?&srt=3&lan=1&r=103&p=5
[Thu, 12 May 2016 15:48:30 EDT] Scraping https://www.fanfiction.net/book/Vampire-Academy/?&srt=3&lan=1&r=103&p=1
[Thu, 12 May 2016 15:48:34 EDT] Scraping https://www.fanfiction.net/book/Vampire-Academy/?&srt=3&lan=1&r=103&p=2
[Thu, 12 May 2016 15:48:37 EDT] Scraping https://www.fanfiction.net/book/Vampire-Academy/?&srt=3&lan=1&r=103&p=3
[Thu, 12 May 2016 15:48:43 EDT] Scraping https://www.fanfiction.net/book/Vampire-Academy/?&srt=3&lan=1&r=103&p=4
[Thu, 12 May 2016 15:48:44 EDT] Scraping https://www.fanfiction.net/book/Vampire-Academy/?&srt=3&lan=1&r=103&p=5
[Thu, 12 May 2016 15:48:50 EDT] Scraping https://www.fanfiction.net/book/Divergent-Trilogy/?&srt=3&lan=1&r=103&p=1
[Thu, 12 May 2016 15:48:54 EDT] Scraping https://www.fanfiction.net/book/Divergent-Trilogy/?&srt=3&lan=1&r=103&p=2
[Thu, 12 May 2016 15:48:56 EDT] Scraping https://www.fanfiction.net/book/Divergent-Trilogy/?&srt=3&lan=1&r=103&p=3
[Thu, 12 May 2016 15:48:58 EDT] Scraping https://www.fanfiction.net/book/Divergent-Trilogy/?&srt=3&lan=1&r=103&p=4
[Thu, 12 May 2016 15:49:02 EDT] Scraping https://www.fanfiction.net/book/Divergent-Trilogy/?&srt=3&lan=1&r=103&p=5
[Thu, 12 May 2016 15:49:06 EDT] Scraping https://www.fanfiction.net/book/A-song-of-Ice-and-Fire/?&srt=3&lan=1&r=103&p=1
[Thu, 12 May 2016 15:49:10 EDT] Scraping https://www.fanfiction.net/book/A-song-of-Ice-and-Fire/?&srt=3&lan=1&r=103&p=2
[Thu, 12 May 2016 15:49:12 EDT] Scraping https://www.fanfiction.net/book/A-song-of-Ice-and-Fire/?&srt=3&lan=1&r=103&p=3
[Thu, 12 May 2016 15:49:16 EDT] Scraping https://www.fanfiction.net/book/A-song-of-Ice-and-Fire/?&srt=3&lan=1&r=103&p=4
[Thu, 12 May 2016 15:49:18 EDT] Scraping https://www.fanfiction.net/book/A-song-of-Ice-and-Fire/?&srt=3&lan=1&r=103&p=5
[Thu, 12 May 2016 15:49:24 EDT] Scraping https://www.fanfiction.net/cartoon/Avatar-Last-Airbender/?&srt=3&lan=1&r=103&p=1
[Thu, 12 May 2016 15:49:27 EDT] Scraping https://www.fanfiction.net/cartoon/Avatar-Last-Airbender/?&srt=3&lan=1&r=103&p=2
[Thu, 12 May 2016 15:49:32 EDT] Scraping https://www.fanfiction.net/cartoon/Avatar-Last-Airbender/?&srt=3&lan=1&r=103&p=3
[Thu, 12 May 2016 15:49:36 EDT] Scraping https://www.fanfiction.net/cartoon/Avatar-Last-Airbender/?&srt=3&lan=1&r=103&p=4
[Thu, 12 May 2016 15:49:38 EDT] Scraping https://www.fanfiction.net/cartoon/Avatar-Last-Airbender/?&srt=3&lan=1&r=103&p=5
[Thu, 12 May 2016 15:49:42 EDT] Scraping https://www.fanfiction.net/cartoon/Teen-Titans/?&srt=3&lan=1&r=103&p=1
[Thu, 12 May 2016 15:49:45 EDT] Scraping https://www.fanfiction.net/cartoon/Teen-Titans/?&srt=3&lan=1&r=103&p=2
[Thu, 12 May 2016 15:49:49 EDT] Scraping https://www.fanfiction.net/cartoon/Teen-Titans/?&srt=3&lan=1&r=103&p=3
[Thu, 12 May 2016 15:49:52 EDT] Scraping https://www.fanfiction.net/cartoon/Teen-Titans/?&srt=3&lan=1&r=103&p=4
[Thu, 12 May 2016 15:49:53 EDT] Scraping https://www.fanfiction.net/cartoon/Teen-Titans/?&srt=3&lan=1&r=103&p=5
[Thu, 12 May 2016 15:49:58 EDT] Scraping https://www.fanfiction.net/cartoon/Transformers-Beast-Wars/?&srt=3&lan=1&r=103&p=1
[Thu, 12 May 2016 15:50:02 EDT] Scraping https://www.fanfiction.net/cartoon/Transformers-Beast-Wars/?&srt=3&lan=1&r=103&p=2
[Thu, 12 May 2016 15:50:06 EDT] Scraping https://www.fanfiction.net/cartoon/Transformers-Beast-Wars/?&srt=3&lan=1&r=103&p=3
[Thu, 12 May 2016 15:50:10 EDT] Scraping https://www.fanfiction.net/cartoon/Transformers-Beast-Wars/?&srt=3&lan=1&r=103&p=4
[Thu, 12 May 2016 15:50:14 EDT] Scraping https://www.fanfiction.net/cartoon/Transformers-Beast-Wars/?&srt=3&lan=1&r=103&p=5
[Thu, 12 May 2016 15:50:18 EDT] Scraping https://www.fanfiction.net/cartoon/My-Little-Pony/?&srt=3&lan=1&r=103&p=1
[Thu, 12 May 2016 15:50:21 EDT] Scraping https://www.fanfiction.net/cartoon/My-Little-Pony/?&srt=3&lan=1&r=103&p=2
[Thu, 12 May 2016 15:50:27 EDT] Scraping https://www.fanfiction.net/cartoon/My-Little-Pony/?&srt=3&lan=1&r=103&p=3
[Thu, 12 May 2016 15:50:30 EDT] Scraping https://www.fanfiction.net/cartoon/My-Little-Pony/?&srt=3&lan=1&r=103&p=4
[Thu, 12 May 2016 15:50:33 EDT] Scraping https://www.fanfiction.net/cartoon/My-Little-Pony/?&srt=3&lan=1&r=103&p=5
[Thu, 12 May 2016 15:50:36 EDT] Scraping https://www.fanfiction.net/cartoon/Danny-Phantom/?&srt=3&lan=1&r=103&p=1
[Thu, 12 May 2016 15:50:40 EDT] Scraping https://www.fanfiction.net/cartoon/Danny-Phantom/?&srt=3&lan=1&r=103&p=2
[Thu, 12 May 2016 15:50:44 EDT] Scraping https://www.fanfiction.net/cartoon/Danny-Phantom/?&srt=3&lan=1&r=103&p=3
[Thu, 12 May 2016 15:50:47 EDT] Scraping https://www.fanfiction.net/cartoon/Danny-Phantom/?&srt=3&lan=1&r=103&p=4
[Thu, 12 May 2016 15:50:50 EDT] Scraping https://www.fanfiction.net/cartoon/Danny-Phantom/?&srt=3&lan=1&r=103&p=5
[Thu, 12 May 2016 15:50:52 EDT] Scraping https://www.fanfiction.net/cartoon/South-Park/?&srt=3&lan=1&r=103&p=1
[Thu, 12 May 2016 15:50:55 EDT] Scraping https://www.fanfiction.net/cartoon/South-Park/?&srt=3&lan=1&r=103&p=2
[Thu, 12 May 2016 15:50:58 EDT] Scraping https://www.fanfiction.net/cartoon/South-Park/?&srt=3&lan=1&r=103&p=3
[Thu, 12 May 2016 15:51:02 EDT] Scraping https://www.fanfiction.net/cartoon/South-Park/?&srt=3&lan=1&r=103&p=4
[Thu, 12 May 2016 15:51:06 EDT] Scraping https://www.fanfiction.net/cartoon/South-Park/?&srt=3&lan=1&r=103&p=5
[Thu, 12 May 2016 15:51:09 EDT] Scraping https://www.fanfiction.net/cartoon/Young-Justice/?&srt=3&lan=1&r=103&p=1
[Thu, 12 May 2016 15:51:12 EDT] Scraping https://www.fanfiction.net/cartoon/Young-Justice/?&srt=3&lan=1&r=103&p=2
[Thu, 12 May 2016 15:51:15 EDT] Scraping https://www.fanfiction.net/cartoon/Young-Justice/?&srt=3&lan=1&r=103&p=3
[Thu, 12 May 2016 15:51:19 EDT] Scraping https://www.fanfiction.net/cartoon/Young-Justice/?&srt=3&lan=1&r=103&p=4
[Thu, 12 May 2016 15:51:22 EDT] Scraping https://www.fanfiction.net/cartoon/Young-Justice/?&srt=3&lan=1&r=103&p=5
[Thu, 12 May 2016 15:51:25 EDT] Scraping https://www.fanfiction.net/cartoon/X-Men-Evolution/?&srt=3&lan=1&r=103&p=1
[Thu, 12 May 2016 15:51:28 EDT] Scraping https://www.fanfiction.net/cartoon/X-Men-Evolution/?&srt=3&lan=1&r=103&p=2
[Thu, 12 May 2016 15:51:32 EDT] Scraping https://www.fanfiction.net/cartoon/X-Men-Evolution/?&srt=3&lan=1&r=103&p=3
[Thu, 12 May 2016 15:51:36 EDT] Scraping https://www.fanfiction.net/cartoon/X-Men-Evolution/?&srt=3&lan=1&r=103&p=4
[Thu, 12 May 2016 15:51:39 EDT] Scraping https://www.fanfiction.net/cartoon/X-Men-Evolution/?&srt=3&lan=1&r=103&p=5
[Thu, 12 May 2016 15:51:44 EDT] Scraping https://www.fanfiction.net/cartoon/Ninja-Turtles/?&srt=3&lan=1&r=103&p=1
[Thu, 12 May 2016 15:51:47 EDT] Scraping https://www.fanfiction.net/cartoon/Ninja-Turtles/?&srt=3&lan=1&r=103&p=2
[Thu, 12 May 2016 15:51:51 EDT] Scraping https://www.fanfiction.net/cartoon/Ninja-Turtles/?&srt=3&lan=1&r=103&p=3
[Thu, 12 May 2016 15:51:54 EDT] Scraping https://www.fanfiction.net/cartoon/Ninja-Turtles/?&srt=3&lan=1&r=103&p=4
[Thu, 12 May 2016 15:51:59 EDT] Scraping https://www.fanfiction.net/cartoon/Ninja-Turtles/?&srt=3&lan=1&r=103&p=5
[Thu, 12 May 2016 15:52:02 EDT] Scraping https://www.fanfiction.net/cartoon/Legend-of-Korra/?&srt=3&lan=1&r=103&p=1
[Thu, 12 May 2016 15:52:07 EDT] Scraping https://www.fanfiction.net/cartoon/Legend-of-Korra/?&srt=3&lan=1&r=103&p=2
[Thu, 12 May 2016 15:52:10 EDT] Scraping https://www.fanfiction.net/cartoon/Legend-of-Korra/?&srt=3&lan=1&r=103&p=3
[Thu, 12 May 2016 15:52:14 EDT] Scraping https://www.fanfiction.net/cartoon/Legend-of-Korra/?&srt=3&lan=1&r=103&p=4
[Thu, 12 May 2016 15:52:17 EDT] Scraping https://www.fanfiction.net/cartoon/Legend-of-Korra/?&srt=3&lan=1&r=103&p=5
[Thu, 12 May 2016 15:52:21 EDT] Scraping https://www.fanfiction.net/cartoon/Total-Drama-series/?&srt=3&lan=1&r=103&p=1
[Thu, 12 May 2016 15:52:24 EDT] Scraping https://www.fanfiction.net/cartoon/Total-Drama-series/?&srt=3&lan=1&r=103&p=2
[Thu, 12 May 2016 15:52:27 EDT] Scraping https://www.fanfiction.net/cartoon/Total-Drama-series/?&srt=3&lan=1&r=103&p=3
[Thu, 12 May 2016 15:52:29 EDT] Scraping https://www.fanfiction.net/cartoon/Total-Drama-series/?&srt=3&lan=1&r=103&p=4
[Thu, 12 May 2016 15:52:32 EDT] Scraping https://www.fanfiction.net/cartoon/Total-Drama-series/?&srt=3&lan=1&r=103&p=5
[Thu, 12 May 2016 15:52:34 EDT] Scraping https://www.fanfiction.net/cartoon/Invader-Zim/?&srt=3&lan=1&r=103&p=1
[Thu, 12 May 2016 15:52:39 EDT] Scraping https://www.fanfiction.net/cartoon/Invader-Zim/?&srt=3&lan=1&r=103&p=2
[Thu, 12 May 2016 15:52:43 EDT] Scraping https://www.fanfiction.net/cartoon/Invader-Zim/?&srt=3&lan=1&r=103&p=3
[Thu, 12 May 2016 15:52:48 EDT] Scraping https://www.fanfiction.net/cartoon/Invader-Zim/?&srt=3&lan=1&r=103&p=4
[Thu, 12 May 2016 15:52:53 EDT] Scraping https://www.fanfiction.net/cartoon/Invader-Zim/?&srt=3&lan=1&r=103&p=5
[Thu, 12 May 2016 15:52:58 EDT] Scraping https://www.fanfiction.net/cartoon/Kim-Possible/?&srt=3&lan=1&r=103&p=1
[Thu, 12 May 2016 15:53:01 EDT] Scraping https://www.fanfiction.net/cartoon/Kim-Possible/?&srt=3&lan=1&r=103&p=2
[Thu, 12 May 2016 15:53:04 EDT] Scraping https://www.fanfiction.net/cartoon/Kim-Possible/?&srt=3&lan=1&r=103&p=3
[Thu, 12 May 2016 15:53:08 EDT] Scraping https://www.fanfiction.net/cartoon/Kim-Possible/?&srt=3&lan=1&r=103&p=4
[Thu, 12 May 2016 15:53:12 EDT] Scraping https://www.fanfiction.net/cartoon/Kim-Possible/?&srt=3&lan=1&r=103&p=5
[Thu, 12 May 2016 15:53:14 EDT] Scraping https://www.fanfiction.net/cartoon/Adventure-Time-with-Finn-and-Jake/?&srt=3&lan=1&r=103&p=1
[Thu, 12 May 2016 15:53:17 EDT] Scraping https://www.fanfiction.net/cartoon/Adventure-Time-with-Finn-and-Jake/?&srt=3&lan=1&r=103&p=2
[Thu, 12 May 2016 15:53:20 EDT] Scraping https://www.fanfiction.net/cartoon/Adventure-Time-with-Finn-and-Jake/?&srt=3&lan=1&r=103&p=3
[Thu, 12 May 2016 15:53:22 EDT] Scraping https://www.fanfiction.net/cartoon/Adventure-Time-with-Finn-and-Jake/?&srt=3&lan=1&r=103&p=4
[Thu, 12 May 2016 15:53:24 EDT] Scraping https://www.fanfiction.net/cartoon/Adventure-Time-with-Finn-and-Jake/?&srt=3&lan=1&r=103&p=5
[Thu, 12 May 2016 15:53:29 EDT] Scraping https://www.fanfiction.net/cartoon/Gravity-Falls/?&srt=3&lan=1&r=103&p=1
[Thu, 12 May 2016 15:53:31 EDT] Scraping https://www.fanfiction.net/cartoon/Gravity-Falls/?&srt=3&lan=1&r=103&p=2
[Thu, 12 May 2016 15:53:35 EDT] Scraping https://www.fanfiction.net/cartoon/Gravity-Falls/?&srt=3&lan=1&r=103&p=3
[Thu, 12 May 2016 15:53:37 EDT] Scraping https://www.fanfiction.net/cartoon/Gravity-Falls/?&srt=3&lan=1&r=103&p=4
[Thu, 12 May 2016 15:53:41 EDT] Scraping https://www.fanfiction.net/cartoon/Gravity-Falls/?&srt=3&lan=1&r=103&p=5
[Thu, 12 May 2016 15:53:43 EDT] Scraping https://www.fanfiction.net/cartoon/Powerpuff-Girls/?&srt=3&lan=1&r=103&p=1
[Thu, 12 May 2016 15:53:48 EDT] Scraping https://www.fanfiction.net/cartoon/Powerpuff-Girls/?&srt=3&lan=1&r=103&p=2
[Thu, 12 May 2016 15:53:51 EDT] Scraping https://www.fanfiction.net/cartoon/Powerpuff-Girls/?&srt=3&lan=1&r=103&p=3
[Thu, 12 May 2016 15:53:56 EDT] Scraping https://www.fanfiction.net/cartoon/Powerpuff-Girls/?&srt=3&lan=1&r=103&p=4
[Thu, 12 May 2016 15:54:01 EDT] Scraping https://www.fanfiction.net/cartoon/Powerpuff-Girls/?&srt=3&lan=1&r=103&p=5
[Thu, 12 May 2016 15:54:02 EDT] Scraping https://www.fanfiction.net/cartoon/Code-Lyoko/?&srt=3&lan=1&r=103&p=1
[Thu, 12 May 2016 15:54:06 EDT] Scraping https://www.fanfiction.net/cartoon/Code-Lyoko/?&srt=3&lan=1&r=103&p=2
[Thu, 12 May 2016 15:54:09 EDT] Scraping https://www.fanfiction.net/cartoon/Code-Lyoko/?&srt=3&lan=1&r=103&p=3
[Thu, 12 May 2016 15:54:12 EDT] Scraping https://www.fanfiction.net/cartoon/Code-Lyoko/?&srt=3&lan=1&r=103&p=4
[Thu, 12 May 2016 15:54:16 EDT] Scraping https://www.fanfiction.net/cartoon/Code-Lyoko/?&srt=3&lan=1&r=103&p=5
[Thu, 12 May 2016 15:54:20 EDT] Scraping https://www.fanfiction.net/comic/Homestuck/?&srt=3&lan=1&r=103&p=1
[Thu, 12 May 2016 15:54:22 EDT] Scraping https://www.fanfiction.net/comic/Homestuck/?&srt=3&lan=1&r=103&p=2
[Thu, 12 May 2016 15:54:26 EDT] Scraping https://www.fanfiction.net/comic/Homestuck/?&srt=3&lan=1&r=103&p=3
[Thu, 12 May 2016 15:54:29 EDT] Scraping https://www.fanfiction.net/comic/Homestuck/?&srt=3&lan=1&r=103&p=4
[Thu, 12 May 2016 15:54:31 EDT] Scraping https://www.fanfiction.net/comic/Homestuck/?&srt=3&lan=1&r=103&p=5
[Thu, 12 May 2016 15:54:35 EDT] Scraping https://www.fanfiction.net/comic/Batman/?&srt=3&lan=1&r=103&p=1
[Thu, 12 May 2016 15:54:40 EDT] Scraping https://www.fanfiction.net/comic/Batman/?&srt=3&lan=1&r=103&p=2
[Thu, 12 May 2016 15:54:44 EDT] Scraping https://www.fanfiction.net/comic/Batman/?&srt=3&lan=1&r=103&p=3
[Thu, 12 May 2016 15:54:47 EDT] Scraping https://www.fanfiction.net/comic/Batman/?&srt=3&lan=1&r=103&p=4
[Thu, 12 May 2016 15:54:51 EDT] Scraping https://www.fanfiction.net/comic/Batman/?&srt=3&lan=1&r=103&p=5
[Thu, 12 May 2016 15:54:53 EDT] Scraping https://www.fanfiction.net/comic/X-Men/?&srt=3&lan=1&r=103&p=1
[Thu, 12 May 2016 15:54:56 EDT] Scraping https://www.fanfiction.net/comic/X-Men/?&srt=3&lan=1&r=103&p=2
[Thu, 12 May 2016 15:55:01 EDT] Scraping https://www.fanfiction.net/comic/X-Men/?&srt=3&lan=1&r=103&p=3
[Thu, 12 May 2016 15:55:05 EDT] Scraping https://www.fanfiction.net/comic/X-Men/?&srt=3&lan=1&r=103&p=4
[Thu, 12 May 2016 15:55:08 EDT] Scraping https://www.fanfiction.net/comic/X-Men/?&srt=3&lan=1&r=103&p=5
[Thu, 12 May 2016 15:55:10 EDT] Scraping https://www.fanfiction.net/comic/Justice-League/?&srt=3&lan=1&r=103&p=1
[Thu, 12 May 2016 15:55:14 EDT] Scraping https://www.fanfiction.net/comic/Justice-League/?&srt=3&lan=1&r=103&p=2
[Thu, 12 May 2016 15:55:16 EDT] Scraping https://www.fanfiction.net/comic/Justice-League/?&srt=3&lan=1&r=103&p=3
[Thu, 12 May 2016 15:55:20 EDT] Scraping https://www.fanfiction.net/comic/Justice-League/?&srt=3&lan=1&r=103&p=4
[Thu, 12 May 2016 15:55:25 EDT] Scraping https://www.fanfiction.net/comic/Justice-League/?&srt=3&lan=1&r=103&p=5
[Thu, 12 May 2016 15:55:29 EDT] Scraping https://www.fanfiction.net/comic/Spider-Man/?&srt=3&lan=1&r=103&p=1
[Thu, 12 May 2016 15:55:33 EDT] Scraping https://www.fanfiction.net/comic/Spider-Man/?&srt=3&lan=1&r=103&p=2
[Thu, 12 May 2016 15:55:35 EDT] Scraping https://www.fanfiction.net/comic/Spider-Man/?&srt=3&lan=1&r=103&p=3
[Thu, 12 May 2016 15:55:37 EDT] Scraping https://www.fanfiction.net/comic/Spider-Man/?&srt=3&lan=1&r=103&p=4
[Thu, 12 May 2016 15:55:42 EDT] Scraping https://www.fanfiction.net/comic/Spider-Man/?&srt=3&lan=1&r=103&p=5
[Thu, 12 May 2016 15:55:45 EDT] Scraping https://www.fanfiction.net/comic/Ironman/?&srt=3&lan=1&r=103&p=1
[Thu, 12 May 2016 15:55:49 EDT] Scraping https://www.fanfiction.net/comic/Ironman/?&srt=3&lan=1&r=103&p=2
[Thu, 12 May 2016 15:55:53 EDT] Scraping https://www.fanfiction.net/comic/Ironman/?&srt=3&lan=1&r=103&p=3
[Thu, 12 May 2016 15:55:56 EDT] Scraping https://www.fanfiction.net/comic/Ironman/?&srt=3&lan=1&r=103&p=4
[Thu, 12 May 2016 15:56:01 EDT] Scraping https://www.fanfiction.net/comic/Ironman/?&srt=3&lan=1&r=103&p=5
[Thu, 12 May 2016 15:56:05 EDT] Scraping https://www.fanfiction.net/comic/Marvel/?&srt=3&lan=1&r=103&p=1
[Thu, 12 May 2016 15:56:07 EDT] Scraping https://www.fanfiction.net/comic/Marvel/?&srt=3&lan=1&r=103&p=2
[Thu, 12 May 2016 15:56:09 EDT] Scraping https://www.fanfiction.net/comic/Marvel/?&srt=3&lan=1&r=103&p=3
[Thu, 12 May 2016 15:56:12 EDT] Scraping https://www.fanfiction.net/comic/Marvel/?&srt=3&lan=1&r=103&p=4
[Thu, 12 May 2016 15:56:16 EDT] Scraping https://www.fanfiction.net/comic/Marvel/?&srt=3&lan=1&r=103&p=5
[Thu, 12 May 2016 15:56:19 EDT] Scraping https://www.fanfiction.net/comic/DC-Superheroes/?&srt=3&lan=1&r=103&p=1
[Thu, 12 May 2016 15:56:22 EDT] Scraping https://www.fanfiction.net/comic/DC-Superheroes/?&srt=3&lan=1&r=103&p=2
[Thu, 12 May 2016 15:56:26 EDT] Scraping https://www.fanfiction.net/comic/DC-Superheroes/?&srt=3&lan=1&r=103&p=3
[Thu, 12 May 2016 15:56:30 EDT] Scraping https://www.fanfiction.net/comic/DC-Superheroes/?&srt=3&lan=1&r=103&p=4
[Thu, 12 May 2016 15:56:33 EDT] Scraping https://www.fanfiction.net/comic/DC-Superheroes/?&srt=3&lan=1&r=103&p=5
[Thu, 12 May 2016 15:56:35 EDT] Scraping https://www.fanfiction.net/comic/Avengers/?&srt=3&lan=1&r=103&p=1
[Thu, 12 May 2016 15:56:38 EDT] Scraping https://www.fanfiction.net/comic/Avengers/?&srt=3&lan=1&r=103&p=2
[Thu, 12 May 2016 15:56:40 EDT] Scraping https://www.fanfiction.net/comic/Avengers/?&srt=3&lan=1&r=103&p=3
[Thu, 12 May 2016 15:56:43 EDT] Scraping https://www.fanfiction.net/comic/Avengers/?&srt=3&lan=1&r=103&p=4
[Thu, 12 May 2016 15:56:44 EDT] Scraping https://www.fanfiction.net/comic/Avengers/?&srt=3&lan=1&r=103&p=5
[Thu, 12 May 2016 15:56:48 EDT] Scraping https://www.fanfiction.net/comic/Jhonen-Vasquez/?&srt=3&lan=1&r=103&p=1
[Thu, 12 May 2016 15:56:51 EDT] Scraping https://www.fanfiction.net/comic/Jhonen-Vasquez/?&srt=3&lan=1&r=103&p=2
[Thu, 12 May 2016 15:56:53 EDT] Scraping https://www.fanfiction.net/comic/Jhonen-Vasquez/?&srt=3&lan=1&r=103&p=3
[Thu, 12 May 2016 15:56:56 EDT] Scraping https://www.fanfiction.net/comic/Jhonen-Vasquez/?&srt=3&lan=1&r=103&p=4
[Thu, 12 May 2016 15:56:58 EDT] Scraping https://www.fanfiction.net/comic/Jhonen-Vasquez/?&srt=3&lan=1&r=103&p=5
[Thu, 12 May 2016 15:57:01 EDT] Scraping https://www.fanfiction.net/comic/Hellboy/?&srt=3&lan=1&r=103&p=1
[Thu, 12 May 2016 15:57:07 EDT] Scraping https://www.fanfiction.net/comic/Hellboy/?&srt=3&lan=1&r=103&p=2
[Thu, 12 May 2016 15:57:09 EDT] Scraping https://www.fanfiction.net/comic/Hellboy/?&srt=3&lan=1&r=103&p=3
[Thu, 12 May 2016 15:57:12 EDT] Scraping https://www.fanfiction.net/comic/Hellboy/?&srt=3&lan=1&r=103&p=4
[Thu, 12 May 2016 15:57:17 EDT] Scraping https://www.fanfiction.net/comic/Hellboy/?&srt=3&lan=1&r=103&p=5
[Thu, 12 May 2016 15:57:20 EDT] Scraping https://www.fanfiction.net/comic/Teen-Titans/?&srt=3&lan=1&r=103&p=1
[Thu, 12 May 2016 15:57:24 EDT] Scraping https://www.fanfiction.net/comic/Teen-Titans/?&srt=3&lan=1&r=103&p=2
[Thu, 12 May 2016 15:57:27 EDT] Scraping https://www.fanfiction.net/comic/Teen-Titans/?&srt=3&lan=1&r=103&p=3
[Thu, 12 May 2016 15:57:29 EDT] Scraping https://www.fanfiction.net/comic/Teen-Titans/?&srt=3&lan=1&r=103&p=4
[Thu, 12 May 2016 15:57:32 EDT] Scraping https://www.fanfiction.net/comic/Teen-Titans/?&srt=3&lan=1&r=103&p=5
[Thu, 12 May 2016 15:57:37 EDT] Scraping https://www.fanfiction.net/comic/Watchmen/?&srt=3&lan=1&r=103&p=1
[Thu, 12 May 2016 15:57:42 EDT] Scraping https://www.fanfiction.net/comic/Watchmen/?&srt=3&lan=1&r=103&p=2
[Thu, 12 May 2016 15:57:44 EDT] Scraping https://www.fanfiction.net/comic/Watchmen/?&srt=3&lan=1&r=103&p=3
[Thu, 12 May 2016 15:57:49 EDT] Scraping https://www.fanfiction.net/comic/Watchmen/?&srt=3&lan=1&r=103&p=4
[Thu, 12 May 2016 15:57:53 EDT] Scraping https://www.fanfiction.net/comic/Watchmen/?&srt=3&lan=1&r=103&p=5
[Thu, 12 May 2016 15:57:56 EDT] Scraping https://www.fanfiction.net/comic/Nightwing/?&srt=3&lan=1&r=103&p=1
[Thu, 12 May 2016 15:57:58 EDT] Scraping https://www.fanfiction.net/comic/Nightwing/?&srt=3&lan=1&r=103&p=2
[Thu, 12 May 2016 15:58:02 EDT] Scraping https://www.fanfiction.net/comic/Nightwing/?&srt=3&lan=1&r=103&p=3
[Thu, 12 May 2016 15:58:03 EDT] Scraping https://www.fanfiction.net/comic/Nightwing/?&srt=3&lan=1&r=103&p=4
[Thu, 12 May 2016 15:58:07 EDT] Scraping https://www.fanfiction.net/comic/Nightwing/?&srt=3&lan=1&r=103&p=5
[Thu, 12 May 2016 15:58:10 EDT] Scraping https://www.fanfiction.net/comic/Calvin-Hobbes/?&srt=3&lan=1&r=103&p=1
[Thu, 12 May 2016 15:58:13 EDT] Scraping https://www.fanfiction.net/comic/Calvin-Hobbes/?&srt=3&lan=1&r=103&p=2
[Thu, 12 May 2016 15:58:17 EDT] Scraping https://www.fanfiction.net/comic/Calvin-Hobbes/?&srt=3&lan=1&r=103&p=3
[Thu, 12 May 2016 15:58:19 EDT] Scraping https://www.fanfiction.net/comic/Calvin-Hobbes/?&srt=3&lan=1&r=103&p=4
[Thu, 12 May 2016 15:58:22 EDT] Scraping https://www.fanfiction.net/comic/Calvin-Hobbes/?&srt=3&lan=1&r=103&p=5
[Thu, 12 May 2016 15:58:23 EDT] Scraping https://www.fanfiction.net/comic/V-for-Vendetta/?&srt=3&lan=1&r=103&p=1
[Thu, 12 May 2016 15:58:27 EDT] Scraping https://www.fanfiction.net/comic/V-for-Vendetta/?&srt=3&lan=1&r=103&p=2
[Thu, 12 May 2016 15:58:31 EDT] Scraping https://www.fanfiction.net/comic/V-for-Vendetta/?&srt=3&lan=1&r=103&p=3
[Thu, 12 May 2016 15:58:35 EDT] Scraping https://www.fanfiction.net/comic/V-for-Vendetta/?&srt=3&lan=1&r=103&p=4
[Thu, 12 May 2016 15:58:40 EDT] Scraping https://www.fanfiction.net/comic/V-for-Vendetta/?&srt=3&lan=1&r=103&p=5
[Thu, 12 May 2016 15:58:43 EDT] Scraping https://www.fanfiction.net/comic/Superman/?&srt=3&lan=1&r=103&p=1
[Thu, 12 May 2016 15:58:44 EDT] Scraping https://www.fanfiction.net/comic/Superman/?&srt=3&lan=1&r=103&p=2
[Thu, 12 May 2016 15:58:48 EDT] Scraping https://www.fanfiction.net/comic/Superman/?&srt=3&lan=1&r=103&p=3
[Thu, 12 May 2016 15:58:49 EDT] Scraping https://www.fanfiction.net/comic/Superman/?&srt=3&lan=1&r=103&p=4
[Thu, 12 May 2016 15:58:51 EDT] Scraping https://www.fanfiction.net/comic/Superman/?&srt=3&lan=1&r=103&p=5
[Thu, 12 May 2016 15:58:53 EDT] Scraping https://www.fanfiction.net/game/Pok%C3%A9mon/?&srt=3&lan=1&r=103&p=1
[Thu, 12 May 2016 15:58:58 EDT] Scraping https://www.fanfiction.net/game/Pok%C3%A9mon/?&srt=3&lan=1&r=103&p=2
[Thu, 12 May 2016 15:59:01 EDT] Scraping https://www.fanfiction.net/game/Pok%C3%A9mon/?&srt=3&lan=1&r=103&p=3
[Thu, 12 May 2016 15:59:04 EDT] Scraping https://www.fanfiction.net/game/Pok%C3%A9mon/?&srt=3&lan=1&r=103&p=4
[Thu, 12 May 2016 15:59:08 EDT] Scraping https://www.fanfiction.net/game/Pok%C3%A9mon/?&srt=3&lan=1&r=103&p=5
[Thu, 12 May 2016 15:59:13 EDT] Scraping https://www.fanfiction.net/game/Kingdom-Hearts/?&srt=3&lan=1&r=103&p=1
[Thu, 12 May 2016 15:59:17 EDT] Scraping https://www.fanfiction.net/game/Kingdom-Hearts/?&srt=3&lan=1&r=103&p=2
[Thu, 12 May 2016 15:59:20 EDT] Scraping https://www.fanfiction.net/game/Kingdom-Hearts/?&srt=3&lan=1&r=103&p=3
[Thu, 12 May 2016 15:59:24 EDT] Scraping https://www.fanfiction.net/game/Kingdom-Hearts/?&srt=3&lan=1&r=103&p=4
[Thu, 12 May 2016 15:59:26 EDT] Scraping https://www.fanfiction.net/game/Kingdom-Hearts/?&srt=3&lan=1&r=103&p=5
[Thu, 12 May 2016 15:59:29 EDT] Scraping https://www.fanfiction.net/game/Final-Fantasy-VII/?&srt=3&lan=1&r=103&p=1
[Thu, 12 May 2016 15:59:33 EDT] Scraping https://www.fanfiction.net/game/Final-Fantasy-VII/?&srt=3&lan=1&r=103&p=2
[Thu, 12 May 2016 15:59:35 EDT] Scraping https://www.fanfiction.net/game/Final-Fantasy-VII/?&srt=3&lan=1&r=103&p=3
[Thu, 12 May 2016 15:59:38 EDT] Scraping https://www.fanfiction.net/game/Final-Fantasy-VII/?&srt=3&lan=1&r=103&p=4
[Thu, 12 May 2016 15:59:44 EDT] Scraping https://www.fanfiction.net/game/Final-Fantasy-VII/?&srt=3&lan=1&r=103&p=5
[Thu, 12 May 2016 15:59:46 EDT] Scraping https://www.fanfiction.net/game/Sonic-the-Hedgehog/?&srt=3&lan=1&r=103&p=1
[Thu, 12 May 2016 15:59:50 EDT] Scraping https://www.fanfiction.net/game/Sonic-the-Hedgehog/?&srt=3&lan=1&r=103&p=2
[Thu, 12 May 2016 15:59:54 EDT] Scraping https://www.fanfiction.net/game/Sonic-the-Hedgehog/?&srt=3&lan=1&r=103&p=3
[Thu, 12 May 2016 15:59:56 EDT] Scraping https://www.fanfiction.net/game/Sonic-the-Hedgehog/?&srt=3&lan=1&r=103&p=4
[Thu, 12 May 2016 16:00:01 EDT] Scraping https://www.fanfiction.net/game/Sonic-the-Hedgehog/?&srt=3&lan=1&r=103&p=5
[Thu, 12 May 2016 16:00:05 EDT] Scraping https://www.fanfiction.net/game/Legend-of-Zelda/?&srt=3&lan=1&r=103&p=1
[Thu, 12 May 2016 16:00:08 EDT] Scraping https://www.fanfiction.net/game/Legend-of-Zelda/?&srt=3&lan=1&r=103&p=2
[Thu, 12 May 2016 16:00:12 EDT] Scraping https://www.fanfiction.net/game/Legend-of-Zelda/?&srt=3&lan=1&r=103&p=3
[Thu, 12 May 2016 16:00:16 EDT] Scraping https://www.fanfiction.net/game/Legend-of-Zelda/?&srt=3&lan=1&r=103&p=4
[Thu, 12 May 2016 16:00:20 EDT] Scraping https://www.fanfiction.net/game/Legend-of-Zelda/?&srt=3&lan=1&r=103&p=5
[Thu, 12 May 2016 16:00:23 EDT] Scraping https://www.fanfiction.net/game/Dragon-Age/?&srt=3&lan=1&r=103&p=1
[Thu, 12 May 2016 16:00:27 EDT] Scraping https://www.fanfiction.net/game/Dragon-Age/?&srt=3&lan=1&r=103&p=2
[Thu, 12 May 2016 16:00:29 EDT] Scraping https://www.fanfiction.net/game/Dragon-Age/?&srt=3&lan=1&r=103&p=3
[Thu, 12 May 2016 16:00:31 EDT] Scraping https://www.fanfiction.net/game/Dragon-Age/?&srt=3&lan=1&r=103&p=4
[Thu, 12 May 2016 16:00:34 EDT] Scraping https://www.fanfiction.net/game/Dragon-Age/?&srt=3&lan=1&r=103&p=5
[Thu, 12 May 2016 16:00:37 EDT] Scraping https://www.fanfiction.net/game/Mass-Effect/?&srt=3&lan=1&r=103&p=1
[Thu, 12 May 2016 16:00:39 EDT] Scraping https://www.fanfiction.net/game/Mass-Effect/?&srt=3&lan=1&r=103&p=2
[Thu, 12 May 2016 16:00:45 EDT] Scraping https://www.fanfiction.net/game/Mass-Effect/?&srt=3&lan=1&r=103&p=3
[Thu, 12 May 2016 16:00:47 EDT] Scraping https://www.fanfiction.net/game/Mass-Effect/?&srt=3&lan=1&r=103&p=4
[Thu, 12 May 2016 16:00:50 EDT] Scraping https://www.fanfiction.net/game/Mass-Effect/?&srt=3&lan=1&r=103&p=5
[Thu, 12 May 2016 16:00:52 EDT] Scraping https://www.fanfiction.net/game/Final-Fantasy-VIII/?&srt=3&lan=1&r=103&p=1
[Thu, 12 May 2016 16:00:56 EDT] Scraping https://www.fanfiction.net/game/Final-Fantasy-VIII/?&srt=3&lan=1&r=103&p=2
[Thu, 12 May 2016 16:00:59 EDT] Scraping https://www.fanfiction.net/game/Final-Fantasy-VIII/?&srt=3&lan=1&r=103&p=3
[Thu, 12 May 2016 16:01:02 EDT] Scraping https://www.fanfiction.net/game/Final-Fantasy-VIII/?&srt=3&lan=1&r=103&p=4
[Thu, 12 May 2016 16:01:06 EDT] Scraping https://www.fanfiction.net/game/Final-Fantasy-VIII/?&srt=3&lan=1&r=103&p=5
[Thu, 12 May 2016 16:01:10 EDT] Scraping https://www.fanfiction.net/game/Fire-Emblem/?&srt=3&lan=1&r=103&p=1
[Thu, 12 May 2016 16:01:13 EDT] Scraping https://www.fanfiction.net/game/Fire-Emblem/?&srt=3&lan=1&r=103&p=2
[Thu, 12 May 2016 16:01:17 EDT] Scraping https://www.fanfiction.net/game/Fire-Emblem/?&srt=3&lan=1&r=103&p=3
[Thu, 12 May 2016 16:01:22 EDT] Scraping https://www.fanfiction.net/game/Fire-Emblem/?&srt=3&lan=1&r=103&p=4
[Thu, 12 May 2016 16:01:25 EDT] Scraping https://www.fanfiction.net/game/Fire-Emblem/?&srt=3&lan=1&r=103&p=5
[Thu, 12 May 2016 16:01:29 EDT] Scraping https://www.fanfiction.net/game/Resident-Evil/?&srt=3&lan=1&r=103&p=1
[Thu, 12 May 2016 16:01:33 EDT] Scraping https://www.fanfiction.net/game/Resident-Evil/?&srt=3&lan=1&r=103&p=2
[Thu, 12 May 2016 16:01:36 EDT] Scraping https://www.fanfiction.net/game/Resident-Evil/?&srt=3&lan=1&r=103&p=3
[Thu, 12 May 2016 16:01:40 EDT] Scraping https://www.fanfiction.net/game/Resident-Evil/?&srt=3&lan=1&r=103&p=4
[Thu, 12 May 2016 16:01:45 EDT] Scraping https://www.fanfiction.net/game/Resident-Evil/?&srt=3&lan=1&r=103&p=5
[Thu, 12 May 2016 16:01:50 EDT] Scraping https://www.fanfiction.net/game/Super-Smash-Brothers/?&srt=3&lan=1&r=103&p=1
[Thu, 12 May 2016 16:01:53 EDT] Scraping https://www.fanfiction.net/game/Super-Smash-Brothers/?&srt=3&lan=1&r=103&p=2
[Thu, 12 May 2016 16:01:57 EDT] Scraping https://www.fanfiction.net/game/Super-Smash-Brothers/?&srt=3&lan=1&r=103&p=3
[Thu, 12 May 2016 16:02:01 EDT] Scraping https://www.fanfiction.net/game/Super-Smash-Brothers/?&srt=3&lan=1&r=103&p=4
[Thu, 12 May 2016 16:02:04 EDT] Scraping https://www.fanfiction.net/game/Super-Smash-Brothers/?&srt=3&lan=1&r=103&p=5
[Thu, 12 May 2016 16:02:06 EDT] Scraping https://www.fanfiction.net/game/Elder-Scroll-series/?&srt=3&lan=1&r=103&p=1
[Thu, 12 May 2016 16:02:10 EDT] Scraping https://www.fanfiction.net/game/Elder-Scroll-series/?&srt=3&lan=1&r=103&p=2
[Thu, 12 May 2016 16:02:13 EDT] Scraping https://www.fanfiction.net/game/Elder-Scroll-series/?&srt=3&lan=1&r=103&p=3
[Thu, 12 May 2016 16:02:18 EDT] Scraping https://www.fanfiction.net/game/Elder-Scroll-series/?&srt=3&lan=1&r=103&p=4
[Thu, 12 May 2016 16:02:21 EDT] Scraping https://www.fanfiction.net/game/Elder-Scroll-series/?&srt=3&lan=1&r=103&p=5
[Thu, 12 May 2016 16:02:23 EDT] Scraping https://www.fanfiction.net/game/Harvest-Moon/?&srt=3&lan=1&r=103&p=1
[Thu, 12 May 2016 16:02:25 EDT] Scraping https://www.fanfiction.net/game/Harvest-Moon/?&srt=3&lan=1&r=103&p=2
[Thu, 12 May 2016 16:02:28 EDT] Scraping https://www.fanfiction.net/game/Harvest-Moon/?&srt=3&lan=1&r=103&p=3
[Thu, 12 May 2016 16:02:29 EDT] Scraping https://www.fanfiction.net/game/Harvest-Moon/?&srt=3&lan=1&r=103&p=4
[Thu, 12 May 2016 16:02:31 EDT] Scraping https://www.fanfiction.net/game/Harvest-Moon/?&srt=3&lan=1&r=103&p=5
[Thu, 12 May 2016 16:02:34 EDT] Scraping https://www.fanfiction.net/game/Mario/?&srt=3&lan=1&r=103&p=1
[Thu, 12 May 2016 16:02:37 EDT] Scraping https://www.fanfiction.net/game/Mario/?&srt=3&lan=1&r=103&p=2
[Thu, 12 May 2016 16:02:40 EDT] Scraping https://www.fanfiction.net/game/Mario/?&srt=3&lan=1&r=103&p=3
[Thu, 12 May 2016 16:02:44 EDT] Scraping https://www.fanfiction.net/game/Mario/?&srt=3&lan=1&r=103&p=4
[Thu, 12 May 2016 16:02:48 EDT] Scraping https://www.fanfiction.net/game/Mario/?&srt=3&lan=1&r=103&p=5
[Thu, 12 May 2016 16:02:52 EDT] Scraping https://www.fanfiction.net/game/Halo/?&srt=3&lan=1&r=103&p=1
[Thu, 12 May 2016 16:02:57 EDT] Scraping https://www.fanfiction.net/game/Halo/?&srt=3&lan=1&r=103&p=2
[Thu, 12 May 2016 16:03:02 EDT] Scraping https://www.fanfiction.net/game/Halo/?&srt=3&lan=1&r=103&p=3
[Thu, 12 May 2016 16:03:05 EDT] Scraping https://www.fanfiction.net/game/Halo/?&srt=3&lan=1&r=103&p=4
[Thu, 12 May 2016 16:03:07 EDT] Scraping https://www.fanfiction.net/game/Halo/?&srt=3&lan=1&r=103&p=5
[Thu, 12 May 2016 16:03:10 EDT] Scraping https://www.fanfiction.net/game/Assassin-s-Creed/?&srt=3&lan=1&r=103&p=1
[Thu, 12 May 2016 16:03:13 EDT] Scraping https://www.fanfiction.net/game/Assassin-s-Creed/?&srt=3&lan=1&r=103&p=2
[Thu, 12 May 2016 16:03:17 EDT] Scraping https://www.fanfiction.net/game/Assassin-s-Creed/?&srt=3&lan=1&r=103&p=3
[Thu, 12 May 2016 16:03:19 EDT] Scraping https://www.fanfiction.net/game/Assassin-s-Creed/?&srt=3&lan=1&r=103&p=4
[Thu, 12 May 2016 16:03:23 EDT] Scraping https://www.fanfiction.net/game/Assassin-s-Creed/?&srt=3&lan=1&r=103&p=5
[Thu, 12 May 2016 16:03:24 EDT] Scraping https://www.fanfiction.net/game/Five-Nights-at-Freddy-s/?&srt=3&lan=1&r=103&p=1
[Thu, 12 May 2016 16:03:28 EDT] Scraping https://www.fanfiction.net/game/Five-Nights-at-Freddy-s/?&srt=3&lan=1&r=103&p=2
[Thu, 12 May 2016 16:03:32 EDT] Scraping https://www.fanfiction.net/game/Five-Nights-at-Freddy-s/?&srt=3&lan=1&r=103&p=3
[Thu, 12 May 2016 16:03:34 EDT] Scraping https://www.fanfiction.net/game/Five-Nights-at-Freddy-s/?&srt=3&lan=1&r=103&p=4
[Thu, 12 May 2016 16:03:37 EDT] Scraping https://www.fanfiction.net/game/Five-Nights-at-Freddy-s/?&srt=3&lan=1&r=103&p=5
[Thu, 12 May 2016 16:03:40 EDT] Scraping https://www.fanfiction.net/play/Screenplays/?&srt=3&lan=1&r=103&p=1
[Thu, 12 May 2016 16:03:45 EDT] Scraping https://www.fanfiction.net/play/Screenplays/?&srt=3&lan=1&r=103&p=2
[Thu, 12 May 2016 16:03:46 EDT] Scraping https://www.fanfiction.net/play/Screenplays/?&srt=3&lan=1&r=103&p=3
[Thu, 12 May 2016 16:03:49 EDT] Scraping https://www.fanfiction.net/play/Screenplays/?&srt=3&lan=1&r=103&p=4
[Thu, 12 May 2016 16:03:52 EDT] Scraping https://www.fanfiction.net/play/Screenplays/?&srt=3&lan=1&r=103&p=5
[Thu, 12 May 2016 16:03:55 EDT] Scraping https://www.fanfiction.net/play/RENT/?&srt=3&lan=1&r=103&p=1
[Thu, 12 May 2016 16:04:01 EDT] Scraping https://www.fanfiction.net/play/RENT/?&srt=3&lan=1&r=103&p=2
[Thu, 12 May 2016 16:04:03 EDT] Scraping https://www.fanfiction.net/play/RENT/?&srt=3&lan=1&r=103&p=3
[Thu, 12 May 2016 16:04:06 EDT] Scraping https://www.fanfiction.net/play/RENT/?&srt=3&lan=1&r=103&p=4
[Thu, 12 May 2016 16:04:09 EDT] Scraping https://www.fanfiction.net/play/RENT/?&srt=3&lan=1&r=103&p=5
[Thu, 12 May 2016 16:04:12 EDT] Scraping https://www.fanfiction.net/play/Wicked/?&srt=3&lan=1&r=103&p=1
[Thu, 12 May 2016 16:04:14 EDT] Scraping https://www.fanfiction.net/play/Wicked/?&srt=3&lan=1&r=103&p=2
[Thu, 12 May 2016 16:04:17 EDT] Scraping https://www.fanfiction.net/play/Wicked/?&srt=3&lan=1&r=103&p=3
[Thu, 12 May 2016 16:04:19 EDT] Scraping https://www.fanfiction.net/play/Wicked/?&srt=3&lan=1&r=103&p=4
[Thu, 12 May 2016 16:04:21 EDT] Scraping https://www.fanfiction.net/play/Wicked/?&srt=3&lan=1&r=103&p=5
[Thu, 12 May 2016 16:04:27 EDT] Scraping https://www.fanfiction.net/play/Les-Mis%C3%A9rables/?&srt=3&lan=1&r=103&p=1
[Thu, 12 May 2016 16:04:30 EDT] Scraping https://www.fanfiction.net/play/Les-Mis%C3%A9rables/?&srt=3&lan=1&r=103&p=2
[Thu, 12 May 2016 16:04:34 EDT] Scraping https://www.fanfiction.net/play/Les-Mis%C3%A9rables/?&srt=3&lan=1&r=103&p=3
[Thu, 12 May 2016 16:04:39 EDT] Scraping https://www.fanfiction.net/play/Les-Mis%C3%A9rables/?&srt=3&lan=1&r=103&p=4
[Thu, 12 May 2016 16:04:42 EDT] Scraping https://www.fanfiction.net/play/Les-Mis%C3%A9rables/?&srt=3&lan=1&r=103&p=5
[Thu, 12 May 2016 16:04:47 EDT] Scraping https://www.fanfiction.net/play/Cats/?&srt=3&lan=1&r=103&p=1
[Thu, 12 May 2016 16:04:52 EDT] Scraping https://www.fanfiction.net/play/Cats/?&srt=3&lan=1&r=103&p=2
[Thu, 12 May 2016 16:04:55 EDT] Scraping https://www.fanfiction.net/play/Cats/?&srt=3&lan=1&r=103&p=3
[Thu, 12 May 2016 16:04:59 EDT] Scraping https://www.fanfiction.net/play/Cats/?&srt=3&lan=1&r=103&p=4
[Thu, 12 May 2016 16:05:02 EDT] Scraping https://www.fanfiction.net/play/Cats/?&srt=3&lan=1&r=103&p=5
[Thu, 12 May 2016 16:05:06 EDT] Scraping https://www.fanfiction.net/play/Shakespeare/?&srt=3&lan=1&r=103&p=1
[Thu, 12 May 2016 16:05:09 EDT] Scraping https://www.fanfiction.net/play/Shakespeare/?&srt=3&lan=1&r=103&p=2
[Thu, 12 May 2016 16:05:13 EDT] Scraping https://www.fanfiction.net/play/Shakespeare/?&srt=3&lan=1&r=103&p=3
[Thu, 12 May 2016 16:05:17 EDT] Scraping https://www.fanfiction.net/play/Shakespeare/?&srt=3&lan=1&r=103&p=4
[Thu, 12 May 2016 16:05:20 EDT] Scraping https://www.fanfiction.net/play/Shakespeare/?&srt=3&lan=1&r=103&p=5
[Thu, 12 May 2016 16:05:24 EDT] Scraping https://www.fanfiction.net/play/Starship/?&srt=3&lan=1&r=103&p=1
[Thu, 12 May 2016 16:05:27 EDT] Scraping https://www.fanfiction.net/play/Starship/?&srt=3&lan=1&r=103&p=2
[Thu, 12 May 2016 16:05:29 EDT] Scraping https://www.fanfiction.net/play/Starship/?&srt=3&lan=1&r=103&p=3
[Thu, 12 May 2016 16:05:32 EDT] Scraping https://www.fanfiction.net/play/Starship/?&srt=3&lan=1&r=103&p=4
[Thu, 12 May 2016 16:05:36 EDT] Scraping https://www.fanfiction.net/play/Starship/?&srt=3&lan=1&r=103&p=5
[Thu, 12 May 2016 16:05:40 EDT] Scraping https://www.fanfiction.net/play/Spring-Awakening/?&srt=3&lan=1&r=103&p=1
[Thu, 12 May 2016 16:05:45 EDT] Scraping https://www.fanfiction.net/play/Spring-Awakening/?&srt=3&lan=1&r=103&p=2
[Thu, 12 May 2016 16:05:49 EDT] Scraping https://www.fanfiction.net/play/Spring-Awakening/?&srt=3&lan=1&r=103&p=3
[Thu, 12 May 2016 16:05:50 EDT] Scraping https://www.fanfiction.net/play/Spring-Awakening/?&srt=3&lan=1&r=103&p=4
[Thu, 12 May 2016 16:05:54 EDT] Scraping https://www.fanfiction.net/play/Spring-Awakening/?&srt=3&lan=1&r=103&p=5
[Thu, 12 May 2016 16:05:58 EDT] Scraping https://www.fanfiction.net/play/Next-to-Normal/?&srt=3&lan=1&r=103&p=1
[Thu, 12 May 2016 16:06:00 EDT] Scraping https://www.fanfiction.net/play/Next-to-Normal/?&srt=3&lan=1&r=103&p=2
[Thu, 12 May 2016 16:06:03 EDT] Scraping https://www.fanfiction.net/play/Next-to-Normal/?&srt=3&lan=1&r=103&p=3
[Thu, 12 May 2016 16:06:07 EDT] Scraping https://www.fanfiction.net/play/Next-to-Normal/?&srt=3&lan=1&r=103&p=4
[Thu, 12 May 2016 16:06:09 EDT] Scraping https://www.fanfiction.net/play/Next-to-Normal/?&srt=3&lan=1&r=103&p=5
[Thu, 12 May 2016 16:06:14 EDT] Scraping https://www.fanfiction.net/play/Newsies/?&srt=3&lan=1&r=103&p=1
[Thu, 12 May 2016 16:06:16 EDT] Scraping https://www.fanfiction.net/play/Newsies/?&srt=3&lan=1&r=103&p=2
[Thu, 12 May 2016 16:06:21 EDT] Scraping https://www.fanfiction.net/play/Newsies/?&srt=3&lan=1&r=103&p=3
[Thu, 12 May 2016 16:06:23 EDT] Scraping https://www.fanfiction.net/play/Newsies/?&srt=3&lan=1&r=103&p=4
[Thu, 12 May 2016 16:06:27 EDT] Scraping https://www.fanfiction.net/play/Newsies/?&srt=3&lan=1&r=103&p=5
[Thu, 12 May 2016 16:06:32 EDT] Scraping https://www.fanfiction.net/play/Dr-Horrible-s-Sing-Along-Blog/?&srt=3&lan=1&r=103&p=1
[Thu, 12 May 2016 16:06:36 EDT] Scraping https://www.fanfiction.net/play/Dr-Horrible-s-Sing-Along-Blog/?&srt=3&lan=1&r=103&p=2
[Thu, 12 May 2016 16:06:38 EDT] Scraping https://www.fanfiction.net/play/Dr-Horrible-s-Sing-Along-Blog/?&srt=3&lan=1&r=103&p=3
[Thu, 12 May 2016 16:06:40 EDT] Scraping https://www.fanfiction.net/play/Dr-Horrible-s-Sing-Along-Blog/?&srt=3&lan=1&r=103&p=4
[Thu, 12 May 2016 16:06:43 EDT] Scraping https://www.fanfiction.net/play/Dr-Horrible-s-Sing-Along-Blog/?&srt=3&lan=1&r=103&p=5
[Thu, 12 May 2016 16:06:45 EDT] Scraping https://www.fanfiction.net/play/We-Will-Rock-You/?&srt=3&lan=1&r=103&p=1
[Thu, 12 May 2016 16:06:52 EDT] Scraping https://www.fanfiction.net/play/We-Will-Rock-You/?&srt=3&lan=1&r=103&p=2
[Thu, 12 May 2016 16:06:55 EDT] Scraping https://www.fanfiction.net/play/We-Will-Rock-You/?&srt=3&lan=1&r=103&p=3
[Thu, 12 May 2016 16:06:58 EDT] Scraping https://www.fanfiction.net/play/We-Will-Rock-You/?&srt=3&lan=1&r=103&p=4
[Thu, 12 May 2016 16:07:01 EDT] Scraping https://www.fanfiction.net/play/We-Will-Rock-You/?&srt=3&lan=1&r=103&p=5
[Thu, 12 May 2016 16:07:05 EDT] Scraping https://www.fanfiction.net/play/13/?&srt=3&lan=1&r=103&p=1
[Thu, 12 May 2016 16:07:08 EDT] Scraping https://www.fanfiction.net/play/13/?&srt=3&lan=1&r=103&p=2
[Thu, 12 May 2016 16:07:11 EDT] Scraping https://www.fanfiction.net/play/13/?&srt=3&lan=1&r=103&p=3
[Thu, 12 May 2016 16:07:15 EDT] Scraping https://www.fanfiction.net/play/13/?&srt=3&lan=1&r=103&p=4
[Thu, 12 May 2016 16:07:18 EDT] Scraping https://www.fanfiction.net/play/13/?&srt=3&lan=1&r=103&p=5
[Thu, 12 May 2016 16:07:24 EDT] Scraping https://www.fanfiction.net/play/Book-of-Mormon/?&srt=3&lan=1&r=103&p=1
[Thu, 12 May 2016 16:07:28 EDT] Scraping https://www.fanfiction.net/play/Book-of-Mormon/?&srt=3&lan=1&r=103&p=2
[Thu, 12 May 2016 16:07:31 EDT] Scraping https://www.fanfiction.net/play/Book-of-Mormon/?&srt=3&lan=1&r=103&p=3
[Thu, 12 May 2016 16:07:35 EDT] Scraping https://www.fanfiction.net/play/Book-of-Mormon/?&srt=3&lan=1&r=103&p=4
[Thu, 12 May 2016 16:07:38 EDT] Scraping https://www.fanfiction.net/play/Book-of-Mormon/?&srt=3&lan=1&r=103&p=5
[Thu, 12 May 2016 16:07:41 EDT] Scraping https://www.fanfiction.net/play/Love-Never-Dies/?&srt=3&lan=1&r=103&p=1
[Thu, 12 May 2016 16:07:44 EDT] Scraping https://www.fanfiction.net/play/Love-Never-Dies/?&srt=3&lan=1&r=103&p=2
[Thu, 12 May 2016 16:07:47 EDT] Scraping https://www.fanfiction.net/play/Love-Never-Dies/?&srt=3&lan=1&r=103&p=3
[Thu, 12 May 2016 16:07:48 EDT] Scraping https://www.fanfiction.net/play/Love-Never-Dies/?&srt=3&lan=1&r=103&p=4
[Thu, 12 May 2016 16:07:52 EDT] Scraping https://www.fanfiction.net/play/Love-Never-Dies/?&srt=3&lan=1&r=103&p=5
[Thu, 12 May 2016 16:07:54 EDT] Scraping https://www.fanfiction.net/play/American-Idiot/?&srt=3&lan=1&r=103&p=1
[Thu, 12 May 2016 16:07:59 EDT] Scraping https://www.fanfiction.net/play/American-Idiot/?&srt=3&lan=1&r=103&p=2
[Thu, 12 May 2016 16:08:02 EDT] Scraping https://www.fanfiction.net/play/American-Idiot/?&srt=3&lan=1&r=103&p=3
[Thu, 12 May 2016 16:08:06 EDT] Scraping https://www.fanfiction.net/play/American-Idiot/?&srt=3&lan=1&r=103&p=4
[Thu, 12 May 2016 16:08:11 EDT] Scraping https://www.fanfiction.net/play/American-Idiot/?&srt=3&lan=1&r=103&p=5
[Thu, 12 May 2016 16:08:14 EDT] Scraping https://www.fanfiction.net/play/Producers/?&srt=3&lan=1&r=103&p=1
[Thu, 12 May 2016 16:08:16 EDT] Scraping https://www.fanfiction.net/play/Producers/?&srt=3&lan=1&r=103&p=2
[Thu, 12 May 2016 16:08:19 EDT] Scraping https://www.fanfiction.net/play/Producers/?&srt=3&lan=1&r=103&p=3
[Thu, 12 May 2016 16:08:22 EDT] Scraping https://www.fanfiction.net/play/Producers/?&srt=3&lan=1&r=103&p=4
[Thu, 12 May 2016 16:08:24 EDT] Scraping https://www.fanfiction.net/play/Producers/?&srt=3&lan=1&r=103&p=5
[Thu, 12 May 2016 16:08:28 EDT] Scraping https://www.fanfiction.net/movie/Star-Wars/?&srt=3&lan=1&r=103&p=1
[Thu, 12 May 2016 16:08:31 EDT] Scraping https://www.fanfiction.net/movie/Star-Wars/?&srt=3&lan=1&r=103&p=2
[Thu, 12 May 2016 16:08:34 EDT] Scraping https://www.fanfiction.net/movie/Star-Wars/?&srt=3&lan=1&r=103&p=3
[Thu, 12 May 2016 16:08:38 EDT] Scraping https://www.fanfiction.net/movie/Star-Wars/?&srt=3&lan=1&r=103&p=4
[Thu, 12 May 2016 16:08:42 EDT] Scraping https://www.fanfiction.net/movie/Star-Wars/?&srt=3&lan=1&r=103&p=5
[Thu, 12 May 2016 16:08:45 EDT] Scraping https://www.fanfiction.net/movie/Avengers/?&srt=3&lan=1&r=103&p=1
[Thu, 12 May 2016 16:08:47 EDT] Scraping https://www.fanfiction.net/movie/Avengers/?&srt=3&lan=1&r=103&p=2
[Thu, 12 May 2016 16:08:50 EDT] Scraping https://www.fanfiction.net/movie/Avengers/?&srt=3&lan=1&r=103&p=3
[Thu, 12 May 2016 16:08:53 EDT] Scraping https://www.fanfiction.net/movie/Avengers/?&srt=3&lan=1&r=103&p=4
[Thu, 12 May 2016 16:08:56 EDT] Scraping https://www.fanfiction.net/movie/Avengers/?&srt=3&lan=1&r=103&p=5
[Thu, 12 May 2016 16:09:00 EDT] Scraping https://www.fanfiction.net/movie/Pirates-of-the-Caribbean/?&srt=3&lan=1&r=103&p=1
[Thu, 12 May 2016 16:09:02 EDT] Scraping https://www.fanfiction.net/movie/Pirates-of-the-Caribbean/?&srt=3&lan=1&r=103&p=2
[Thu, 12 May 2016 16:09:07 EDT] Scraping https://www.fanfiction.net/movie/Pirates-of-the-Caribbean/?&srt=3&lan=1&r=103&p=3
[Thu, 12 May 2016 16:09:11 EDT] Scraping https://www.fanfiction.net/movie/Pirates-of-the-Caribbean/?&srt=3&lan=1&r=103&p=4
[Thu, 12 May 2016 16:09:13 EDT] Scraping https://www.fanfiction.net/movie/Pirates-of-the-Caribbean/?&srt=3&lan=1&r=103&p=5
[Thu, 12 May 2016 16:09:17 EDT] Scraping https://www.fanfiction.net/movie/High-School-Musical/?&srt=3&lan=1&r=103&p=1
[Thu, 12 May 2016 16:09:21 EDT] Scraping https://www.fanfiction.net/movie/High-School-Musical/?&srt=3&lan=1&r=103&p=2
[Thu, 12 May 2016 16:09:24 EDT] Scraping https://www.fanfiction.net/movie/High-School-Musical/?&srt=3&lan=1&r=103&p=3
[Thu, 12 May 2016 16:09:28 EDT] Scraping https://www.fanfiction.net/movie/High-School-Musical/?&srt=3&lan=1&r=103&p=4
[Thu, 12 May 2016 16:09:33 EDT] Scraping https://www.fanfiction.net/movie/High-School-Musical/?&srt=3&lan=1&r=103&p=5
[Thu, 12 May 2016 16:09:38 EDT] Scraping https://www.fanfiction.net/movie/X-Men-The-Movie/?&srt=3&lan=1&r=103&p=1
[Thu, 12 May 2016 16:09:40 EDT] Scraping https://www.fanfiction.net/movie/X-Men-The-Movie/?&srt=3&lan=1&r=103&p=2
[Thu, 12 May 2016 16:09:44 EDT] Scraping https://www.fanfiction.net/movie/X-Men-The-Movie/?&srt=3&lan=1&r=103&p=3
[Thu, 12 May 2016 16:09:48 EDT] Scraping https://www.fanfiction.net/movie/X-Men-The-Movie/?&srt=3&lan=1&r=103&p=4
[Thu, 12 May 2016 16:09:52 EDT] Scraping https://www.fanfiction.net/movie/X-Men-The-Movie/?&srt=3&lan=1&r=103&p=5
[Thu, 12 May 2016 16:09:54 EDT] Scraping https://www.fanfiction.net/movie/Rise-of-the-Guardians/?&srt=3&lan=1&r=103&p=1
[Thu, 12 May 2016 16:09:58 EDT] Scraping https://www.fanfiction.net/movie/Rise-of-the-Guardians/?&srt=3&lan=1&r=103&p=2
[Thu, 12 May 2016 16:10:02 EDT] Scraping https://www.fanfiction.net/movie/Rise-of-the-Guardians/?&srt=3&lan=1&r=103&p=3
[Thu, 12 May 2016 16:10:05 EDT] Scraping https://www.fanfiction.net/movie/Rise-of-the-Guardians/?&srt=3&lan=1&r=103&p=4
[Thu, 12 May 2016 16:10:08 EDT] Scraping https://www.fanfiction.net/movie/Rise-of-the-Guardians/?&srt=3&lan=1&r=103&p=5
[Thu, 12 May 2016 16:10:12 EDT] Scraping https://www.fanfiction.net/movie/How-to-Train-Your-Dragon/?&srt=3&lan=1&r=103&p=1
[Thu, 12 May 2016 16:10:16 EDT] Scraping https://www.fanfiction.net/movie/How-to-Train-Your-Dragon/?&srt=3&lan=1&r=103&p=2
[Thu, 12 May 2016 16:10:19 EDT] Scraping https://www.fanfiction.net/movie/How-to-Train-Your-Dragon/?&srt=3&lan=1&r=103&p=3
[Thu, 12 May 2016 16:10:24 EDT] Scraping https://www.fanfiction.net/movie/How-to-Train-Your-Dragon/?&srt=3&lan=1&r=103&p=4
[Thu, 12 May 2016 16:10:25 EDT] Scraping https://www.fanfiction.net/movie/How-to-Train-Your-Dragon/?&srt=3&lan=1&r=103&p=5
[Thu, 12 May 2016 16:10:28 EDT] Scraping https://www.fanfiction.net/movie/Star-Trek-2009/?&srt=3&lan=1&r=103&p=1
[Thu, 12 May 2016 16:10:33 EDT] Scraping https://www.fanfiction.net/movie/Star-Trek-2009/?&srt=3&lan=1&r=103&p=2
[Thu, 12 May 2016 16:10:36 EDT] Scraping https://www.fanfiction.net/movie/Star-Trek-2009/?&srt=3&lan=1&r=103&p=3
[Thu, 12 May 2016 16:10:40 EDT] Scraping https://www.fanfiction.net/movie/Star-Trek-2009/?&srt=3&lan=1&r=103&p=4
[Thu, 12 May 2016 16:10:42 EDT] Scraping https://www.fanfiction.net/movie/Star-Trek-2009/?&srt=3&lan=1&r=103&p=5
[Thu, 12 May 2016 16:10:44 EDT] Scraping https://www.fanfiction.net/movie/Thor/?&srt=3&lan=1&r=103&p=1
[Thu, 12 May 2016 16:10:48 EDT] Scraping https://www.fanfiction.net/movie/Thor/?&srt=3&lan=1&r=103&p=2
[Thu, 12 May 2016 16:10:52 EDT] Scraping https://www.fanfiction.net/movie/Thor/?&srt=3&lan=1&r=103&p=3
[Thu, 12 May 2016 16:10:56 EDT] Scraping https://www.fanfiction.net/movie/Thor/?&srt=3&lan=1&r=103&p=4
[Thu, 12 May 2016 16:11:00 EDT] Scraping https://www.fanfiction.net/movie/Thor/?&srt=3&lan=1&r=103&p=5
[Thu, 12 May 2016 16:11:05 EDT] Scraping https://www.fanfiction.net/movie/Frozen/?&srt=3&lan=1&r=103&p=1
[Thu, 12 May 2016 16:11:08 EDT] Scraping https://www.fanfiction.net/movie/Frozen/?&srt=3&lan=1&r=103&p=2
[Thu, 12 May 2016 16:11:11 EDT] Scraping https://www.fanfiction.net/movie/Frozen/?&srt=3&lan=1&r=103&p=3
[Thu, 12 May 2016 16:11:14 EDT] Scraping https://www.fanfiction.net/movie/Frozen/?&srt=3&lan=1&r=103&p=4
[Thu, 12 May 2016 16:11:17 EDT] Scraping https://www.fanfiction.net/movie/Frozen/?&srt=3&lan=1&r=103&p=5
[Thu, 12 May 2016 16:11:20 EDT] Scraping https://www.fanfiction.net/movie/Labyrinth/?&srt=3&lan=1&r=103&p=1
[Thu, 12 May 2016 16:11:21 EDT] Scraping https://www.fanfiction.net/movie/Labyrinth/?&srt=3&lan=1&r=103&p=2
[Thu, 12 May 2016 16:11:24 EDT] Scraping https://www.fanfiction.net/movie/Labyrinth/?&srt=3&lan=1&r=103&p=3
[Thu, 12 May 2016 16:11:27 EDT] Scraping https://www.fanfiction.net/movie/Labyrinth/?&srt=3&lan=1&r=103&p=4
[Thu, 12 May 2016 16:11:30 EDT] Scraping https://www.fanfiction.net/movie/Labyrinth/?&srt=3&lan=1&r=103&p=5
[Thu, 12 May 2016 16:11:33 EDT] Scraping https://www.fanfiction.net/movie/Newsies/?&srt=3&lan=1&r=103&p=1
[Thu, 12 May 2016 16:11:38 EDT] Scraping https://www.fanfiction.net/movie/Newsies/?&srt=3&lan=1&r=103&p=2
[Thu, 12 May 2016 16:11:42 EDT] Scraping https://www.fanfiction.net/movie/Newsies/?&srt=3&lan=1&r=103&p=3
[Thu, 12 May 2016 16:11:47 EDT] Scraping https://www.fanfiction.net/movie/Newsies/?&srt=3&lan=1&r=103&p=4
[Thu, 12 May 2016 16:11:50 EDT] Scraping https://www.fanfiction.net/movie/Newsies/?&srt=3&lan=1&r=103&p=5
[Thu, 12 May 2016 16:11:53 EDT] Scraping https://www.fanfiction.net/movie/Transformers/?&srt=3&lan=1&r=103&p=1
[Thu, 12 May 2016 16:11:57 EDT] Scraping https://www.fanfiction.net/movie/Transformers/?&srt=3&lan=1&r=103&p=2
[Thu, 12 May 2016 16:11:59 EDT] Scraping https://www.fanfiction.net/movie/Transformers/?&srt=3&lan=1&r=103&p=3
[Thu, 12 May 2016 16:12:01 EDT] Scraping https://www.fanfiction.net/movie/Transformers/?&srt=3&lan=1&r=103&p=4
[Thu, 12 May 2016 16:12:04 EDT] Scraping https://www.fanfiction.net/movie/Transformers/?&srt=3&lan=1&r=103&p=5
[Thu, 12 May 2016 16:12:07 EDT] Scraping https://www.fanfiction.net/movie/Batman-Begins-Dark-Knight/?&srt=3&lan=1&r=103&p=1
[Thu, 12 May 2016 16:12:09 EDT] Scraping https://www.fanfiction.net/movie/Batman-Begins-Dark-Knight/?&srt=3&lan=1&r=103&p=2
[Thu, 12 May 2016 16:12:13 EDT] Scraping https://www.fanfiction.net/movie/Batman-Begins-Dark-Knight/?&srt=3&lan=1&r=103&p=3
[Thu, 12 May 2016 16:12:15 EDT] Scraping https://www.fanfiction.net/movie/Batman-Begins-Dark-Knight/?&srt=3&lan=1&r=103&p=4
[Thu, 12 May 2016 16:12:18 EDT] Scraping https://www.fanfiction.net/movie/Batman-Begins-Dark-Knight/?&srt=3&lan=1&r=103&p=5
[Thu, 12 May 2016 16:12:19 EDT] Scraping https://www.fanfiction.net/movie/Camp-Rock/?&srt=3&lan=1&r=103&p=1
[Thu, 12 May 2016 16:12:24 EDT] Scraping https://www.fanfiction.net/movie/Camp-Rock/?&srt=3&lan=1&r=103&p=2
[Thu, 12 May 2016 16:12:26 EDT] Scraping https://www.fanfiction.net/movie/Camp-Rock/?&srt=3&lan=1&r=103&p=3
[Thu, 12 May 2016 16:12:29 EDT] Scraping https://www.fanfiction.net/movie/Camp-Rock/?&srt=3&lan=1&r=103&p=4
[Thu, 12 May 2016 16:12:33 EDT] Scraping https://www.fanfiction.net/movie/Camp-Rock/?&srt=3&lan=1&r=103&p=5
[Thu, 12 May 2016 16:12:38 EDT] Scraping https://www.fanfiction.net/movie/Pitch-Perfect/?&srt=3&lan=1&r=103&p=1
[Thu, 12 May 2016 16:12:41 EDT] Scraping https://www.fanfiction.net/movie/Pitch-Perfect/?&srt=3&lan=1&r=103&p=2
[Thu, 12 May 2016 16:12:44 EDT] Scraping https://www.fanfiction.net/movie/Pitch-Perfect/?&srt=3&lan=1&r=103&p=3
[Thu, 12 May 2016 16:12:47 EDT] Scraping https://www.fanfiction.net/movie/Pitch-Perfect/?&srt=3&lan=1&r=103&p=4
[Thu, 12 May 2016 16:12:49 EDT] Scraping https://www.fanfiction.net/movie/Pitch-Perfect/?&srt=3&lan=1&r=103&p=5
[Thu, 12 May 2016 16:12:53 EDT] Scraping https://www.fanfiction.net/movie/Captain-America/?&srt=3&lan=1&r=103&p=1
[Thu, 12 May 2016 16:12:57 EDT] Scraping https://www.fanfiction.net/movie/Captain-America/?&srt=3&lan=1&r=103&p=2
[Thu, 12 May 2016 16:13:00 EDT] Scraping https://www.fanfiction.net/movie/Captain-America/?&srt=3&lan=1&r=103&p=3
[Thu, 12 May 2016 16:13:04 EDT] Scraping https://www.fanfiction.net/movie/Captain-America/?&srt=3&lan=1&r=103&p=4
[Thu, 12 May 2016 16:13:08 EDT] Scraping https://www.fanfiction.net/movie/Captain-America/?&srt=3&lan=1&r=103&p=5
[Thu, 12 May 2016 16:13:11 EDT] Scraping https://www.fanfiction.net/tv/Supernatural/?&srt=3&lan=1&r=103&p=1
[Thu, 12 May 2016 16:13:14 EDT] Scraping https://www.fanfiction.net/tv/Supernatural/?&srt=3&lan=1&r=103&p=2
[Thu, 12 May 2016 16:13:17 EDT] Scraping https://www.fanfiction.net/tv/Supernatural/?&srt=3&lan=1&r=103&p=3
[Thu, 12 May 2016 16:13:21 EDT] Scraping https://www.fanfiction.net/tv/Supernatural/?&srt=3&lan=1&r=103&p=4
[Thu, 12 May 2016 16:13:23 EDT] Scraping https://www.fanfiction.net/tv/Supernatural/?&srt=3&lan=1&r=103&p=5
[Thu, 12 May 2016 16:13:26 EDT] Scraping https://www.fanfiction.net/tv/Glee/?&srt=3&lan=1&r=103&p=1
[Thu, 12 May 2016 16:13:30 EDT] Scraping https://www.fanfiction.net/tv/Glee/?&srt=3&lan=1&r=103&p=2
[Thu, 12 May 2016 16:13:32 EDT] Scraping https://www.fanfiction.net/tv/Glee/?&srt=3&lan=1&r=103&p=3
[Thu, 12 May 2016 16:13:36 EDT] Scraping https://www.fanfiction.net/tv/Glee/?&srt=3&lan=1&r=103&p=4
[Thu, 12 May 2016 16:13:41 EDT] Scraping https://www.fanfiction.net/tv/Glee/?&srt=3&lan=1&r=103&p=5
[Thu, 12 May 2016 16:13:45 EDT] Scraping https://www.fanfiction.net/tv/Doctor-Who/?&srt=3&lan=1&r=103&p=1
[Thu, 12 May 2016 16:13:49 EDT] Scraping https://www.fanfiction.net/tv/Doctor-Who/?&srt=3&lan=1&r=103&p=2
[Thu, 12 May 2016 16:13:51 EDT] Scraping https://www.fanfiction.net/tv/Doctor-Who/?&srt=3&lan=1&r=103&p=3
[Thu, 12 May 2016 16:13:55 EDT] Scraping https://www.fanfiction.net/tv/Doctor-Who/?&srt=3&lan=1&r=103&p=4
[Thu, 12 May 2016 16:13:57 EDT] Scraping https://www.fanfiction.net/tv/Doctor-Who/?&srt=3&lan=1&r=103&p=5
[Thu, 12 May 2016 16:14:01 EDT] Scraping https://www.fanfiction.net/tv/Sherlock/?&srt=3&lan=1&r=103&p=1
[Thu, 12 May 2016 16:14:02 EDT] Scraping https://www.fanfiction.net/tv/Sherlock/?&srt=3&lan=1&r=103&p=2
[Thu, 12 May 2016 16:14:07 EDT] Scraping https://www.fanfiction.net/tv/Sherlock/?&srt=3&lan=1&r=103&p=3
[Thu, 12 May 2016 16:14:11 EDT] Scraping https://www.fanfiction.net/tv/Sherlock/?&srt=3&lan=1&r=103&p=4
[Thu, 12 May 2016 16:14:13 EDT] Scraping https://www.fanfiction.net/tv/Sherlock/?&srt=3&lan=1&r=103&p=5
[Thu, 12 May 2016 16:14:17 EDT] Scraping https://www.fanfiction.net/tv/Buffy-The-Vampire-Slayer/?&srt=3&lan=1&r=103&p=1
[Thu, 12 May 2016 16:14:20 EDT] Scraping https://www.fanfiction.net/tv/Buffy-The-Vampire-Slayer/?&srt=3&lan=1&r=103&p=2
[Thu, 12 May 2016 16:14:23 EDT] Scraping https://www.fanfiction.net/tv/Buffy-The-Vampire-Slayer/?&srt=3&lan=1&r=103&p=3
[Thu, 12 May 2016 16:14:27 EDT] Scraping https://www.fanfiction.net/tv/Buffy-The-Vampire-Slayer/?&srt=3&lan=1&r=103&p=4
[Thu, 12 May 2016 16:14:30 EDT] Scraping https://www.fanfiction.net/tv/Buffy-The-Vampire-Slayer/?&srt=3&lan=1&r=103&p=5
[Thu, 12 May 2016 16:14:34 EDT] Scraping https://www.fanfiction.net/tv/Once-Upon-a-Time/?&srt=3&lan=1&r=103&p=1
[Thu, 12 May 2016 16:14:38 EDT] Scraping https://www.fanfiction.net/tv/Once-Upon-a-Time/?&srt=3&lan=1&r=103&p=2
[Thu, 12 May 2016 16:14:42 EDT] Scraping https://www.fanfiction.net/tv/Once-Upon-a-Time/?&srt=3&lan=1&r=103&p=3
[Thu, 12 May 2016 16:14:45 EDT] Scraping https://www.fanfiction.net/tv/Once-Upon-a-Time/?&srt=3&lan=1&r=103&p=4
[Thu, 12 May 2016 16:14:48 EDT] Scraping https://www.fanfiction.net/tv/Once-Upon-a-Time/?&srt=3&lan=1&r=103&p=5
[Thu, 12 May 2016 16:14:52 EDT] Scraping https://www.fanfiction.net/tv/NCIS/?&srt=3&lan=1&r=103&p=1
[Thu, 12 May 2016 16:14:55 EDT] Scraping https://www.fanfiction.net/tv/NCIS/?&srt=3&lan=1&r=103&p=2
[Thu, 12 May 2016 16:14:59 EDT] Scraping https://www.fanfiction.net/tv/NCIS/?&srt=3&lan=1&r=103&p=3
[Thu, 12 May 2016 16:15:05 EDT] Scraping https://www.fanfiction.net/tv/NCIS/?&srt=3&lan=1&r=103&p=4
[Thu, 12 May 2016 16:15:07 EDT] Scraping https://www.fanfiction.net/tv/NCIS/?&srt=3&lan=1&r=103&p=5
[Thu, 12 May 2016 16:15:11 EDT] Scraping https://www.fanfiction.net/tv/Vampire-Diaries/?&srt=3&lan=1&r=103&p=1
[Thu, 12 May 2016 16:15:15 EDT] Scraping https://www.fanfiction.net/tv/Vampire-Diaries/?&srt=3&lan=1&r=103&p=2
[Thu, 12 May 2016 16:15:18 EDT] Scraping https://www.fanfiction.net/tv/Vampire-Diaries/?&srt=3&lan=1&r=103&p=3
[Thu, 12 May 2016 16:15:21 EDT] Scraping https://www.fanfiction.net/tv/Vampire-Diaries/?&srt=3&lan=1&r=103&p=4
[Thu, 12 May 2016 16:15:24 EDT] Scraping https://www.fanfiction.net/tv/Vampire-Diaries/?&srt=3&lan=1&r=103&p=5
[Thu, 12 May 2016 16:15:27 EDT] Scraping https://www.fanfiction.net/tv/Criminal-Minds/?&srt=3&lan=1&r=103&p=1
[Thu, 12 May 2016 16:15:31 EDT] Scraping https://www.fanfiction.net/tv/Criminal-Minds/?&srt=3&lan=1&r=103&p=2
[Thu, 12 May 2016 16:15:32 EDT] Scraping https://www.fanfiction.net/tv/Criminal-Minds/?&srt=3&lan=1&r=103&p=3
[Thu, 12 May 2016 16:15:33 EDT] Scraping https://www.fanfiction.net/tv/Criminal-Minds/?&srt=3&lan=1&r=103&p=4
[Thu, 12 May 2016 16:15:36 EDT] Scraping https://www.fanfiction.net/tv/Criminal-Minds/?&srt=3&lan=1&r=103&p=5
[Thu, 12 May 2016 16:15:38 EDT] Scraping https://www.fanfiction.net/tv/Stargate-SG-1/?&srt=3&lan=1&r=103&p=1
[Thu, 12 May 2016 16:15:43 EDT] Scraping https://www.fanfiction.net/tv/Stargate-SG-1/?&srt=3&lan=1&r=103&p=2
[Thu, 12 May 2016 16:15:44 EDT] Scraping https://www.fanfiction.net/tv/Stargate-SG-1/?&srt=3&lan=1&r=103&p=3
[Thu, 12 May 2016 16:15:46 EDT] Scraping https://www.fanfiction.net/tv/Stargate-SG-1/?&srt=3&lan=1&r=103&p=4
[Thu, 12 May 2016 16:15:51 EDT] Scraping https://www.fanfiction.net/tv/Stargate-SG-1/?&srt=3&lan=1&r=103&p=5
[Thu, 12 May 2016 16:15:55 EDT] Scraping https://www.fanfiction.net/tv/CSI/?&srt=3&lan=1&r=103&p=1
[Thu, 12 May 2016 16:15:59 EDT] Scraping https://www.fanfiction.net/tv/CSI/?&srt=3&lan=1&r=103&p=2
[Thu, 12 May 2016 16:16:01 EDT] Scraping https://www.fanfiction.net/tv/CSI/?&srt=3&lan=1&r=103&p=3
[Thu, 12 May 2016 16:16:04 EDT] Scraping https://www.fanfiction.net/tv/CSI/?&srt=3&lan=1&r=103&p=4
[Thu, 12 May 2016 16:16:09 EDT] Scraping https://www.fanfiction.net/tv/CSI/?&srt=3&lan=1&r=103&p=5
[Thu, 12 May 2016 16:16:12 EDT] Scraping https://www.fanfiction.net/tv/Merlin/?&srt=3&lan=1&r=103&p=1
[Thu, 12 May 2016 16:16:15 EDT] Scraping https://www.fanfiction.net/tv/Merlin/?&srt=3&lan=1&r=103&p=2
[Thu, 12 May 2016 16:16:17 EDT] Scraping https://www.fanfiction.net/tv/Merlin/?&srt=3&lan=1&r=103&p=3
[Thu, 12 May 2016 16:16:18 EDT] Scraping https://www.fanfiction.net/tv/Merlin/?&srt=3&lan=1&r=103&p=4
[Thu, 12 May 2016 16:16:23 EDT] Scraping https://www.fanfiction.net/tv/Merlin/?&srt=3&lan=1&r=103&p=5
[Thu, 12 May 2016 16:16:26 EDT] Scraping https://www.fanfiction.net/tv/Castle/?&srt=3&lan=1&r=103&p=1
[Thu, 12 May 2016 16:16:30 EDT] Scraping https://www.fanfiction.net/tv/Castle/?&srt=3&lan=1&r=103&p=2
[Thu, 12 May 2016 16:16:33 EDT] Scraping https://www.fanfiction.net/tv/Castle/?&srt=3&lan=1&r=103&p=3
[Thu, 12 May 2016 16:16:37 EDT] Scraping https://www.fanfiction.net/tv/Castle/?&srt=3&lan=1&r=103&p=4
[Thu, 12 May 2016 16:16:42 EDT] Scraping https://www.fanfiction.net/tv/Castle/?&srt=3&lan=1&r=103&p=5
[Thu, 12 May 2016 16:16:45 EDT] Scraping https://www.fanfiction.net/tv/House-M-D/?&srt=3&lan=1&r=103&p=1
[Thu, 12 May 2016 16:16:48 EDT] Scraping https://www.fanfiction.net/tv/House-M-D/?&srt=3&lan=1&r=103&p=2
[Thu, 12 May 2016 16:16:53 EDT] Scraping https://www.fanfiction.net/tv/House-M-D/?&srt=3&lan=1&r=103&p=3
[Thu, 12 May 2016 16:16:56 EDT] Scraping https://www.fanfiction.net/tv/House-M-D/?&srt=3&lan=1&r=103&p=4
[Thu, 12 May 2016 16:16:59 EDT] Scraping https://www.fanfiction.net/tv/House-M-D/?&srt=3&lan=1&r=103&p=5
[Thu, 12 May 2016 16:17:01 EDT] Scraping https://www.fanfiction.net/tv/Teen-Wolf/?&srt=3&lan=1&r=103&p=1
[Thu, 12 May 2016 16:17:05 EDT] Scraping https://www.fanfiction.net/tv/Teen-Wolf/?&srt=3&lan=1&r=103&p=2
[Thu, 12 May 2016 16:17:08 EDT] Scraping https://www.fanfiction.net/tv/Teen-Wolf/?&srt=3&lan=1&r=103&p=3
[Thu, 12 May 2016 16:17:12 EDT] Scraping https://www.fanfiction.net/tv/Teen-Wolf/?&srt=3&lan=1&r=103&p=4
[Thu, 12 May 2016 16:17:14 EDT] Scraping https://www.fanfiction.net/tv/Teen-Wolf/?&srt=3&lan=1&r=103&p=5
[Thu, 12 May 2016 16:17:18 EDT] Scraping https://www.fanfiction.net/tv/Bones/?&srt=3&lan=1&r=103&p=1
[Thu, 12 May 2016 16:17:22 EDT] Scraping https://www.fanfiction.net/tv/Bones/?&srt=3&lan=1&r=103&p=2
[Thu, 12 May 2016 16:17:25 EDT] Scraping https://www.fanfiction.net/tv/Bones/?&srt=3&lan=1&r=103&p=3
[Thu, 12 May 2016 16:17:26 EDT] Scraping https://www.fanfiction.net/tv/Bones/?&srt=3&lan=1&r=103&p=4
[Thu, 12 May 2016 16:17:29 EDT] Scraping https://www.fanfiction.net/tv/Bones/?&srt=3&lan=1&r=103&p=5
[Thu, 12 May 2016 16:17:33 EDT] Scraping https://www.fanfiction.net/tv/Stargate-Atlantis/?&srt=3&lan=1&r=103&p=1
[Thu, 12 May 2016 16:17:36 EDT] Scraping https://www.fanfiction.net/tv/Stargate-Atlantis/?&srt=3&lan=1&r=103&p=2
[Thu, 12 May 2016 16:17:41 EDT] Scraping https://www.fanfiction.net/tv/Stargate-Atlantis/?&srt=3&lan=1&r=103&p=3
[Thu, 12 May 2016 16:17:44 EDT] Scraping https://www.fanfiction.net/tv/Stargate-Atlantis/?&srt=3&lan=1&r=103&p=4
[Thu, 12 May 2016 16:17:49 EDT] Scraping https://www.fanfiction.net/tv/Stargate-Atlantis/?&srt=3&lan=1&r=103&p=5
[Thu, 12 May 2016 16:17:52 EDT] Scraped 680 book list pages.
