[Fri, 08 Apr 2016 00:04:06 PDT] Processed 50 scrapes, between [1, 50], in 19192ms
[Fri, 08 Apr 2016 00:04:29 PDT] Processed 50 scrapes, between [51, 100], in 22958ms
[Fri, 08 Apr 2016 00:04:47 PDT] Processed 50 scrapes, between [101, 150], in 17959ms
[Fri, 08 Apr 2016 00:05:05 PDT] Processed 50 scrapes, between [151, 200], in 18293ms
[Fri, 08 Apr 2016 00:05:23 PDT] Processed 50 scrapes, between [201, 250], in 18047ms
[Fri, 08 Apr 2016 00:05:41 PDT] Processed 50 scrapes, between [251, 300], in 17989ms
[Fri, 08 Apr 2016 00:06:00 PDT] Processed 50 scrapes, between [301, 350], in 18189ms
[Fri, 08 Apr 2016 00:06:18 PDT] Processed 50 scrapes, between [351, 400], in 18342ms
[Fri, 08 Apr 2016 00:06:35 PDT] Processed 50 scrapes, between [401, 450], in 17240ms
[Fri, 08 Apr 2016 00:06:53 PDT] Processed 50 scrapes, between [451, 500], in 18099ms
[Fri, 08 Apr 2016 00:07:11 PDT] Processed 50 scrapes, between [501, 550], in 18192ms
[Fri, 08 Apr 2016 00:07:30 PDT] Processed 50 scrapes, between [551, 600], in 18519ms
[Fri, 08 Apr 2016 00:07:48 PDT] Processed 50 scrapes, between [601, 650], in 18362ms
[Fri, 08 Apr 2016 00:08:06 PDT] Processed 50 scrapes, between [651, 700], in 17396ms
Exception in thread "main" java.lang.IllegalArgumentException: String input must not be null
	at org.jsoup.helper.Validate.notNull(Validate.java:26)
	at org.jsoup.parser.TreeBuilder.initialiseParse(TreeBuilder.java:26)
	at org.jsoup.parser.TreeBuilder.parse(TreeBuilder.java:42)
	at org.jsoup.parser.HtmlTreeBuilder.parse(HtmlTreeBuilder.java:53)
	at org.jsoup.parser.Parser.parse(Parser.java:89)
	at org.jsoup.Jsoup.parse(Jsoup.java:58)
	at me.fru1t.fanfiction.web.page.BookSearchPage.<init>(BookSearchPage.java:24)
	at me.fru1t.fanfiction.process.ExtractBooksListDataProcess.run(ExtractBooksListDataProcess.java:20)
	at me.fru1t.fanfiction.Boot.main(Boot.java:21)