[Fri, 08 Apr 2016 00:38:50 PDT] Processed 50 scrapes, between [1, 50], in 18658ms
[Fri, 08 Apr 2016 00:39:07 PDT] Processed 50 scrapes, between [51, 100], in 16952ms
[Fri, 08 Apr 2016 00:39:24 PDT] Processed 50 scrapes, between [101, 150], in 17207ms
[Fri, 08 Apr 2016 00:39:41 PDT] Processed 50 scrapes, between [151, 200], in 17355ms
[Fri, 08 Apr 2016 00:39:59 PDT] Processed 50 scrapes, between [201, 250], in 17514ms
[Fri, 08 Apr 2016 00:40:16 PDT] Processed 50 scrapes, between [251, 300], in 17406ms
[Fri, 08 Apr 2016 00:40:34 PDT] Processed 50 scrapes, between [301, 350], in 17578ms
[Fri, 08 Apr 2016 00:40:52 PDT] Processed 50 scrapes, between [351, 400], in 17857ms
[Fri, 08 Apr 2016 00:41:09 PDT] Processed 50 scrapes, between [401, 450], in 17021ms
[Fri, 08 Apr 2016 00:41:27 PDT] Processed 50 scrapes, between [451, 500], in 17717ms
[Fri, 08 Apr 2016 00:41:44 PDT] Processed 50 scrapes, between [501, 550], in 17503ms
[Fri, 08 Apr 2016 00:42:02 PDT] Processed 50 scrapes, between [551, 600], in 17798ms
[Fri, 08 Apr 2016 00:42:19 PDT] Processed 50 scrapes, between [601, 650], in 17649ms
[Fri, 08 Apr 2016 00:42:37 PDT] Processed 50 scrapes, between [651, 700], in 17223ms
[Fri, 08 Apr 2016 00:42:39 PDT] User message: Skipped scrape with ID 707 due to the following error:
java.lang.IllegalArgumentException: String input must not be null
	at org.jsoup.helper.Validate.notNull(Validate.java:26)
	at org.jsoup.parser.TreeBuilder.initialiseParse(TreeBuilder.java:26)
	at org.jsoup.parser.TreeBuilder.parse(TreeBuilder.java:42)
	at org.jsoup.parser.HtmlTreeBuilder.parse(HtmlTreeBuilder.java:53)
	at org.jsoup.parser.Parser.parse(Parser.java:89)
	at org.jsoup.Jsoup.parse(Jsoup.java:58)
	at me.fru1t.fanfiction.web.page.BookSearchPage.<init>(BookSearchPage.java:24)
	at me.fru1t.fanfiction.process.ExtractBooksListDataProcess.run(ExtractBooksListDataProcess.java:22)
	at me.fru1t.fanfiction.Boot.main(Boot.java:21)
 [194167998]
[Fri, 08 Apr 2016 00:42:54 PDT] Processed 50 scrapes, between [701, 750], in 17220ms
[Fri, 08 Apr 2016 00:43:12 PDT] Processed 50 scrapes, between [751, 800], in 17795ms
[Fri, 08 Apr 2016 00:43:29 PDT] Processed 50 scrapes, between [801, 850], in 17589ms
[Fri, 08 Apr 2016 00:43:47 PDT] Processed 50 scrapes, between [851, 900], in 17552ms
[Fri, 08 Apr 2016 00:44:05 PDT] Processed 50 scrapes, between [901, 950], in 17668ms
[Fri, 08 Apr 2016 00:44:22 PDT] Processed 50 scrapes, between [951, 1000], in 17135ms
[Fri, 08 Apr 2016 00:44:39 PDT] Processed 50 scrapes, between [1001, 1050], in 17498ms
[Fri, 08 Apr 2016 00:44:52 PDT] User message: Skipped scrape with ID 1087 due to the following error:
java.lang.IllegalArgumentException: String input must not be null
	at org.jsoup.helper.Validate.notNull(Validate.java:26)
	at org.jsoup.parser.TreeBuilder.initialiseParse(TreeBuilder.java:26)
	at org.jsoup.parser.TreeBuilder.parse(TreeBuilder.java:42)
	at org.jsoup.parser.HtmlTreeBuilder.parse(HtmlTreeBuilder.java:53)
	at org.jsoup.parser.Parser.parse(Parser.java:89)
	at org.jsoup.Jsoup.parse(Jsoup.java:58)
	at me.fru1t.fanfiction.web.page.BookSearchPage.<init>(BookSearchPage.java:24)
	at me.fru1t.fanfiction.process.ExtractBooksListDataProcess.run(ExtractBooksListDataProcess.java:22)
	at me.fru1t.fanfiction.Boot.main(Boot.java:21)
 [1560474690]
[Fri, 08 Apr 2016 00:44:57 PDT] Processed 50 scrapes, between [1051, 1100], in 17644ms
[Fri, 08 Apr 2016 00:45:15 PDT] Processed 50 scrapes, between [1101, 1150], in 18082ms
[Fri, 08 Apr 2016 00:45:32 PDT] Processed 50 scrapes, between [1151, 1200], in 17598ms
[Fri, 08 Apr 2016 00:45:50 PDT] Processed 50 scrapes, between [1201, 1250], in 17652ms
[Fri, 08 Apr 2016 00:46:08 PDT] Processed 50 scrapes, between [1251, 1300], in 17537ms
[Fri, 08 Apr 2016 00:46:25 PDT] Processed 50 scrapes, between [1301, 1350], in 17234ms
[Fri, 08 Apr 2016 00:46:42 PDT] Processed 50 scrapes, between [1351, 1400], in 17077ms
[Fri, 08 Apr 2016 00:47:00 PDT] Processed 50 scrapes, between [1401, 1450], in 17549ms
[Fri, 08 Apr 2016 00:47:18 PDT] Processed 50 scrapes, between [1451, 1500], in 18407ms
[Fri, 08 Apr 2016 00:47:36 PDT] Processed 50 scrapes, between [1501, 1550], in 17695ms
[Fri, 08 Apr 2016 00:47:53 PDT] Processed 50 scrapes, between [1551, 1600], in 17798ms
[Fri, 08 Apr 2016 00:48:11 PDT] Processed 50 scrapes, between [1601, 1650], in 17378ms
[Fri, 08 Apr 2016 00:48:15 PDT] User message: Skipped scrape with ID 1662 due to the following error:
java.lang.IllegalArgumentException: String input must not be null
	at org.jsoup.helper.Validate.notNull(Validate.java:26)
	at org.jsoup.parser.TreeBuilder.initialiseParse(TreeBuilder.java:26)
	at org.jsoup.parser.TreeBuilder.parse(TreeBuilder.java:42)
	at org.jsoup.parser.HtmlTreeBuilder.parse(HtmlTreeBuilder.java:53)
	at org.jsoup.parser.Parser.parse(Parser.java:89)
	at org.jsoup.Jsoup.parse(Jsoup.java:58)
	at me.fru1t.fanfiction.web.page.BookSearchPage.<init>(BookSearchPage.java:24)
	at me.fru1t.fanfiction.process.ExtractBooksListDataProcess.run(ExtractBooksListDataProcess.java:22)
	at me.fru1t.fanfiction.Boot.main(Boot.java:21)
 [1721617822]
[Fri, 08 Apr 2016 00:48:29 PDT] Processed 50 scrapes, between [1651, 1700], in 18407ms
[Fri, 08 Apr 2016 00:48:48 PDT] Processed 50 scrapes, between [1701, 1750], in 18568ms
[Fri, 08 Apr 2016 00:49:07 PDT] Processed 50 scrapes, between [1751, 1800], in 18899ms
[Fri, 08 Apr 2016 00:49:25 PDT] Processed 50 scrapes, between [1801, 1850], in 18817ms
[Fri, 08 Apr 2016 00:49:44 PDT] Processed 50 scrapes, between [1851, 1900], in 18623ms
[Fri, 08 Apr 2016 00:50:03 PDT] Processed 50 scrapes, between [1901, 1950], in 18603ms
[Fri, 08 Apr 2016 00:50:21 PDT] Processed 50 scrapes, between [1951, 2000], in 18752ms
[Fri, 08 Apr 2016 00:50:24 PDT] User message: Skipped scrape with ID 2008 due to the following error:
java.lang.IllegalArgumentException: String input must not be null
	at org.jsoup.helper.Validate.notNull(Validate.java:26)
	at org.jsoup.parser.TreeBuilder.initialiseParse(TreeBuilder.java:26)
	at org.jsoup.parser.TreeBuilder.parse(TreeBuilder.java:42)
	at org.jsoup.parser.HtmlTreeBuilder.parse(HtmlTreeBuilder.java:53)
	at org.jsoup.parser.Parser.parse(Parser.java:89)
	at org.jsoup.Jsoup.parse(Jsoup.java:58)
	at me.fru1t.fanfiction.web.page.BookSearchPage.<init>(BookSearchPage.java:24)
	at me.fru1t.fanfiction.process.ExtractBooksListDataProcess.run(ExtractBooksListDataProcess.java:22)
	at me.fru1t.fanfiction.Boot.main(Boot.java:21)
 [286054367]
[Fri, 08 Apr 2016 00:50:39 PDT] Processed 50 scrapes, between [2001, 2050], in 17815ms
[Fri, 08 Apr 2016 00:50:47 PDT] User message: Skipped scrape with ID 2071 due to the following error:
java.lang.IllegalArgumentException: String input must not be null
	at org.jsoup.helper.Validate.notNull(Validate.java:26)
	at org.jsoup.parser.TreeBuilder.initialiseParse(TreeBuilder.java:26)
	at org.jsoup.parser.TreeBuilder.parse(TreeBuilder.java:42)
	at org.jsoup.parser.HtmlTreeBuilder.parse(HtmlTreeBuilder.java:53)
	at org.jsoup.parser.Parser.parse(Parser.java:89)
	at org.jsoup.Jsoup.parse(Jsoup.java:58)
	at me.fru1t.fanfiction.web.page.BookSearchPage.<init>(BookSearchPage.java:24)
	at me.fru1t.fanfiction.process.ExtractBooksListDataProcess.run(ExtractBooksListDataProcess.java:22)
	at me.fru1t.fanfiction.Boot.main(Boot.java:21)
 [995835274]
[Fri, 08 Apr 2016 00:50:58 PDT] Processed 50 scrapes, between [2051, 2100], in 18801ms
[Fri, 08 Apr 2016 00:51:18 PDT] Processed 50 scrapes, between [2101, 2150], in 19638ms
[Fri, 08 Apr 2016 00:51:38 PDT] Processed 50 scrapes, between [2151, 2200], in 20248ms
[Fri, 08 Apr 2016 00:51:59 PDT] Processed 50 scrapes, between [2201, 2250], in 21534ms
[Fri, 08 Apr 2016 00:52:22 PDT] Processed 50 scrapes, between [2251, 2300], in 22996ms
[Fri, 08 Apr 2016 00:52:45 PDT] Processed 50 scrapes, between [2301, 2350], in 22966ms
[Fri, 08 Apr 2016 00:53:09 PDT] Processed 50 scrapes, between [2351, 2400], in 23275ms
[Fri, 08 Apr 2016 00:53:32 PDT] Processed 50 scrapes, between [2401, 2450], in 23212ms
[Fri, 08 Apr 2016 00:53:57 PDT] Processed 50 scrapes, between [2451, 2500], in 24971ms
[Fri, 08 Apr 2016 00:54:16 PDT] Processed 50 scrapes, between [2501, 2550], in 19069ms
[Fri, 08 Apr 2016 00:54:35 PDT] Processed 50 scrapes, between [2551, 2600], in 18790ms
[Fri, 08 Apr 2016 00:54:52 PDT] User message: Skipped scrape with ID 2646 due to the following error:
java.lang.IllegalArgumentException: String input must not be null
	at org.jsoup.helper.Validate.notNull(Validate.java:26)
	at org.jsoup.parser.TreeBuilder.initialiseParse(TreeBuilder.java:26)
	at org.jsoup.parser.TreeBuilder.parse(TreeBuilder.java:42)
	at org.jsoup.parser.HtmlTreeBuilder.parse(HtmlTreeBuilder.java:53)
	at org.jsoup.parser.Parser.parse(Parser.java:89)
	at org.jsoup.Jsoup.parse(Jsoup.java:58)
	at me.fru1t.fanfiction.web.page.BookSearchPage.<init>(BookSearchPage.java:24)
	at me.fru1t.fanfiction.process.ExtractBooksListDataProcess.run(ExtractBooksListDataProcess.java:22)
	at me.fru1t.fanfiction.Boot.main(Boot.java:21)
 [1137921275]
[Fri, 08 Apr 2016 00:54:53 PDT] Processed 50 scrapes, between [2601, 2650], in 18538ms
[Fri, 08 Apr 2016 00:55:12 PDT] Processed 50 scrapes, between [2651, 2700], in 18551ms
[Fri, 08 Apr 2016 00:55:31 PDT] Processed 50 scrapes, between [2701, 2750], in 18765ms
[Fri, 08 Apr 2016 00:55:49 PDT] Processed 50 scrapes, between [2751, 2800], in 18233ms
[Fri, 08 Apr 2016 00:56:08 PDT] Processed 50 scrapes, between [2801, 2850], in 19056ms
[Fri, 08 Apr 2016 00:56:26 PDT] Processed 50 scrapes, between [2851, 2900], in 18419ms
[Fri, 08 Apr 2016 00:56:45 PDT] Processed 50 scrapes, between [2901, 2950], in 18582ms
[Fri, 08 Apr 2016 00:57:03 PDT] Processed 50 scrapes, between [2951, 3000], in 18011ms
[Fri, 08 Apr 2016 00:57:20 PDT] Processed 50 scrapes, between [3001, 3050], in 17326ms
[Fri, 08 Apr 2016 00:57:38 PDT] Processed 50 scrapes, between [3051, 3100], in 17391ms
[Fri, 08 Apr 2016 00:57:54 PDT] Processed 50 scrapes, between [3101, 3150], in 16776ms
[Fri, 08 Apr 2016 00:58:11 PDT] Processed 50 scrapes, between [3151, 3200], in 17018ms
[Fri, 08 Apr 2016 00:58:29 PDT] Processed 50 scrapes, between [3201, 3250], in 17292ms
[Fri, 08 Apr 2016 00:58:46 PDT] Processed 50 scrapes, between [3251, 3300], in 17350ms
[Fri, 08 Apr 2016 00:59:03 PDT] Processed 50 scrapes, between [3301, 3350], in 16949ms
[Fri, 08 Apr 2016 00:59:20 PDT] Processed 50 scrapes, between [3351, 3400], in 17350ms
[Fri, 08 Apr 2016 00:59:37 PDT] Processed 50 scrapes, between [3401, 3450], in 16820ms
[Fri, 08 Apr 2016 00:59:54 PDT] Processed 50 scrapes, between [3451, 3500], in 17115ms
[Fri, 08 Apr 2016 01:00:11 PDT] Processed 50 scrapes, between [3501, 3550], in 17131ms
[Fri, 08 Apr 2016 01:00:28 PDT] Processed 50 scrapes, between [3551, 3600], in 17011ms
[Fri, 08 Apr 2016 01:00:46 PDT] Processed 50 scrapes, between [3601, 3650], in 17147ms
[Fri, 08 Apr 2016 01:01:02 PDT] Processed 50 scrapes, between [3651, 3700], in 16821ms
[Fri, 08 Apr 2016 01:01:19 PDT] Processed 50 scrapes, between [3701, 3750], in 16835ms
[Fri, 08 Apr 2016 01:01:36 PDT] Processed 50 scrapes, between [3751, 3800], in 17218ms
[Fri, 08 Apr 2016 01:01:53 PDT] Processed 50 scrapes, between [3801, 3850], in 16974ms
[Fri, 08 Apr 2016 01:02:11 PDT] Processed 50 scrapes, between [3851, 3900], in 17290ms
[Fri, 08 Apr 2016 01:02:28 PDT] Processed 50 scrapes, between [3901, 3950], in 17477ms
[Fri, 08 Apr 2016 01:02:45 PDT] Processed 50 scrapes, between [3951, 4000], in 17144ms
[Fri, 08 Apr 2016 01:03:03 PDT] Processed 50 scrapes, between [4001, 4050], in 17827ms
[Fri, 08 Apr 2016 01:03:21 PDT] Processed 50 scrapes, between [4051, 4100], in 17407ms
[Fri, 08 Apr 2016 01:03:38 PDT] Processed 50 scrapes, between [4101, 4150], in 17757ms
[Fri, 08 Apr 2016 01:03:56 PDT] Processed 50 scrapes, between [4151, 4200], in 17553ms
[Fri, 08 Apr 2016 01:04:14 PDT] Processed 50 scrapes, between [4201, 4250], in 17607ms
[Fri, 08 Apr 2016 01:04:31 PDT] Processed 50 scrapes, between [4251, 4300], in 17612ms
[Fri, 08 Apr 2016 01:04:49 PDT] Processed 50 scrapes, between [4301, 4350], in 18191ms
[Fri, 08 Apr 2016 01:05:07 PDT] Processed 50 scrapes, between [4351, 4400], in 17335ms
[Fri, 08 Apr 2016 01:05:24 PDT] Processed 50 scrapes, between [4401, 4450], in 17761ms
[Fri, 08 Apr 2016 01:05:42 PDT] Processed 50 scrapes, between [4451, 4500], in 17780ms
[Fri, 08 Apr 2016 01:06:00 PDT] Processed 50 scrapes, between [4501, 4550], in 18122ms
[Fri, 08 Apr 2016 01:06:18 PDT] Processed 50 scrapes, between [4551, 4600], in 17694ms
[Fri, 08 Apr 2016 01:06:36 PDT] Processed 50 scrapes, between [4601, 4650], in 18190ms
[Fri, 08 Apr 2016 01:06:56 PDT] Processed 50 scrapes, between [4651, 4700], in 19336ms
[Fri, 08 Apr 2016 01:07:16 PDT] Processed 50 scrapes, between [4701, 4750], in 20835ms
[Fri, 08 Apr 2016 01:07:38 PDT] Processed 50 scrapes, between [4751, 4800], in 22065ms
[Fri, 08 Apr 2016 01:08:01 PDT] Processed 50 scrapes, between [4801, 4850], in 22692ms
[Fri, 08 Apr 2016 01:08:22 PDT] Processed 50 scrapes, between [4851, 4900], in 20988ms
[Fri, 08 Apr 2016 01:08:44 PDT] Processed 50 scrapes, between [4901, 4950], in 21542ms
[Fri, 08 Apr 2016 01:09:05 PDT] Processed 50 scrapes, between [4951, 5000], in 21423ms
[Fri, 08 Apr 2016 01:09:10 PDT] User message: Couldn't find the book name from this search page
java.lang.IndexOutOfBoundsException: Index: 0, Size: 0
	at java.util.ArrayList.rangeCheck(Unknown Source)
	at java.util.ArrayList.get(Unknown Source)
	at me.fru1t.fanfiction.web.page.BookSearchPage.<init>(BookSearchPage.java:33)
	at me.fru1t.fanfiction.web.page.BookSearchPage.<init>(BookSearchPage.java:24)
	at me.fru1t.fanfiction.process.ExtractBooksListDataProcess.run(ExtractBooksListDataProcess.java:22)
	at me.fru1t.fanfiction.Boot.main(Boot.java:21)
 [2009915236]
[Fri, 08 Apr 2016 01:09:26 PDT] Processed 50 scrapes, between [5001, 5050], in 20912ms
[Fri, 08 Apr 2016 01:09:48 PDT] Processed 50 scrapes, between [5051, 5100], in 21555ms
[Fri, 08 Apr 2016 01:10:09 PDT] Processed 50 scrapes, between [5101, 5150], in 21016ms
[Fri, 08 Apr 2016 01:10:31 PDT] Processed 50 scrapes, between [5151, 5200], in 22239ms
[Fri, 08 Apr 2016 01:10:53 PDT] Processed 50 scrapes, between [5201, 5250], in 22373ms
[Fri, 08 Apr 2016 01:11:14 PDT] Processed 50 scrapes, between [5251, 5300], in 21034ms
[Fri, 08 Apr 2016 01:11:35 PDT] Processed 50 scrapes, between [5301, 5350], in 20905ms
[Fri, 08 Apr 2016 01:11:58 PDT] Processed 50 scrapes, between [5351, 5400], in 22469ms
[Fri, 08 Apr 2016 01:12:20 PDT] Processed 50 scrapes, between [5401, 5450], in 22087ms
[Fri, 08 Apr 2016 01:12:42 PDT] Processed 50 scrapes, between [5451, 5500], in 22106ms
[Fri, 08 Apr 2016 01:13:04 PDT] Processed 50 scrapes, between [5501, 5550], in 22160ms
[Fri, 08 Apr 2016 01:13:26 PDT] Processed 50 scrapes, between [5551, 5600], in 21725ms
[Fri, 08 Apr 2016 01:13:48 PDT] Processed 50 scrapes, between [5601, 5650], in 22075ms
[Fri, 08 Apr 2016 01:14:10 PDT] Processed 50 scrapes, between [5651, 5700], in 22268ms
[Fri, 08 Apr 2016 01:14:31 PDT] Processed 50 scrapes, between [5701, 5750], in 21449ms
[Fri, 08 Apr 2016 01:14:53 PDT] Processed 50 scrapes, between [5751, 5800], in 21594ms
[Fri, 08 Apr 2016 01:15:15 PDT] Processed 50 scrapes, between [5801, 5850], in 21786ms
[Fri, 08 Apr 2016 01:15:38 PDT] Processed 50 scrapes, between [5851, 5900], in 23052ms
[Fri, 08 Apr 2016 01:16:01 PDT] Processed 50 scrapes, between [5901, 5950], in 23148ms
[Fri, 08 Apr 2016 01:16:23 PDT] Processed 50 scrapes, between [5951, 6000], in 22323ms
[Fri, 08 Apr 2016 01:16:46 PDT] Processed 50 scrapes, between [6001, 6050], in 22815ms
[Fri, 08 Apr 2016 01:17:09 PDT] Processed 50 scrapes, between [6051, 6100], in 22579ms
[Fri, 08 Apr 2016 01:17:31 PDT] Processed 50 scrapes, between [6101, 6150], in 22715ms
[Fri, 08 Apr 2016 01:17:54 PDT] Processed 50 scrapes, between [6151, 6200], in 22503ms
[Fri, 08 Apr 2016 01:18:17 PDT] Processed 50 scrapes, between [6201, 6250], in 23343ms
[Fri, 08 Apr 2016 01:18:39 PDT] Processed 50 scrapes, between [6251, 6300], in 22064ms
[Fri, 08 Apr 2016 01:19:03 PDT] Processed 50 scrapes, between [6301, 6350], in 23151ms
[Fri, 08 Apr 2016 01:19:26 PDT] Processed 50 scrapes, between [6351, 6400], in 23934ms
[Fri, 08 Apr 2016 01:19:49 PDT] Processed 50 scrapes, between [6401, 6450], in 22228ms
[Fri, 08 Apr 2016 01:20:12 PDT] Processed 50 scrapes, between [6451, 6500], in 23083ms
[Fri, 08 Apr 2016 01:20:35 PDT] Processed 50 scrapes, between [6501, 6550], in 23438ms
[Fri, 08 Apr 2016 01:20:58 PDT] Processed 50 scrapes, between [6551, 6600], in 22293ms
[Fri, 08 Apr 2016 01:21:20 PDT] Processed 50 scrapes, between [6601, 6650], in 22782ms
[Fri, 08 Apr 2016 01:21:34 PDT] User message: Skipped scrape with ID 6680 due to the following error:
java.lang.IllegalArgumentException: String input must not be null
	at org.jsoup.helper.Validate.notNull(Validate.java:26)
	at org.jsoup.parser.TreeBuilder.initialiseParse(TreeBuilder.java:26)
	at org.jsoup.parser.TreeBuilder.parse(TreeBuilder.java:42)
	at org.jsoup.parser.HtmlTreeBuilder.parse(HtmlTreeBuilder.java:53)
	at org.jsoup.parser.Parser.parse(Parser.java:89)
	at org.jsoup.Jsoup.parse(Jsoup.java:58)
	at me.fru1t.fanfiction.web.page.BookSearchPage.<init>(BookSearchPage.java:24)
	at me.fru1t.fanfiction.process.ExtractBooksListDataProcess.run(ExtractBooksListDataProcess.java:22)
	at me.fru1t.fanfiction.Boot.main(Boot.java:21)
 [1510058427]
[Fri, 08 Apr 2016 01:21:42 PDT] Processed 50 scrapes, between [6651, 6700], in 21676ms
[Fri, 08 Apr 2016 01:22:05 PDT] Processed 50 scrapes, between [6701, 6750], in 22628ms
[Fri, 08 Apr 2016 01:22:28 PDT] Processed 50 scrapes, between [6751, 6800], in 22916ms
[Fri, 08 Apr 2016 01:22:50 PDT] Processed 50 scrapes, between [6801, 6850], in 22687ms
[Fri, 08 Apr 2016 01:23:13 PDT] Processed 50 scrapes, between [6851, 6900], in 22855ms
[Fri, 08 Apr 2016 01:23:35 PDT] Processed 50 scrapes, between [6901, 6950], in 22375ms
[Fri, 08 Apr 2016 01:23:58 PDT] Processed 50 scrapes, between [6951, 7000], in 22684ms
[Fri, 08 Apr 2016 01:24:21 PDT] Processed 50 scrapes, between [7001, 7050], in 22936ms
[Fri, 08 Apr 2016 01:24:44 PDT] Processed 50 scrapes, between [7051, 7100], in 22889ms
[Fri, 08 Apr 2016 01:25:07 PDT] Processed 50 scrapes, between [7101, 7150], in 23008ms
[Fri, 08 Apr 2016 01:25:30 PDT] Processed 50 scrapes, between [7151, 7200], in 22585ms
[Fri, 08 Apr 2016 01:25:51 PDT] Processed 50 scrapes, between [7201, 7250], in 21768ms
[Fri, 08 Apr 2016 01:26:14 PDT] Processed 50 scrapes, between [7251, 7300], in 22712ms
[Fri, 08 Apr 2016 01:26:36 PDT] Processed 50 scrapes, between [7301, 7350], in 22134ms
[Fri, 08 Apr 2016 01:26:57 PDT] Processed 50 scrapes, between [7351, 7400], in 21208ms
[Fri, 08 Apr 2016 01:27:20 PDT] Processed 50 scrapes, between [7401, 7450], in 22189ms
[Fri, 08 Apr 2016 01:27:42 PDT] Processed 50 scrapes, between [7451, 7500], in 22441ms
[Fri, 08 Apr 2016 01:28:04 PDT] Processed 50 scrapes, between [7501, 7550], in 21681ms
[Fri, 08 Apr 2016 01:28:26 PDT] Processed 50 scrapes, between [7551, 7600], in 22134ms
[Fri, 08 Apr 2016 01:28:48 PDT] Processed 50 scrapes, between [7601, 7650], in 22217ms
[Fri, 08 Apr 2016 01:29:10 PDT] Processed 50 scrapes, between [7651, 7700], in 22421ms
[Fri, 08 Apr 2016 01:29:33 PDT] Processed 50 scrapes, between [7701, 7750], in 22545ms
[Fri, 08 Apr 2016 01:29:56 PDT] Processed 50 scrapes, between [7751, 7800], in 22589ms
[Fri, 08 Apr 2016 01:30:17 PDT] Processed 50 scrapes, between [7801, 7850], in 21530ms
[Fri, 08 Apr 2016 01:30:40 PDT] Processed 50 scrapes, between [7851, 7900], in 23007ms
[Fri, 08 Apr 2016 01:31:03 PDT] Processed 50 scrapes, between [7901, 7950], in 22425ms
[Fri, 08 Apr 2016 01:31:24 PDT] Processed 50 scrapes, between [7951, 8000], in 21233ms
[Fri, 08 Apr 2016 01:31:45 PDT] Processed 50 scrapes, between [8001, 8050], in 21138ms
[Fri, 08 Apr 2016 01:32:06 PDT] Processed 50 scrapes, between [8051, 8100], in 20803ms
[Fri, 08 Apr 2016 01:32:26 PDT] Processed 50 scrapes, between [8101, 8150], in 20693ms
[Fri, 08 Apr 2016 01:32:47 PDT] Processed 50 scrapes, between [8151, 8200], in 20859ms
[Fri, 08 Apr 2016 01:33:08 PDT] Processed 50 scrapes, between [8201, 8250], in 20637ms
[Fri, 08 Apr 2016 01:33:29 PDT] Processed 50 scrapes, between [8251, 8300], in 20722ms
[Fri, 08 Apr 2016 01:33:51 PDT] Processed 50 scrapes, between [8301, 8350], in 21893ms
[Fri, 08 Apr 2016 01:34:12 PDT] Processed 50 scrapes, between [8351, 8400], in 21033ms
[Fri, 08 Apr 2016 01:34:33 PDT] Processed 50 scrapes, between [8401, 8450], in 21394ms
[Fri, 08 Apr 2016 01:34:54 PDT] Processed 50 scrapes, between [8451, 8500], in 21373ms
[Fri, 08 Apr 2016 01:35:15 PDT] Processed 50 scrapes, between [8501, 8550], in 20955ms
[Fri, 08 Apr 2016 01:35:37 PDT] Processed 50 scrapes, between [8551, 8600], in 21296ms
[Fri, 08 Apr 2016 01:35:58 PDT] Processed 50 scrapes, between [8601, 8650], in 20969ms
[Fri, 08 Apr 2016 01:36:18 PDT] Processed 50 scrapes, between [8651, 8700], in 20278ms
[Fri, 08 Apr 2016 01:36:39 PDT] Processed 50 scrapes, between [8701, 8750], in 20953ms
[Fri, 08 Apr 2016 01:36:59 PDT] Processed 50 scrapes, between [8751, 8800], in 20227ms
[Fri, 08 Apr 2016 01:37:20 PDT] Processed 50 scrapes, between [8801, 8850], in 20970ms
[Fri, 08 Apr 2016 01:37:40 PDT] Processed 50 scrapes, between [8851, 8900], in 20438ms
[Fri, 08 Apr 2016 01:38:01 PDT] Processed 50 scrapes, between [8901, 8950], in 20505ms
[Fri, 08 Apr 2016 01:38:22 PDT] Processed 50 scrapes, between [8951, 9000], in 21197ms
[Fri, 08 Apr 2016 01:38:43 PDT] Processed 50 scrapes, between [9001, 9050], in 20539ms
[Fri, 08 Apr 2016 01:39:04 PDT] Processed 50 scrapes, between [9051, 9100], in 21097ms
[Fri, 08 Apr 2016 01:39:24 PDT] Processed 50 scrapes, between [9101, 9150], in 20276ms
[Fri, 08 Apr 2016 01:39:45 PDT] Processed 50 scrapes, between [9151, 9200], in 21114ms
[Fri, 08 Apr 2016 01:39:47 PDT] User message: Skipped scrape with ID 9205 due to the following error:
java.lang.IllegalArgumentException: String input must not be null
	at org.jsoup.helper.Validate.notNull(Validate.java:26)
	at org.jsoup.parser.TreeBuilder.initialiseParse(TreeBuilder.java:26)
	at org.jsoup.parser.TreeBuilder.parse(TreeBuilder.java:42)
	at org.jsoup.parser.HtmlTreeBuilder.parse(HtmlTreeBuilder.java:53)
	at org.jsoup.parser.Parser.parse(Parser.java:89)
	at org.jsoup.Jsoup.parse(Jsoup.java:58)
	at me.fru1t.fanfiction.web.page.BookSearchPage.<init>(BookSearchPage.java:24)
	at me.fru1t.fanfiction.process.ExtractBooksListDataProcess.run(ExtractBooksListDataProcess.java:22)
	at me.fru1t.fanfiction.Boot.main(Boot.java:21)
 [487225146]
[Fri, 08 Apr 2016 01:40:06 PDT] Processed 50 scrapes, between [9201, 9250], in 20833ms
[Fri, 08 Apr 2016 01:40:10 PDT] User message: Skipped scrape with ID 9261 due to the following error:
java.lang.IllegalArgumentException: String input must not be null
	at org.jsoup.helper.Validate.notNull(Validate.java:26)
	at org.jsoup.parser.TreeBuilder.initialiseParse(TreeBuilder.java:26)
	at org.jsoup.parser.TreeBuilder.parse(TreeBuilder.java:42)
	at org.jsoup.parser.HtmlTreeBuilder.parse(HtmlTreeBuilder.java:53)
	at org.jsoup.parser.Parser.parse(Parser.java:89)
	at org.jsoup.Jsoup.parse(Jsoup.java:58)
	at me.fru1t.fanfiction.web.page.BookSearchPage.<init>(BookSearchPage.java:24)
	at me.fru1t.fanfiction.process.ExtractBooksListDataProcess.run(ExtractBooksListDataProcess.java:22)
	at me.fru1t.fanfiction.Boot.main(Boot.java:21)
 [1804683280]
[Fri, 08 Apr 2016 01:40:27 PDT] Processed 50 scrapes, between [9251, 9300], in 20825ms
[Fri, 08 Apr 2016 01:40:47 PDT] Processed 50 scrapes, between [9301, 9350], in 20079ms
[Fri, 08 Apr 2016 01:41:07 PDT] Processed 50 scrapes, between [9351, 9400], in 20171ms
[Fri, 08 Apr 2016 01:41:28 PDT] Processed 50 scrapes, between [9401, 9450], in 20598ms
[Fri, 08 Apr 2016 01:41:48 PDT] Processed 50 scrapes, between [9451, 9500], in 20407ms
[Fri, 08 Apr 2016 01:42:04 PDT] User message: Skipped scrape with ID 9538 due to the following error:
java.lang.IllegalArgumentException: String input must not be null
	at org.jsoup.helper.Validate.notNull(Validate.java:26)
	at org.jsoup.parser.TreeBuilder.initialiseParse(TreeBuilder.java:26)
	at org.jsoup.parser.TreeBuilder.parse(TreeBuilder.java:42)
	at org.jsoup.parser.HtmlTreeBuilder.parse(HtmlTreeBuilder.java:53)
	at org.jsoup.parser.Parser.parse(Parser.java:89)
	at org.jsoup.Jsoup.parse(Jsoup.java:58)
	at me.fru1t.fanfiction.web.page.BookSearchPage.<init>(BookSearchPage.java:24)
	at me.fru1t.fanfiction.process.ExtractBooksListDataProcess.run(ExtractBooksListDataProcess.java:22)
	at me.fru1t.fanfiction.Boot.main(Boot.java:21)
 [800746931]
[Fri, 08 Apr 2016 01:42:09 PDT] Processed 50 scrapes, between [9501, 9550], in 20643ms
[Fri, 08 Apr 2016 01:42:29 PDT] Processed 50 scrapes, between [9551, 9600], in 20344ms
[Fri, 08 Apr 2016 01:42:50 PDT] Processed 50 scrapes, between [9601, 9650], in 20807ms
[Fri, 08 Apr 2016 01:43:11 PDT] Processed 50 scrapes, between [9651, 9700], in 21156ms
[Fri, 08 Apr 2016 01:43:31 PDT] Processed 50 scrapes, between [9701, 9750], in 20444ms
[Fri, 08 Apr 2016 01:43:53 PDT] Processed 50 scrapes, between [9751, 9800], in 21372ms
[Fri, 08 Apr 2016 01:44:13 PDT] Processed 50 scrapes, between [9801, 9850], in 20630ms
[Fri, 08 Apr 2016 01:44:33 PDT] Processed 50 scrapes, between [9851, 9900], in 19708ms
[Fri, 08 Apr 2016 01:44:54 PDT] Processed 50 scrapes, between [9901, 9950], in 20445ms
[Fri, 08 Apr 2016 01:45:14 PDT] Processed 50 scrapes, between [9951, 10000], in 19967ms
[Fri, 08 Apr 2016 01:45:21 PDT] User message: Skipped scrape with ID 10020 due to the following error:
java.lang.IllegalArgumentException: String input must not be null
	at org.jsoup.helper.Validate.notNull(Validate.java:26)
	at org.jsoup.parser.TreeBuilder.initialiseParse(TreeBuilder.java:26)
	at org.jsoup.parser.TreeBuilder.parse(TreeBuilder.java:42)
	at org.jsoup.parser.HtmlTreeBuilder.parse(HtmlTreeBuilder.java:53)
	at org.jsoup.parser.Parser.parse(Parser.java:89)
	at org.jsoup.Jsoup.parse(Jsoup.java:58)
	at me.fru1t.fanfiction.web.page.BookSearchPage.<init>(BookSearchPage.java:24)
	at me.fru1t.fanfiction.process.ExtractBooksListDataProcess.run(ExtractBooksListDataProcess.java:22)
	at me.fru1t.fanfiction.Boot.main(Boot.java:21)
 [1220125787]
[Fri, 08 Apr 2016 01:45:34 PDT] Processed 50 scrapes, between [10001, 10050], in 20076ms
[Fri, 08 Apr 2016 01:45:53 PDT] Processed 50 scrapes, between [10051, 10100], in 19689ms
[Fri, 08 Apr 2016 01:46:14 PDT] Processed 50 scrapes, between [10101, 10150], in 20530ms
[Fri, 08 Apr 2016 01:46:34 PDT] Processed 50 scrapes, between [10151, 10200], in 20019ms
[Fri, 08 Apr 2016 01:46:54 PDT] Processed 50 scrapes, between [10201, 10250], in 20636ms
[Fri, 08 Apr 2016 01:47:14 PDT] Processed 50 scrapes, between [10251, 10300], in 19858ms
[Fri, 08 Apr 2016 01:47:35 PDT] Processed 50 scrapes, between [10301, 10350], in 20400ms
[Fri, 08 Apr 2016 01:47:42 PDT] User message: Skipped scrape with ID 10370 due to the following error:
java.lang.IllegalArgumentException: String input must not be null
	at org.jsoup.helper.Validate.notNull(Validate.java:26)
	at org.jsoup.parser.TreeBuilder.initialiseParse(TreeBuilder.java:26)
	at org.jsoup.parser.TreeBuilder.parse(TreeBuilder.java:42)
	at org.jsoup.parser.HtmlTreeBuilder.parse(HtmlTreeBuilder.java:53)
	at org.jsoup.parser.Parser.parse(Parser.java:89)
	at org.jsoup.Jsoup.parse(Jsoup.java:58)
	at me.fru1t.fanfiction.web.page.BookSearchPage.<init>(BookSearchPage.java:24)
	at me.fru1t.fanfiction.process.ExtractBooksListDataProcess.run(ExtractBooksListDataProcess.java:22)
	at me.fru1t.fanfiction.Boot.main(Boot.java:21)
 [2055639153]
[Fri, 08 Apr 2016 01:47:54 PDT] Processed 50 scrapes, between [10351, 10400], in 19679ms
[Fri, 08 Apr 2016 01:48:10 PDT] User message: Skipped scrape with ID 10439 due to the following error:
java.lang.IllegalArgumentException: String input must not be null
	at org.jsoup.helper.Validate.notNull(Validate.java:26)
	at org.jsoup.parser.TreeBuilder.initialiseParse(TreeBuilder.java:26)
	at org.jsoup.parser.TreeBuilder.parse(TreeBuilder.java:42)
	at org.jsoup.parser.HtmlTreeBuilder.parse(HtmlTreeBuilder.java:53)
	at org.jsoup.parser.Parser.parse(Parser.java:89)
	at org.jsoup.Jsoup.parse(Jsoup.java:58)
	at me.fru1t.fanfiction.web.page.BookSearchPage.<init>(BookSearchPage.java:24)
	at me.fru1t.fanfiction.process.ExtractBooksListDataProcess.run(ExtractBooksListDataProcess.java:22)
	at me.fru1t.fanfiction.Boot.main(Boot.java:21)
 [68025917]
[Fri, 08 Apr 2016 01:48:14 PDT] Processed 50 scrapes, between [10401, 10450], in 20039ms
[Fri, 08 Apr 2016 01:48:35 PDT] Processed 50 scrapes, between [10451, 10500], in 20828ms
[Fri, 08 Apr 2016 01:48:56 PDT] Processed 50 scrapes, between [10501, 10550], in 20572ms
[Fri, 08 Apr 2016 01:49:16 PDT] Processed 50 scrapes, between [10551, 10600], in 20220ms
[Fri, 08 Apr 2016 01:49:36 PDT] Processed 50 scrapes, between [10601, 10650], in 19956ms
[Fri, 08 Apr 2016 01:49:56 PDT] Processed 50 scrapes, between [10651, 10700], in 19989ms
[Fri, 08 Apr 2016 01:50:17 PDT] Processed 50 scrapes, between [10701, 10750], in 20655ms
[Fri, 08 Apr 2016 01:50:36 PDT] Processed 50 scrapes, between [10751, 10800], in 19617ms
[Fri, 08 Apr 2016 01:50:56 PDT] Processed 50 scrapes, between [10801, 10850], in 19623ms
[Fri, 08 Apr 2016 01:51:16 PDT] Processed 50 scrapes, between [10851, 10900], in 19970ms
[Fri, 08 Apr 2016 01:51:36 PDT] Processed 50 scrapes, between [10901, 10950], in 19859ms
[Fri, 08 Apr 2016 01:51:48 PDT] User message: Skipped scrape with ID 10981 due to the following error:
java.lang.IllegalArgumentException: String input must not be null
	at org.jsoup.helper.Validate.notNull(Validate.java:26)
	at org.jsoup.parser.TreeBuilder.initialiseParse(TreeBuilder.java:26)
	at org.jsoup.parser.TreeBuilder.parse(TreeBuilder.java:42)
	at org.jsoup.parser.HtmlTreeBuilder.parse(HtmlTreeBuilder.java:53)
	at org.jsoup.parser.Parser.parse(Parser.java:89)
	at org.jsoup.Jsoup.parse(Jsoup.java:58)
	at me.fru1t.fanfiction.web.page.BookSearchPage.<init>(BookSearchPage.java:24)
	at me.fru1t.fanfiction.process.ExtractBooksListDataProcess.run(ExtractBooksListDataProcess.java:22)
	at me.fru1t.fanfiction.Boot.main(Boot.java:21)
 [591791802]
[Fri, 08 Apr 2016 01:51:56 PDT] Processed 50 scrapes, between [10951, 11000], in 20385ms
[Fri, 08 Apr 2016 01:52:17 PDT] Processed 50 scrapes, between [11001, 11050], in 21142ms
[Fri, 08 Apr 2016 01:52:37 PDT] Processed 50 scrapes, between [11051, 11100], in 19938ms
[Fri, 08 Apr 2016 01:52:57 PDT] Processed 50 scrapes, between [11101, 11150], in 19416ms
[Fri, 08 Apr 2016 01:53:17 PDT] Processed 50 scrapes, between [11151, 11200], in 20558ms
[Fri, 08 Apr 2016 01:53:33 PDT] Processed 50 scrapes, between [11201, 11250], in 15496ms
[Fri, 08 Apr 2016 01:53:48 PDT] Processed 50 scrapes, between [11251, 11300], in 15506ms
[Fri, 08 Apr 2016 01:54:04 PDT] Processed 50 scrapes, between [11301, 11350], in 15922ms
[Fri, 08 Apr 2016 01:54:21 PDT] Processed 50 scrapes, between [11351, 11400], in 16655ms
[Fri, 08 Apr 2016 01:54:31 PDT] User message: null
java.sql.BatchUpdateException: Data truncation: Data too long for column 'author' at row 1
	at sun.reflect.NativeConstructorAccessorImpl.newInstance0(Native Method)
	at sun.reflect.NativeConstructorAccessorImpl.newInstance(Unknown Source)
	at sun.reflect.DelegatingConstructorAccessorImpl.newInstance(Unknown Source)
	at java.lang.reflect.Constructor.newInstance(Unknown Source)
	at com.mysql.jdbc.Util.handleNewInstance(Util.java:404)
	at com.mysql.jdbc.Util.getInstance(Util.java:387)
	at com.mysql.jdbc.SQLError.createBatchUpdateException(SQLError.java:1154)
	at com.mysql.jdbc.PreparedStatement.executeBatchSerially(PreparedStatement.java:1773)
	at com.mysql.jdbc.PreparedStatement.executeBatchInternal(PreparedStatement.java:1257)
	at com.mysql.jdbc.StatementImpl.executeLargeBatch(StatementImpl.java:2597)
	at com.mysql.jdbc.CallableStatement.executeLargeBatch(CallableStatement.java:2418)
	at com.mysql.jdbc.CallableStatement.executeBatch(CallableStatement.java:2212)
	at me.fru1t.fanfiction.database.schema.Scrape.uspScrapeAddProcessedBookResultElement(Scrape.java:204)
	at me.fru1t.fanfiction.process.ExtractBooksListDataProcess.run(ExtractBooksListDataProcess.java:23)
	at me.fru1t.fanfiction.Boot.main(Boot.java:21)
Caused by: com.mysql.jdbc.MysqlDataTruncation: Data truncation: Data too long for column 'author' at row 1
	at com.mysql.jdbc.MysqlIO.checkErrorPacket(MysqlIO.java:3876)
	at com.mysql.jdbc.MysqlIO.checkErrorPacket(MysqlIO.java:3814)
	at com.mysql.jdbc.MysqlIO.sendCommand(MysqlIO.java:2478)
	at com.mysql.jdbc.MysqlIO.sqlQueryDirect(MysqlIO.java:2625)
	at com.mysql.jdbc.ConnectionImpl.execSQL(ConnectionImpl.java:2551)
	at com.mysql.jdbc.PreparedStatement.executeInternal(PreparedStatement.java:1861)
	at com.mysql.jdbc.PreparedStatement.executeUpdateInternal(PreparedStatement.java:2073)
	at com.mysql.jdbc.PreparedStatement.executeBatchSerially(PreparedStatement.java:1751)
	... 7 more
 [1225485193]
[Fri, 08 Apr 2016 01:54:37 PDT] Processed 50 scrapes, between [11401, 11450], in 16692ms
[Fri, 08 Apr 2016 01:54:54 PDT] Processed 50 scrapes, between [11451, 11500], in 16248ms
[Fri, 08 Apr 2016 01:55:10 PDT] Processed 50 scrapes, between [11501, 11550], in 16527ms
[Fri, 08 Apr 2016 01:55:28 PDT] Processed 50 scrapes, between [11551, 11600], in 18117ms
[Fri, 08 Apr 2016 01:55:44 PDT] Processed 50 scrapes, between [11601, 11650], in 15988ms
[Fri, 08 Apr 2016 01:56:02 PDT] Processed 50 scrapes, between [11651, 11700], in 17191ms
[Fri, 08 Apr 2016 01:56:18 PDT] Processed 50 scrapes, between [11701, 11750], in 16183ms
[Fri, 08 Apr 2016 01:56:34 PDT] Processed 50 scrapes, between [11751, 11800], in 16291ms
[Fri, 08 Apr 2016 01:56:51 PDT] Processed 50 scrapes, between [11801, 11850], in 16750ms
[Fri, 08 Apr 2016 01:57:07 PDT] Processed 50 scrapes, between [11851, 11900], in 16363ms
[Fri, 08 Apr 2016 01:57:24 PDT] Processed 50 scrapes, between [11901, 11950], in 16889ms
[Fri, 08 Apr 2016 01:57:41 PDT] Processed 50 scrapes, between [11951, 12000], in 16845ms
[Fri, 08 Apr 2016 01:57:57 PDT] Processed 50 scrapes, between [12001, 12050], in 16353ms
[Fri, 08 Apr 2016 01:58:14 PDT] Processed 50 scrapes, between [12051, 12100], in 16337ms
[Fri, 08 Apr 2016 01:58:30 PDT] Processed 50 scrapes, between [12101, 12150], in 16755ms
[Fri, 08 Apr 2016 01:58:47 PDT] Processed 50 scrapes, between [12151, 12200], in 16304ms
[Fri, 08 Apr 2016 01:59:02 PDT] Processed 50 scrapes, between [12201, 12250], in 15288ms
[Fri, 08 Apr 2016 01:59:18 PDT] Processed 50 scrapes, between [12251, 12300], in 16289ms
[Fri, 08 Apr 2016 01:59:34 PDT] Processed 50 scrapes, between [12301, 12350], in 15855ms
[Fri, 08 Apr 2016 01:59:50 PDT] Processed 50 scrapes, between [12351, 12400], in 16285ms
[Fri, 08 Apr 2016 02:00:07 PDT] Processed 50 scrapes, between [12401, 12450], in 16625ms
[Fri, 08 Apr 2016 02:00:23 PDT] Processed 50 scrapes, between [12451, 12500], in 15734ms
[Fri, 08 Apr 2016 02:00:39 PDT] Processed 50 scrapes, between [12501, 12550], in 16320ms
[Fri, 08 Apr 2016 02:00:42 PDT] User message: null
java.sql.BatchUpdateException: Data truncation: Data too long for column 'author' at row 1
	at sun.reflect.NativeConstructorAccessorImpl.newInstance0(Native Method)
	at sun.reflect.NativeConstructorAccessorImpl.newInstance(Unknown Source)
	at sun.reflect.DelegatingConstructorAccessorImpl.newInstance(Unknown Source)
	at java.lang.reflect.Constructor.newInstance(Unknown Source)
	at com.mysql.jdbc.Util.handleNewInstance(Util.java:404)
	at com.mysql.jdbc.Util.getInstance(Util.java:387)
	at com.mysql.jdbc.SQLError.createBatchUpdateException(SQLError.java:1154)
	at com.mysql.jdbc.PreparedStatement.executeBatchSerially(PreparedStatement.java:1773)
	at com.mysql.jdbc.PreparedStatement.executeBatchInternal(PreparedStatement.java:1257)
	at com.mysql.jdbc.StatementImpl.executeLargeBatch(StatementImpl.java:2597)
	at com.mysql.jdbc.CallableStatement.executeLargeBatch(CallableStatement.java:2418)
	at com.mysql.jdbc.CallableStatement.executeBatch(CallableStatement.java:2212)
	at me.fru1t.fanfiction.database.schema.Scrape.uspScrapeAddProcessedBookResultElement(Scrape.java:204)
	at me.fru1t.fanfiction.process.ExtractBooksListDataProcess.run(ExtractBooksListDataProcess.java:23)
	at me.fru1t.fanfiction.Boot.main(Boot.java:21)
Caused by: com.mysql.jdbc.MysqlDataTruncation: Data truncation: Data too long for column 'author' at row 1
	at com.mysql.jdbc.MysqlIO.checkErrorPacket(MysqlIO.java:3876)
	at com.mysql.jdbc.MysqlIO.checkErrorPacket(MysqlIO.java:3814)
	at com.mysql.jdbc.MysqlIO.sendCommand(MysqlIO.java:2478)
	at com.mysql.jdbc.MysqlIO.sqlQueryDirect(MysqlIO.java:2625)
	at com.mysql.jdbc.ConnectionImpl.execSQL(ConnectionImpl.java:2551)
	at com.mysql.jdbc.PreparedStatement.executeInternal(PreparedStatement.java:1861)
	at com.mysql.jdbc.PreparedStatement.executeUpdateInternal(PreparedStatement.java:2073)
	at com.mysql.jdbc.PreparedStatement.executeBatchSerially(PreparedStatement.java:1751)
	... 7 more
 [717602696]
[Fri, 08 Apr 2016 02:00:56 PDT] Processed 50 scrapes, between [12551, 12600], in 16608ms
[Fri, 08 Apr 2016 02:01:12 PDT] Processed 50 scrapes, between [12601, 12650], in 16385ms
[Fri, 08 Apr 2016 02:01:28 PDT] Processed 50 scrapes, between [12651, 12700], in 16078ms
[Fri, 08 Apr 2016 02:01:46 PDT] Processed 50 scrapes, between [12701, 12750], in 17454ms
[Fri, 08 Apr 2016 02:02:01 PDT] Processed 50 scrapes, between [12751, 12800], in 15838ms
[Fri, 08 Apr 2016 02:02:17 PDT] Processed 50 scrapes, between [12801, 12850], in 15700ms
[Fri, 08 Apr 2016 02:02:33 PDT] Processed 50 scrapes, between [12851, 12900], in 16180ms
[Fri, 08 Apr 2016 02:02:49 PDT] Processed 50 scrapes, between [12901, 12950], in 15980ms
[Fri, 08 Apr 2016 02:03:06 PDT] Processed 50 scrapes, between [12951, 13000], in 16496ms
[Fri, 08 Apr 2016 02:03:22 PDT] Processed 50 scrapes, between [13001, 13050], in 16280ms
[Fri, 08 Apr 2016 02:03:38 PDT] Processed 50 scrapes, between [13051, 13100], in 16451ms
[Fri, 08 Apr 2016 02:03:55 PDT] Processed 50 scrapes, between [13101, 13150], in 16478ms
[Fri, 08 Apr 2016 02:04:11 PDT] Processed 50 scrapes, between [13151, 13200], in 16058ms
[Fri, 08 Apr 2016 02:04:26 PDT] Processed 50 scrapes, between [13201, 13250], in 15465ms
[Fri, 08 Apr 2016 02:04:42 PDT] Processed 50 scrapes, between [13251, 13300], in 15271ms
[Fri, 08 Apr 2016 02:04:58 PDT] Processed 50 scrapes, between [13301, 13350], in 15840ms
[Fri, 08 Apr 2016 02:05:14 PDT] Processed 50 scrapes, between [13351, 13400], in 15976ms
[Fri, 08 Apr 2016 02:05:29 PDT] Processed 50 scrapes, between [13401, 13450], in 15445ms
[Fri, 08 Apr 2016 02:05:44 PDT] Processed 50 scrapes, between [13451, 13500], in 15327ms
[Fri, 08 Apr 2016 02:05:59 PDT] Processed 50 scrapes, between [13501, 13550], in 14940ms
[Fri, 08 Apr 2016 02:06:15 PDT] Processed 50 scrapes, between [13551, 13600], in 16230ms
[Fri, 08 Apr 2016 02:06:31 PDT] Processed 50 scrapes, between [13601, 13650], in 15285ms
[Fri, 08 Apr 2016 02:06:46 PDT] Processed 50 scrapes, between [13651, 13700], in 15150ms
[Fri, 08 Apr 2016 02:07:01 PDT] Processed 50 scrapes, between [13701, 13750], in 14811ms
[Fri, 08 Apr 2016 02:07:16 PDT] Processed 50 scrapes, between [13751, 13800], in 15004ms
[Fri, 08 Apr 2016 02:07:31 PDT] Processed 50 scrapes, between [13801, 13850], in 14912ms
[Fri, 08 Apr 2016 02:07:46 PDT] Processed 50 scrapes, between [13851, 13900], in 15184ms
[Fri, 08 Apr 2016 02:08:01 PDT] Processed 50 scrapes, between [13901, 13950], in 15337ms
[Fri, 08 Apr 2016 02:08:16 PDT] Processed 50 scrapes, between [13951, 14000], in 14870ms
[Fri, 08 Apr 2016 02:08:18 PDT] User message: Skipped scrape with ID 14006 due to the following error:
java.lang.IllegalArgumentException: String input must not be null
	at org.jsoup.helper.Validate.notNull(Validate.java:26)
	at org.jsoup.parser.TreeBuilder.initialiseParse(TreeBuilder.java:26)
	at org.jsoup.parser.TreeBuilder.parse(TreeBuilder.java:42)
	at org.jsoup.parser.HtmlTreeBuilder.parse(HtmlTreeBuilder.java:53)
	at org.jsoup.parser.Parser.parse(Parser.java:89)
	at org.jsoup.Jsoup.parse(Jsoup.java:58)
	at me.fru1t.fanfiction.web.page.BookSearchPage.<init>(BookSearchPage.java:24)
	at me.fru1t.fanfiction.process.ExtractBooksListDataProcess.run(ExtractBooksListDataProcess.java:22)
	at me.fru1t.fanfiction.Boot.main(Boot.java:21)
 [710373762]
[Fri, 08 Apr 2016 02:08:31 PDT] Processed 50 scrapes, between [14001, 14050], in 14956ms
[Fri, 08 Apr 2016 02:08:46 PDT] Processed 50 scrapes, between [14051, 14100], in 15008ms
[Fri, 08 Apr 2016 02:08:52 PDT] User message: Skipped scrape with ID 14119 due to the following error:
java.lang.IllegalArgumentException: String input must not be null
	at org.jsoup.helper.Validate.notNull(Validate.java:26)
	at org.jsoup.parser.TreeBuilder.initialiseParse(TreeBuilder.java:26)
	at org.jsoup.parser.TreeBuilder.parse(TreeBuilder.java:42)
	at org.jsoup.parser.HtmlTreeBuilder.parse(HtmlTreeBuilder.java:53)
	at org.jsoup.parser.Parser.parse(Parser.java:89)
	at org.jsoup.Jsoup.parse(Jsoup.java:58)
	at me.fru1t.fanfiction.web.page.BookSearchPage.<init>(BookSearchPage.java:24)
	at me.fru1t.fanfiction.process.ExtractBooksListDataProcess.run(ExtractBooksListDataProcess.java:22)
	at me.fru1t.fanfiction.Boot.main(Boot.java:21)
 [1428863415]
[Fri, 08 Apr 2016 02:09:02 PDT] Processed 50 scrapes, between [14101, 14150], in 15948ms
[Fri, 08 Apr 2016 02:09:20 PDT] Processed 50 scrapes, between [14151, 14200], in 17551ms
[Fri, 08 Apr 2016 02:09:37 PDT] Processed 50 scrapes, between [14201, 14250], in 17070ms
[Fri, 08 Apr 2016 02:09:39 PDT] User message: A required element wasn't found on the page.
java.lang.IndexOutOfBoundsException: Index: 0, Size: 0
	at java.util.ArrayList.rangeCheck(Unknown Source)
	at java.util.ArrayList.get(Unknown Source)
	at me.fru1t.fanfiction.web.page.element.BookResultElement.<init>(BookResultElement.java:242)
	at me.fru1t.fanfiction.web.page.BookSearchPage.<init>(BookSearchPage.java:40)
	at me.fru1t.fanfiction.web.page.BookSearchPage.<init>(BookSearchPage.java:24)
	at me.fru1t.fanfiction.process.ExtractBooksListDataProcess.run(ExtractBooksListDataProcess.java:22)
	at me.fru1t.fanfiction.Boot.main(Boot.java:21)
 [631133208]
[Fri, 08 Apr 2016 02:09:39 PDT] User message: Skipped scrape with ID 14258 due to the following error:
java.lang.NullPointerException
	at me.fru1t.fanfiction.database.schema.Scrape.uspScrapeAddProcessedBookResultElement(Scrape.java:173)
	at me.fru1t.fanfiction.process.ExtractBooksListDataProcess.run(ExtractBooksListDataProcess.java:23)
	at me.fru1t.fanfiction.Boot.main(Boot.java:21)
 [2046666618]
[Fri, 08 Apr 2016 02:09:41 PDT] User message: Skipped scrape with ID 14263 due to the following error:
java.lang.IllegalArgumentException: String input must not be null
	at org.jsoup.helper.Validate.notNull(Validate.java:26)
	at org.jsoup.parser.TreeBuilder.initialiseParse(TreeBuilder.java:26)
	at org.jsoup.parser.TreeBuilder.parse(TreeBuilder.java:42)
	at org.jsoup.parser.HtmlTreeBuilder.parse(HtmlTreeBuilder.java:53)
	at org.jsoup.parser.Parser.parse(Parser.java:89)
	at org.jsoup.Jsoup.parse(Jsoup.java:58)
	at me.fru1t.fanfiction.web.page.BookSearchPage.<init>(BookSearchPage.java:24)
	at me.fru1t.fanfiction.process.ExtractBooksListDataProcess.run(ExtractBooksListDataProcess.java:22)
	at me.fru1t.fanfiction.Boot.main(Boot.java:21)
 [1434545745]
[Fri, 08 Apr 2016 02:09:44 PDT] User message: A required element wasn't found on the page.
java.lang.IndexOutOfBoundsException: Index: 0, Size: 0
	at java.util.ArrayList.rangeCheck(Unknown Source)
	at java.util.ArrayList.get(Unknown Source)
	at me.fru1t.fanfiction.web.page.element.BookResultElement.<init>(BookResultElement.java:242)
	at me.fru1t.fanfiction.web.page.BookSearchPage.<init>(BookSearchPage.java:40)
	at me.fru1t.fanfiction.web.page.BookSearchPage.<init>(BookSearchPage.java:24)
	at me.fru1t.fanfiction.process.ExtractBooksListDataProcess.run(ExtractBooksListDataProcess.java:22)
	at me.fru1t.fanfiction.Boot.main(Boot.java:21)
 [1160089806]
[Fri, 08 Apr 2016 02:09:44 PDT] User message: Skipped scrape with ID 14272 due to the following error:
java.lang.NullPointerException
	at me.fru1t.fanfiction.database.schema.Scrape.uspScrapeAddProcessedBookResultElement(Scrape.java:173)
	at me.fru1t.fanfiction.process.ExtractBooksListDataProcess.run(ExtractBooksListDataProcess.java:23)
	at me.fru1t.fanfiction.Boot.main(Boot.java:21)
 [393807694]
[Fri, 08 Apr 2016 02:09:54 PDT] Processed 50 scrapes, between [14251, 14300], in 17588ms
[Fri, 08 Apr 2016 02:10:12 PDT] Processed 50 scrapes, between [14301, 14350], in 17994ms
[Fri, 08 Apr 2016 02:10:31 PDT] Processed 50 scrapes, between [14351, 14400], in 18828ms
[Fri, 08 Apr 2016 02:10:49 PDT] Processed 50 scrapes, between [14401, 14450], in 17609ms
[Fri, 08 Apr 2016 02:11:03 PDT] User message: Skipped scrape with ID 14491 due to the following error:
java.lang.IllegalArgumentException: String input must not be null
	at org.jsoup.helper.Validate.notNull(Validate.java:26)
	at org.jsoup.parser.TreeBuilder.initialiseParse(TreeBuilder.java:26)
	at org.jsoup.parser.TreeBuilder.parse(TreeBuilder.java:42)
	at org.jsoup.parser.HtmlTreeBuilder.parse(HtmlTreeBuilder.java:53)
	at org.jsoup.parser.Parser.parse(Parser.java:89)
	at org.jsoup.Jsoup.parse(Jsoup.java:58)
	at me.fru1t.fanfiction.web.page.BookSearchPage.<init>(BookSearchPage.java:24)
	at me.fru1t.fanfiction.process.ExtractBooksListDataProcess.run(ExtractBooksListDataProcess.java:22)
	at me.fru1t.fanfiction.Boot.main(Boot.java:21)
 [898577958]
[Fri, 08 Apr 2016 02:11:07 PDT] Processed 50 scrapes, between [14451, 14500], in 17971ms
[Fri, 08 Apr 2016 02:11:25 PDT] Processed 50 scrapes, between [14501, 14550], in 17975ms
[Fri, 08 Apr 2016 02:11:39 PDT] User message: A required element wasn't found on the page.
java.lang.IndexOutOfBoundsException: Index: 0, Size: 0
	at java.util.ArrayList.rangeCheck(Unknown Source)
	at java.util.ArrayList.get(Unknown Source)
	at me.fru1t.fanfiction.web.page.element.BookResultElement.<init>(BookResultElement.java:242)
	at me.fru1t.fanfiction.web.page.BookSearchPage.<init>(BookSearchPage.java:40)
	at me.fru1t.fanfiction.web.page.BookSearchPage.<init>(BookSearchPage.java:24)
	at me.fru1t.fanfiction.process.ExtractBooksListDataProcess.run(ExtractBooksListDataProcess.java:22)
	at me.fru1t.fanfiction.Boot.main(Boot.java:21)
 [1225929347]
[Fri, 08 Apr 2016 02:11:39 PDT] User message: Skipped scrape with ID 14590 due to the following error:
java.lang.NullPointerException
	at me.fru1t.fanfiction.database.schema.Scrape.uspScrapeAddProcessedBookResultElement(Scrape.java:173)
	at me.fru1t.fanfiction.process.ExtractBooksListDataProcess.run(ExtractBooksListDataProcess.java:23)
	at me.fru1t.fanfiction.Boot.main(Boot.java:21)
 [890835992]
[Fri, 08 Apr 2016 02:11:42 PDT] Processed 50 scrapes, between [14551, 14600], in 17763ms
[Fri, 08 Apr 2016 02:12:00 PDT] Processed 50 scrapes, between [14601, 14650], in 17829ms
[Fri, 08 Apr 2016 02:12:19 PDT] Processed 50 scrapes, between [14651, 14700], in 18963ms
[Fri, 08 Apr 2016 02:12:37 PDT] Processed 50 scrapes, between [14701, 14750], in 17516ms
[Fri, 08 Apr 2016 02:12:55 PDT] Processed 50 scrapes, between [14751, 14800], in 18058ms
[Fri, 08 Apr 2016 02:13:13 PDT] Processed 50 scrapes, between [14801, 14850], in 18174ms
[Fri, 08 Apr 2016 02:13:31 PDT] Processed 50 scrapes, between [14851, 14900], in 18292ms
[Fri, 08 Apr 2016 02:13:48 PDT] Processed 50 scrapes, between [14901, 14950], in 17097ms
[Fri, 08 Apr 2016 02:14:05 PDT] Processed 50 scrapes, between [14951, 15000], in 17140ms
[Fri, 08 Apr 2016 02:14:23 PDT] Processed 50 scrapes, between [15001, 15050], in 17606ms
[Fri, 08 Apr 2016 02:14:40 PDT] Processed 50 scrapes, between [15051, 15100], in 17405ms
[Fri, 08 Apr 2016 02:15:00 PDT] Processed 50 scrapes, between [15101, 15150], in 19214ms
[Fri, 08 Apr 2016 02:15:18 PDT] Processed 50 scrapes, between [15151, 15200], in 18443ms
[Fri, 08 Apr 2016 02:15:37 PDT] Processed 50 scrapes, between [15201, 15250], in 18914ms
[Fri, 08 Apr 2016 02:15:56 PDT] Processed 50 scrapes, between [15251, 15300], in 18613ms
[Fri, 08 Apr 2016 02:16:14 PDT] Processed 50 scrapes, between [15301, 15350], in 18313ms
[Fri, 08 Apr 2016 02:16:32 PDT] Processed 50 scrapes, between [15351, 15400], in 17961ms
[Fri, 08 Apr 2016 02:16:50 PDT] Processed 50 scrapes, between [15401, 15450], in 18624ms
[Fri, 08 Apr 2016 02:17:09 PDT] Processed 50 scrapes, between [15451, 15500], in 18620ms
[Fri, 08 Apr 2016 02:17:27 PDT] Processed 50 scrapes, between [15501, 15550], in 18302ms
[Fri, 08 Apr 2016 02:17:46 PDT] Processed 50 scrapes, between [15551, 15600], in 18593ms
[Fri, 08 Apr 2016 02:18:05 PDT] Processed 50 scrapes, between [15601, 15650], in 19054ms
[Fri, 08 Apr 2016 02:18:23 PDT] Processed 50 scrapes, between [15651, 15700], in 18228ms
[Fri, 08 Apr 2016 02:18:42 PDT] Processed 50 scrapes, between [15701, 15750], in 18371ms
[Fri, 08 Apr 2016 02:18:59 PDT] Processed 50 scrapes, between [15751, 15800], in 17844ms
[Fri, 08 Apr 2016 02:19:18 PDT] Processed 50 scrapes, between [15801, 15850], in 18248ms
[Fri, 08 Apr 2016 02:19:37 PDT] Processed 50 scrapes, between [15851, 15900], in 18916ms
[Fri, 08 Apr 2016 02:19:55 PDT] Processed 50 scrapes, between [15901, 15950], in 18691ms
[Fri, 08 Apr 2016 02:20:13 PDT] Processed 50 scrapes, between [15951, 16000], in 17268ms
[Fri, 08 Apr 2016 02:20:30 PDT] Processed 50 scrapes, between [16001, 16050], in 17658ms
[Fri, 08 Apr 2016 02:20:48 PDT] Processed 50 scrapes, between [16051, 16100], in 18020ms
[Fri, 08 Apr 2016 02:21:07 PDT] Processed 50 scrapes, between [16101, 16150], in 18290ms
[Fri, 08 Apr 2016 02:21:25 PDT] Processed 50 scrapes, between [16151, 16200], in 18329ms
[Fri, 08 Apr 2016 02:21:43 PDT] Processed 50 scrapes, between [16201, 16250], in 17803ms
[Fri, 08 Apr 2016 02:22:01 PDT] Processed 50 scrapes, between [16251, 16300], in 18449ms
[Fri, 08 Apr 2016 02:22:19 PDT] Processed 50 scrapes, between [16301, 16350], in 17940ms
[Fri, 08 Apr 2016 02:22:37 PDT] Processed 50 scrapes, between [16351, 16400], in 18346ms
[Fri, 08 Apr 2016 02:22:57 PDT] Processed 50 scrapes, between [16401, 16450], in 19520ms
[Fri, 08 Apr 2016 02:23:16 PDT] Processed 50 scrapes, between [16451, 16500], in 18818ms
[Fri, 08 Apr 2016 02:23:34 PDT] Processed 50 scrapes, between [16501, 16550], in 18333ms
[Fri, 08 Apr 2016 02:23:52 PDT] Processed 50 scrapes, between [16551, 16600], in 18309ms
[Fri, 08 Apr 2016 02:24:10 PDT] Processed 50 scrapes, between [16601, 16650], in 17850ms
[Fri, 08 Apr 2016 02:24:28 PDT] Processed 50 scrapes, between [16651, 16700], in 17444ms
[Fri, 08 Apr 2016 02:24:46 PDT] Processed 50 scrapes, between [16701, 16750], in 17841ms
[Fri, 08 Apr 2016 02:25:03 PDT] Processed 50 scrapes, between [16751, 16800], in 17903ms
[Fri, 08 Apr 2016 02:25:22 PDT] Processed 50 scrapes, between [16801, 16850], in 18129ms
[Fri, 08 Apr 2016 02:25:40 PDT] Processed 50 scrapes, between [16851, 16900], in 18050ms
[Fri, 08 Apr 2016 02:25:51 PDT] User message: Skipped scrape with ID 16932 due to the following error:
java.lang.IllegalArgumentException: String input must not be null
	at org.jsoup.helper.Validate.notNull(Validate.java:26)
	at org.jsoup.parser.TreeBuilder.initialiseParse(TreeBuilder.java:26)
	at org.jsoup.parser.TreeBuilder.parse(TreeBuilder.java:42)
	at org.jsoup.parser.HtmlTreeBuilder.parse(HtmlTreeBuilder.java:53)
	at org.jsoup.parser.Parser.parse(Parser.java:89)
	at org.jsoup.Jsoup.parse(Jsoup.java:58)
	at me.fru1t.fanfiction.web.page.BookSearchPage.<init>(BookSearchPage.java:24)
	at me.fru1t.fanfiction.process.ExtractBooksListDataProcess.run(ExtractBooksListDataProcess.java:22)
	at me.fru1t.fanfiction.Boot.main(Boot.java:21)
 [1554542622]
[Fri, 08 Apr 2016 02:25:57 PDT] Processed 50 scrapes, between [16901, 16950], in 17423ms
[Fri, 08 Apr 2016 02:26:05 PDT] User message: Skipped scrape with ID 16974 due to the following error:
java.lang.IllegalArgumentException: String input must not be null
	at org.jsoup.helper.Validate.notNull(Validate.java:26)
	at org.jsoup.parser.TreeBuilder.initialiseParse(TreeBuilder.java:26)
	at org.jsoup.parser.TreeBuilder.parse(TreeBuilder.java:42)
	at org.jsoup.parser.HtmlTreeBuilder.parse(HtmlTreeBuilder.java:53)
	at org.jsoup.parser.Parser.parse(Parser.java:89)
	at org.jsoup.Jsoup.parse(Jsoup.java:58)
	at me.fru1t.fanfiction.web.page.BookSearchPage.<init>(BookSearchPage.java:24)
	at me.fru1t.fanfiction.process.ExtractBooksListDataProcess.run(ExtractBooksListDataProcess.java:22)
	at me.fru1t.fanfiction.Boot.main(Boot.java:21)
 [330828765]
[Fri, 08 Apr 2016 02:26:15 PDT] Processed 50 scrapes, between [16951, 17000], in 17603ms
[Fri, 08 Apr 2016 02:26:32 PDT] Processed 50 scrapes, between [17001, 17050], in 17299ms
[Fri, 08 Apr 2016 02:26:50 PDT] Processed 50 scrapes, between [17051, 17100], in 17633ms
[Fri, 08 Apr 2016 02:27:07 PDT] Processed 50 scrapes, between [17101, 17150], in 17700ms
[Fri, 08 Apr 2016 02:27:24 PDT] Processed 50 scrapes, between [17151, 17200], in 17170ms
[Fri, 08 Apr 2016 02:27:42 PDT] Processed 50 scrapes, between [17201, 17250], in 17469ms
[Fri, 08 Apr 2016 02:27:59 PDT] Processed 50 scrapes, between [17251, 17300], in 16643ms
[Fri, 08 Apr 2016 02:28:15 PDT] Processed 50 scrapes, between [17301, 17350], in 16390ms
[Fri, 08 Apr 2016 02:28:32 PDT] Processed 50 scrapes, between [17351, 17400], in 16677ms
[Fri, 08 Apr 2016 02:28:49 PDT] Processed 50 scrapes, between [17401, 17450], in 17161ms
[Fri, 08 Apr 2016 02:29:05 PDT] Processed 50 scrapes, between [17451, 17500], in 16551ms
[Fri, 08 Apr 2016 02:29:17 PDT] User message: A required element wasn't found on the page.
java.lang.IndexOutOfBoundsException: Index: 0, Size: 0
	at java.util.ArrayList.rangeCheck(Unknown Source)
	at java.util.ArrayList.get(Unknown Source)
	at me.fru1t.fanfiction.web.page.element.BookResultElement.<init>(BookResultElement.java:242)
	at me.fru1t.fanfiction.web.page.BookSearchPage.<init>(BookSearchPage.java:40)
	at me.fru1t.fanfiction.web.page.BookSearchPage.<init>(BookSearchPage.java:24)
	at me.fru1t.fanfiction.process.ExtractBooksListDataProcess.run(ExtractBooksListDataProcess.java:22)
	at me.fru1t.fanfiction.Boot.main(Boot.java:21)
 [1657003667]
[Fri, 08 Apr 2016 02:29:17 PDT] User message: Skipped scrape with ID 17538 due to the following error:
java.lang.NullPointerException
 [868668090]
[Fri, 08 Apr 2016 02:29:21 PDT] Processed 50 scrapes, between [17501, 17550], in 15477ms
[Fri, 08 Apr 2016 02:29:23 PDT] User message: A required element wasn't found on the page.
java.lang.IndexOutOfBoundsException: Index: 0, Size: 0
	at java.util.ArrayList.rangeCheck(Unknown Source)
	at java.util.ArrayList.get(Unknown Source)
	at me.fru1t.fanfiction.web.page.element.BookResultElement.<init>(BookResultElement.java:242)
	at me.fru1t.fanfiction.web.page.BookSearchPage.<init>(BookSearchPage.java:40)
	at me.fru1t.fanfiction.web.page.BookSearchPage.<init>(BookSearchPage.java:24)
	at me.fru1t.fanfiction.process.ExtractBooksListDataProcess.run(ExtractBooksListDataProcess.java:22)
	at me.fru1t.fanfiction.Boot.main(Boot.java:21)
 [901770879]
[Fri, 08 Apr 2016 02:29:23 PDT] User message: Skipped scrape with ID 17557 due to the following error:
java.lang.NullPointerException
 [1194485712]
[Fri, 08 Apr 2016 02:29:23 PDT] User message: A required element wasn't found on the page.
java.lang.IndexOutOfBoundsException: Index: 0, Size: 0
	at java.util.ArrayList.rangeCheck(Unknown Source)
	at java.util.ArrayList.get(Unknown Source)
	at me.fru1t.fanfiction.web.page.element.BookResultElement.<init>(BookResultElement.java:242)
	at me.fru1t.fanfiction.web.page.BookSearchPage.<init>(BookSearchPage.java:40)
	at me.fru1t.fanfiction.web.page.BookSearchPage.<init>(BookSearchPage.java:24)
	at me.fru1t.fanfiction.process.ExtractBooksListDataProcess.run(ExtractBooksListDataProcess.java:22)
	at me.fru1t.fanfiction.Boot.main(Boot.java:21)
 [1047244117]
[Fri, 08 Apr 2016 02:29:23 PDT] User message: A required element wasn't found on the page.
java.lang.IndexOutOfBoundsException: Index: 0, Size: 0
	at java.util.ArrayList.rangeCheck(Unknown Source)
	at java.util.ArrayList.get(Unknown Source)
	at me.fru1t.fanfiction.web.page.element.BookResultElement.<init>(BookResultElement.java:242)
	at me.fru1t.fanfiction.web.page.BookSearchPage.<init>(BookSearchPage.java:40)
	at me.fru1t.fanfiction.web.page.BookSearchPage.<init>(BookSearchPage.java:24)
	at me.fru1t.fanfiction.process.ExtractBooksListDataProcess.run(ExtractBooksListDataProcess.java:22)
	at me.fru1t.fanfiction.Boot.main(Boot.java:21)
 [1993864661]
[Fri, 08 Apr 2016 02:29:23 PDT] User message: Skipped scrape with ID 17559 due to the following error:
java.lang.NullPointerException
 [18076849]
[Fri, 08 Apr 2016 02:29:23 PDT] User message: A required element wasn't found on the page.
java.lang.IndexOutOfBoundsException: Index: 0, Size: 0
	at java.util.ArrayList.rangeCheck(Unknown Source)
	at java.util.ArrayList.get(Unknown Source)
	at me.fru1t.fanfiction.web.page.element.BookResultElement.<init>(BookResultElement.java:242)
	at me.fru1t.fanfiction.web.page.BookSearchPage.<init>(BookSearchPage.java:40)
	at me.fru1t.fanfiction.web.page.BookSearchPage.<init>(BookSearchPage.java:24)
	at me.fru1t.fanfiction.process.ExtractBooksListDataProcess.run(ExtractBooksListDataProcess.java:22)
	at me.fru1t.fanfiction.Boot.main(Boot.java:21)
 [185376631]
[Fri, 08 Apr 2016 02:29:23 PDT] User message: Skipped scrape with ID 17560 due to the following error:
java.lang.NullPointerException
 [1408758978]
[Fri, 08 Apr 2016 02:29:25 PDT] User message: A required element wasn't found on the page.
java.lang.IndexOutOfBoundsException: Index: 0, Size: 0
	at java.util.ArrayList.rangeCheck(Unknown Source)
	at java.util.ArrayList.get(Unknown Source)
	at me.fru1t.fanfiction.web.page.element.BookResultElement.<init>(BookResultElement.java:242)
	at me.fru1t.fanfiction.web.page.BookSearchPage.<init>(BookSearchPage.java:40)
	at me.fru1t.fanfiction.web.page.BookSearchPage.<init>(BookSearchPage.java:24)
	at me.fru1t.fanfiction.process.ExtractBooksListDataProcess.run(ExtractBooksListDataProcess.java:22)
	at me.fru1t.fanfiction.Boot.main(Boot.java:21)
 [739105514]
[Fri, 08 Apr 2016 02:29:25 PDT] User message: Skipped scrape with ID 17568 due to the following error:
java.lang.NullPointerException
 [1169107482]
[Fri, 08 Apr 2016 02:29:26 PDT] User message: A required element wasn't found on the page.
java.lang.IndexOutOfBoundsException: Index: 0, Size: 0
	at java.util.ArrayList.rangeCheck(Unknown Source)
	at java.util.ArrayList.get(Unknown Source)
	at me.fru1t.fanfiction.web.page.element.BookResultElement.<init>(BookResultElement.java:242)
	at me.fru1t.fanfiction.web.page.BookSearchPage.<init>(BookSearchPage.java:40)
	at me.fru1t.fanfiction.web.page.BookSearchPage.<init>(BookSearchPage.java:24)
	at me.fru1t.fanfiction.process.ExtractBooksListDataProcess.run(ExtractBooksListDataProcess.java:22)
	at me.fru1t.fanfiction.Boot.main(Boot.java:21)
 [1394678980]
[Fri, 08 Apr 2016 02:29:26 PDT] User message: Skipped scrape with ID 17575 due to the following error:
java.lang.NullPointerException
 [1620438514]
[Fri, 08 Apr 2016 02:29:32 PDT] Processed 50 scrapes, between [17551, 17600], in 11517ms
[Fri, 08 Apr 2016 02:29:42 PDT] User message: Skipped scrape with ID 17643 due to the following error:
java.lang.IllegalArgumentException: String input must not be null
	at org.jsoup.helper.Validate.notNull(Validate.java:26)
	at org.jsoup.parser.TreeBuilder.initialiseParse(TreeBuilder.java:26)
	at org.jsoup.parser.TreeBuilder.parse(TreeBuilder.java:42)
	at org.jsoup.parser.HtmlTreeBuilder.parse(HtmlTreeBuilder.java:53)
	at org.jsoup.parser.Parser.parse(Parser.java:89)
	at org.jsoup.Jsoup.parse(Jsoup.java:58)
	at me.fru1t.fanfiction.web.page.BookSearchPage.<init>(BookSearchPage.java:24)
	at me.fru1t.fanfiction.process.ExtractBooksListDataProcess.run(ExtractBooksListDataProcess.java:22)
	at me.fru1t.fanfiction.Boot.main(Boot.java:21)
 [731100614]
[Fri, 08 Apr 2016 02:29:44 PDT] Processed 50 scrapes, between [17601, 17650], in 11680ms
[Fri, 08 Apr 2016 02:29:48 PDT] User message: Skipped scrape with ID 17666 due to the following error:
java.lang.IllegalArgumentException: String input must not be null
	at org.jsoup.helper.Validate.notNull(Validate.java:26)
	at org.jsoup.parser.TreeBuilder.initialiseParse(TreeBuilder.java:26)
	at org.jsoup.parser.TreeBuilder.parse(TreeBuilder.java:42)
	at org.jsoup.parser.HtmlTreeBuilder.parse(HtmlTreeBuilder.java:53)
	at org.jsoup.parser.Parser.parse(Parser.java:89)
	at org.jsoup.Jsoup.parse(Jsoup.java:58)
	at me.fru1t.fanfiction.web.page.BookSearchPage.<init>(BookSearchPage.java:24)
	at me.fru1t.fanfiction.process.ExtractBooksListDataProcess.run(ExtractBooksListDataProcess.java:22)
	at me.fru1t.fanfiction.Boot.main(Boot.java:21)
 [1596307695]
[Fri, 08 Apr 2016 02:29:56 PDT] Processed 50 scrapes, between [17651, 17700], in 11804ms
[Fri, 08 Apr 2016 02:30:07 PDT] Processed 50 scrapes, between [17701, 17750], in 11031ms
[Fri, 08 Apr 2016 02:30:17 PDT] Processed 50 scrapes, between [17751, 17800], in 9745ms
[Fri, 08 Apr 2016 02:30:26 PDT] Processed 50 scrapes, between [17801, 17850], in 9080ms
[Fri, 08 Apr 2016 02:30:35 PDT] User message: Skipped scrape with ID 17900 due to the following error:
java.lang.IllegalArgumentException: String input must not be null
	at org.jsoup.helper.Validate.notNull(Validate.java:26)
	at org.jsoup.parser.TreeBuilder.initialiseParse(TreeBuilder.java:26)
	at org.jsoup.parser.TreeBuilder.parse(TreeBuilder.java:42)
	at org.jsoup.parser.HtmlTreeBuilder.parse(HtmlTreeBuilder.java:53)
	at org.jsoup.parser.Parser.parse(Parser.java:89)
	at org.jsoup.Jsoup.parse(Jsoup.java:58)
	at me.fru1t.fanfiction.web.page.BookSearchPage.<init>(BookSearchPage.java:24)
	at me.fru1t.fanfiction.process.ExtractBooksListDataProcess.run(ExtractBooksListDataProcess.java:22)
	at me.fru1t.fanfiction.Boot.main(Boot.java:21)
 [297264109]
[Fri, 08 Apr 2016 02:30:35 PDT] Processed 50 scrapes, between [17851, 17900], in 8838ms
[Fri, 08 Apr 2016 02:30:43 PDT] Processed 50 scrapes, between [17901, 17950], in 8893ms
[Fri, 08 Apr 2016 02:30:51 PDT] Processed 46 scrapes, between [17951, 17996], in 7223ms
